<?xml version="1.0" encoding="UTF-8"?>
<testsuite xmlns:xsi="http://www.w3.org/2001/XMLSchema-instance" xsi:schemaLocation="https://maven.apache.org/surefire/maven-surefire-plugin/xsd/surefire-test-report.xsd" name="org.apache.jena.sparql.graph.TS_Graph" time="0.179" tests="81" errors="0" skipped="0" failures="0">
  <properties>
    <property name="java.runtime.name" value="Java(TM) SE Runtime Environment"/>
    <property name="sun.boot.library.path" value="/Library/Java/JavaVirtualMachines/jdk1.8.0_102.jdk/Contents/Home/jre/lib"/>
    <property name="java.vm.version" value="25.102-b14"/>
    <property name="user.country.format" value="FR"/>
    <property name="gopherProxySet" value="false"/>
    <property name="java.vm.vendor" value="Oracle Corporation"/>
    <property name="java.vendor.url" value="http://java.oracle.com/"/>
    <property name="path.separator" value=":"/>
    <property name="guice.disable.misplaced.annotation.check" value="true"/>
    <property name="java.vm.name" value="Java HotSpot(TM) 64-Bit Server VM"/>
    <property name="file.encoding.pkg" value="sun.io"/>
    <property name="user.country" value="US"/>
    <property name="sun.java.launcher" value="SUN_STANDARD"/>
    <property name="sun.os.patch.level" value="unknown"/>
    <property name="java.vm.specification.name" value="Java Virtual Machine Specification"/>
    <property name="user.dir" value="/Users/Sejal/Desktop/Internship/jena-3.3.0/jena-arq"/>
    <property name="java.runtime.version" value="1.8.0_102-b14"/>
    <property name="java.awt.graphicsenv" value="sun.awt.CGraphicsEnvironment"/>
    <property name="java.endorsed.dirs" value="/Library/Java/JavaVirtualMachines/jdk1.8.0_102.jdk/Contents/Home/jre/lib/endorsed"/>
    <property name="os.arch" value="x86_64"/>
    <property name="java.io.tmpdir" value="/var/folders/wy/dyqvnk8n7tsdv7bhf0vwwdl00000gn/T/"/>
    <property name="line.separator" value="&#10;"/>
    <property name="java.vm.specification.vendor" value="Oracle Corporation"/>
    <property name="os.name" value="Mac OS X"/>
    <property name="maven.ext.class.path" value="/Applications/NetBeans/NetBeans 8.2.app/Contents/Resources/NetBeans/java/maven-nblib/netbeans-eventspy.jar"/>
    <property name="classworlds.conf" value="/Applications/NetBeans/NetBeans 8.2.app/Contents/Resources/NetBeans/java/maven/bin/m2.conf"/>
    <property name="sun.jnu.encoding" value="UTF-8"/>
    <property name="java.library.path" value="/Users/Sejal/Library/Java/Extensions:/Library/Java/Extensions:/Network/Library/Java/Extensions:/System/Library/Java/Extensions:/usr/lib/java:."/>
    <property name="java.specification.name" value="Java Platform API Specification"/>
    <property name="java.class.version" value="52.0"/>
    <property name="sun.management.compiler" value="HotSpot 64-Bit Tiered Compilers"/>
    <property name="os.version" value="10.12.3"/>
    <property name="http.nonProxyHosts" value="local|*.local|169.254/16|*.169.254/16"/>
    <property name="user.home" value="/Users/Sejal"/>
    <property name="user.timezone" value="Europe/Paris"/>
    <property name="java.awt.printerjob" value="sun.lwawt.macosx.CPrinterJob"/>
    <property name="java.specification.version" value="1.8"/>
    <property name="file.encoding" value="UTF-8"/>
    <property name="user.name" value="Sejal"/>
    <property name="java.class.path" value="/Applications/NetBeans/NetBeans 8.2.app/Contents/Resources/NetBeans/java/maven/boot/plexus-classworlds-2.4.jar"/>
    <property name="java.vm.specification.version" value="1.8"/>
    <property name="sun.arch.data.model" value="64"/>
    <property name="java.home" value="/Library/Java/JavaVirtualMachines/jdk1.8.0_102.jdk/Contents/Home/jre"/>
    <property name="sun.java.command" value="org.codehaus.plexus.classworlds.launcher.Launcher -Dmaven.ext.class.path=/Applications/NetBeans/NetBeans 8.2.app/Contents/Resources/NetBeans/java/maven-nblib/netbeans-eventspy.jar clean install"/>
    <property name="java.specification.vendor" value="Oracle Corporation"/>
    <property name="user.language" value="en"/>
    <property name="awt.toolkit" value="sun.lwawt.macosx.LWCToolkit"/>
    <property name="java.vm.info" value="mixed mode"/>
    <property name="java.version" value="1.8.0_102"/>
    <property name="java.ext.dirs" value="/Users/Sejal/Library/Java/Extensions:/Library/Java/JavaVirtualMachines/jdk1.8.0_102.jdk/Contents/Home/jre/lib/ext:/Library/Java/Extensions:/Network/Library/Java/Extensions:/System/Library/Java/Extensions:/usr/lib/java"/>
    <property name="sun.boot.class.path" value="/Library/Java/JavaVirtualMachines/jdk1.8.0_102.jdk/Contents/Home/jre/lib/resources.jar:/Library/Java/JavaVirtualMachines/jdk1.8.0_102.jdk/Contents/Home/jre/lib/rt.jar:/Library/Java/JavaVirtualMachines/jdk1.8.0_102.jdk/Contents/Home/jre/lib/sunrsasign.jar:/Library/Java/JavaVirtualMachines/jdk1.8.0_102.jdk/Contents/Home/jre/lib/jsse.jar:/Library/Java/JavaVirtualMachines/jdk1.8.0_102.jdk/Contents/Home/jre/lib/jce.jar:/Library/Java/JavaVirtualMachines/jdk1.8.0_102.jdk/Contents/Home/jre/lib/charsets.jar:/Library/Java/JavaVirtualMachines/jdk1.8.0_102.jdk/Contents/Home/jre/lib/jfr.jar:/Library/Java/JavaVirtualMachines/jdk1.8.0_102.jdk/Contents/Home/jre/classes"/>
    <property name="java.vendor" value="Oracle Corporation"/>
    <property name="maven.home" value="/Applications/NetBeans/NetBeans 8.2.app/Contents/Resources/NetBeans/java/maven"/>
    <property name="file.separator" value="/"/>
    <property name="java.vendor.url.bug" value="http://bugreport.sun.com/bugreport/"/>
    <property name="sun.cpu.endian" value="little"/>
    <property name="sun.io.unicode.encoding" value="UnicodeBig"/>
    <property name="socksNonProxyHosts" value="local|*.local|169.254/16|*.169.254/16"/>
    <property name="ftp.nonProxyHosts" value="local|*.local|169.254/16|*.169.254/16"/>
    <property name="sun.cpu.isalist" value=""/>
  </properties>
  <testcase name="from_and_graph_uri_exists[0: General]" classname="org.apache.jena.sparql.graph.TestDatasets" time="0.044"/>
  <testcase name="graph_uri_exists[0: General]" classname="org.apache.jena.sparql.graph.TestDatasets" time="0.001"/>
  <testcase name="graph_var[0: General]" classname="org.apache.jena.sparql.graph.TestDatasets" time="0.001"/>
  <testcase name="named_graph_uri_exists[0: General]" classname="org.apache.jena.sparql.graph.TestDatasets" time="0.001"/>
  <testcase name="named_graph_uri_missing[0: General]" classname="org.apache.jena.sparql.graph.TestDatasets" time="0.001"/>
  <testcase name="from_and_graph_uri_missing[0: General]" classname="org.apache.jena.sparql.graph.TestDatasets" time="0"/>
  <testcase name="from_and_named_and_graph_uri_missing[0: General]" classname="org.apache.jena.sparql.graph.TestDatasets" time="0.001"/>
  <testcase name="graph_uri_missing[0: General]" classname="org.apache.jena.sparql.graph.TestDatasets" time="0.001"/>
  <testcase name="from[0: General]" classname="org.apache.jena.sparql.graph.TestDatasets" time="0.002"/>
  <testcase name="named_graphs_var[0: General]" classname="org.apache.jena.sparql.graph.TestDatasets" time="0.001"/>
  <testcase name="from_and_named_and_graph_uri_exists[0: General]" classname="org.apache.jena.sparql.graph.TestDatasets" time="0.001"/>
  <testcase name="no_dataset[0: General]" classname="org.apache.jena.sparql.graph.TestDatasets" time="0.001"/>
  <testcase name="from_and_named_and_graph_var[0: General]" classname="org.apache.jena.sparql.graph.TestDatasets" time="0.001"/>
  <testcase name="from_and_named_and_graphs_var[0: General]" classname="org.apache.jena.sparql.graph.TestDatasets" time="0.001"/>
  <testcase name="named_graph_var[0: General]" classname="org.apache.jena.sparql.graph.TestDatasets" time="0.001"/>
  <testcase name="from_and_graph_var[0: General]" classname="org.apache.jena.sparql.graph.TestDatasets" time="0.001"/>
  <testcase name="from_and_named_and_graph_uri_exists_not_in_list[0: General]" classname="org.apache.jena.sparql.graph.TestDatasets" time="0.001"/>
  <testcase name="from_and_graph_uri_exists[1: TxnMem]" classname="org.apache.jena.sparql.graph.TestDatasets" time="0.001"/>
  <testcase name="graph_uri_exists[1: TxnMem]" classname="org.apache.jena.sparql.graph.TestDatasets" time="0.001"/>
  <testcase name="graph_var[1: TxnMem]" classname="org.apache.jena.sparql.graph.TestDatasets" time="0.002"/>
  <testcase name="named_graph_uri_exists[1: TxnMem]" classname="org.apache.jena.sparql.graph.TestDatasets" time="0.001"/>
  <testcase name="named_graph_uri_missing[1: TxnMem]" classname="org.apache.jena.sparql.graph.TestDatasets" time="0.001"/>
  <testcase name="from_and_graph_uri_missing[1: TxnMem]" classname="org.apache.jena.sparql.graph.TestDatasets" time="0.001"/>
  <testcase name="from_and_named_and_graph_uri_missing[1: TxnMem]" classname="org.apache.jena.sparql.graph.TestDatasets" time="0.001"/>
  <testcase name="graph_uri_missing[1: TxnMem]" classname="org.apache.jena.sparql.graph.TestDatasets" time="0.001"/>
  <testcase name="from[1: TxnMem]" classname="org.apache.jena.sparql.graph.TestDatasets" time="0.001"/>
  <testcase name="named_graphs_var[1: TxnMem]" classname="org.apache.jena.sparql.graph.TestDatasets" time="0.001"/>
  <testcase name="from_and_named_and_graph_uri_exists[1: TxnMem]" classname="org.apache.jena.sparql.graph.TestDatasets" time="0.001"/>
  <testcase name="no_dataset[1: TxnMem]" classname="org.apache.jena.sparql.graph.TestDatasets" time="0.001"/>
  <testcase name="from_and_named_and_graph_var[1: TxnMem]" classname="org.apache.jena.sparql.graph.TestDatasets" time="0.001"/>
  <testcase name="from_and_named_and_graphs_var[1: TxnMem]" classname="org.apache.jena.sparql.graph.TestDatasets" time="0.001"/>
  <testcase name="named_graph_var[1: TxnMem]" classname="org.apache.jena.sparql.graph.TestDatasets" time="0.001"/>
  <testcase name="from_and_graph_var[1: TxnMem]" classname="org.apache.jena.sparql.graph.TestDatasets" time="0.001"/>
  <testcase name="from_and_named_and_graph_uri_exists_not_in_list[1: TxnMem]" classname="org.apache.jena.sparql.graph.TestDatasets" time="0.001"/>
  <testcase name="graph_api4" classname="org.apache.jena.sparql.graph.TestGraphsMem" time="0"/>
  <testcase name="graph_api5" classname="org.apache.jena.sparql.graph.TestGraphsMem" time="0"/>
  <testcase name="graph_api6" classname="org.apache.jena.sparql.graph.TestGraphsMem" time="0"/>
  <testcase name="graph4" classname="org.apache.jena.sparql.graph.TestGraphsMem" time="0"/>
  <testcase name="graph5" classname="org.apache.jena.sparql.graph.TestGraphsMem" time="0"/>
  <testcase name="graph6" classname="org.apache.jena.sparql.graph.TestGraphsMem" time="0"/>
  <testcase name="graph_count4" classname="org.apache.jena.sparql.graph.TestGraphsMem" time="0"/>
  <testcase name="graph_count5" classname="org.apache.jena.sparql.graph.TestGraphsMem" time="0"/>
  <testcase name="graph_count6" classname="org.apache.jena.sparql.graph.TestGraphsMem" time="0"/>
  <testcase name="graph_api1" classname="org.apache.jena.sparql.graph.TestGraphsMem" time="0.001"/>
  <testcase name="graph_api2" classname="org.apache.jena.sparql.graph.TestGraphsMem" time="0"/>
  <testcase name="graph_api3" classname="org.apache.jena.sparql.graph.TestGraphsMem" time="0"/>
  <testcase name="graph1" classname="org.apache.jena.sparql.graph.TestGraphsMem" time="0.001"/>
  <testcase name="graph2" classname="org.apache.jena.sparql.graph.TestGraphsMem" time="0.001"/>
  <testcase name="graph3" classname="org.apache.jena.sparql.graph.TestGraphsMem" time="0"/>
  <testcase name="graph_count1" classname="org.apache.jena.sparql.graph.TestGraphsMem" time="0"/>
  <testcase name="graph_count2" classname="org.apache.jena.sparql.graph.TestGraphsMem" time="0"/>
  <testcase name="graph_count3" classname="org.apache.jena.sparql.graph.TestGraphsMem" time="0.001"/>
  <testcase name="graph_count7" classname="org.apache.jena.sparql.graph.TestGraphsMem" time="0"/>
  <testcase name="deleteAny_01" classname="org.apache.jena.sparql.graph.TestDatasetGraphMem" time="0"/>
  <testcase name="deleteAny_02" classname="org.apache.jena.sparql.graph.TestDatasetGraphMem" time="0"/>
  <testcase name="find_01" classname="org.apache.jena.sparql.graph.TestDatasetGraphMem" time="0"/>
  <testcase name="graph_00" classname="org.apache.jena.sparql.graph.TestDatasetGraphMem" time="0"/>
  <testcase name="graph_01" classname="org.apache.jena.sparql.graph.TestDatasetGraphMem" time="0.001"/>
  <testcase name="graph_02" classname="org.apache.jena.sparql.graph.TestDatasetGraphMem" time="0"/>
  <testcase name="graph_03" classname="org.apache.jena.sparql.graph.TestDatasetGraphMem" time="0"/>
  <testcase name="quad_01" classname="org.apache.jena.sparql.graph.TestDatasetGraphMem" time="0"/>
  <testcase name="quad_02" classname="org.apache.jena.sparql.graph.TestDatasetGraphMem" time="0"/>
  <testcase name="quad_03" classname="org.apache.jena.sparql.graph.TestDatasetGraphMem" time="0"/>
  <testcase name="quad_04" classname="org.apache.jena.sparql.graph.TestDatasetGraphMem" time="0"/>
  <testcase name="quad_05" classname="org.apache.jena.sparql.graph.TestDatasetGraphMem" time="0.001"/>
  <testcase name="clear_01" classname="org.apache.jena.sparql.graph.TestDatasetGraphMem" time="0"/>
  <testcase name="create_1" classname="org.apache.jena.sparql.graph.TestDatasetGraphMem" time="0"/>
  <testcase name="empty_0" classname="org.apache.jena.sparql.graph.TestGraphsDataBag" time="0.068"/>
  <testcase name="removeAll_1" classname="org.apache.jena.sparql.graph.TestGraphsDataBag" time="0"/>
  <testcase name="complexQuery_1" classname="org.apache.jena.sparql.graph.TestGraphsDataBag" time="0.001"/>
  <testcase name="complexQuery_2" classname="org.apache.jena.sparql.graph.TestGraphsDataBag" time="0.005"/>
  <testcase name="add_1" classname="org.apache.jena.sparql.graph.TestGraphsDataBag" time="0"/>
  <testcase name="add_2" classname="org.apache.jena.sparql.graph.TestGraphsDataBag" time="0"/>
  <testcase name="add_3" classname="org.apache.jena.sparql.graph.TestGraphsDataBag" time="0"/>
  <testcase name="delete_1" classname="org.apache.jena.sparql.graph.TestGraphsDataBag" time="0"/>
  <testcase name="gr_union_01" classname="org.apache.jena.sparql.graph.TestGraphUnionRead" time="0"/>
  <testcase name="gr_union_02" classname="org.apache.jena.sparql.graph.TestGraphUnionRead" time="0"/>
  <testcase name="gr_union_03" classname="org.apache.jena.sparql.graph.TestGraphUnionRead" time="0"/>
  <testcase name="gr_union_04" classname="org.apache.jena.sparql.graph.TestGraphUnionRead" time="0"/>
  <testcase name="gr_union_05" classname="org.apache.jena.sparql.graph.TestGraphUnionRead" time="0"/>
  <testcase name="gr_union_06" classname="org.apache.jena.sparql.graph.TestGraphUnionRead" time="0.001"/>
</testsuite>