<?xml version="1.0" encoding="UTF-8"?>
<testsuite xmlns:xsi="http://www.w3.org/2001/XMLSchema-instance" xsi:schemaLocation="https://maven.apache.org/surefire/maven-surefire-plugin/xsd/surefire-test-report.xsd" name="org.apache.jena.sparql.core.mem.TS_DatasetTxnMem" time="3.532" tests="142" errors="0" skipped="0" failures="0">
  <properties>
    <property name="java.runtime.name" value="Java(TM) SE Runtime Environment"/>
    <property name="sun.boot.library.path" value="/Library/Java/JavaVirtualMachines/jdk1.8.0_102.jdk/Contents/Home/jre/lib"/>
    <property name="java.vm.version" value="25.102-b14"/>
    <property name="user.country.format" value="FR"/>
    <property name="gopherProxySet" value="false"/>
    <property name="java.vm.vendor" value="Oracle Corporation"/>
    <property name="java.vendor.url" value="http://java.oracle.com/"/>
    <property name="path.separator" value=":"/>
    <property name="guice.disable.misplaced.annotation.check" value="true"/>
    <property name="java.vm.name" value="Java HotSpot(TM) 64-Bit Server VM"/>
    <property name="file.encoding.pkg" value="sun.io"/>
    <property name="user.country" value="US"/>
    <property name="sun.java.launcher" value="SUN_STANDARD"/>
    <property name="sun.os.patch.level" value="unknown"/>
    <property name="java.vm.specification.name" value="Java Virtual Machine Specification"/>
    <property name="user.dir" value="/Users/Sejal/Desktop/Internship/jena-3.3.0/jena-arq"/>
    <property name="java.runtime.version" value="1.8.0_102-b14"/>
    <property name="java.awt.graphicsenv" value="sun.awt.CGraphicsEnvironment"/>
    <property name="java.endorsed.dirs" value="/Library/Java/JavaVirtualMachines/jdk1.8.0_102.jdk/Contents/Home/jre/lib/endorsed"/>
    <property name="os.arch" value="x86_64"/>
    <property name="java.io.tmpdir" value="/var/folders/wy/dyqvnk8n7tsdv7bhf0vwwdl00000gn/T/"/>
    <property name="line.separator" value="&#10;"/>
    <property name="java.vm.specification.vendor" value="Oracle Corporation"/>
    <property name="os.name" value="Mac OS X"/>
    <property name="maven.ext.class.path" value="/Applications/NetBeans/NetBeans 8.2.app/Contents/Resources/NetBeans/java/maven-nblib/netbeans-eventspy.jar"/>
    <property name="classworlds.conf" value="/Applications/NetBeans/NetBeans 8.2.app/Contents/Resources/NetBeans/java/maven/bin/m2.conf"/>
    <property name="sun.jnu.encoding" value="UTF-8"/>
    <property name="java.library.path" value="/Users/Sejal/Library/Java/Extensions:/Library/Java/Extensions:/Network/Library/Java/Extensions:/System/Library/Java/Extensions:/usr/lib/java:."/>
    <property name="java.specification.name" value="Java Platform API Specification"/>
    <property name="java.class.version" value="52.0"/>
    <property name="sun.management.compiler" value="HotSpot 64-Bit Tiered Compilers"/>
    <property name="os.version" value="10.12.3"/>
    <property name="http.nonProxyHosts" value="local|*.local|169.254/16|*.169.254/16"/>
    <property name="user.home" value="/Users/Sejal"/>
    <property name="user.timezone" value="Europe/Paris"/>
    <property name="java.awt.printerjob" value="sun.lwawt.macosx.CPrinterJob"/>
    <property name="java.specification.version" value="1.8"/>
    <property name="file.encoding" value="UTF-8"/>
    <property name="user.name" value="Sejal"/>
    <property name="java.class.path" value="/Applications/NetBeans/NetBeans 8.2.app/Contents/Resources/NetBeans/java/maven/boot/plexus-classworlds-2.4.jar"/>
    <property name="java.vm.specification.version" value="1.8"/>
    <property name="sun.arch.data.model" value="64"/>
    <property name="java.home" value="/Library/Java/JavaVirtualMachines/jdk1.8.0_102.jdk/Contents/Home/jre"/>
    <property name="sun.java.command" value="org.codehaus.plexus.classworlds.launcher.Launcher -Dmaven.ext.class.path=/Applications/NetBeans/NetBeans 8.2.app/Contents/Resources/NetBeans/java/maven-nblib/netbeans-eventspy.jar clean install"/>
    <property name="java.specification.vendor" value="Oracle Corporation"/>
    <property name="user.language" value="en"/>
    <property name="awt.toolkit" value="sun.lwawt.macosx.LWCToolkit"/>
    <property name="java.vm.info" value="mixed mode"/>
    <property name="java.version" value="1.8.0_102"/>
    <property name="java.ext.dirs" value="/Users/Sejal/Library/Java/Extensions:/Library/Java/JavaVirtualMachines/jdk1.8.0_102.jdk/Contents/Home/jre/lib/ext:/Library/Java/Extensions:/Network/Library/Java/Extensions:/System/Library/Java/Extensions:/usr/lib/java"/>
    <property name="sun.boot.class.path" value="/Library/Java/JavaVirtualMachines/jdk1.8.0_102.jdk/Contents/Home/jre/lib/resources.jar:/Library/Java/JavaVirtualMachines/jdk1.8.0_102.jdk/Contents/Home/jre/lib/rt.jar:/Library/Java/JavaVirtualMachines/jdk1.8.0_102.jdk/Contents/Home/jre/lib/sunrsasign.jar:/Library/Java/JavaVirtualMachines/jdk1.8.0_102.jdk/Contents/Home/jre/lib/jsse.jar:/Library/Java/JavaVirtualMachines/jdk1.8.0_102.jdk/Contents/Home/jre/lib/jce.jar:/Library/Java/JavaVirtualMachines/jdk1.8.0_102.jdk/Contents/Home/jre/lib/charsets.jar:/Library/Java/JavaVirtualMachines/jdk1.8.0_102.jdk/Contents/Home/jre/lib/jfr.jar:/Library/Java/JavaVirtualMachines/jdk1.8.0_102.jdk/Contents/Home/jre/classes"/>
    <property name="java.vendor" value="Oracle Corporation"/>
    <property name="maven.home" value="/Applications/NetBeans/NetBeans 8.2.app/Contents/Resources/NetBeans/java/maven"/>
    <property name="file.separator" value="/"/>
    <property name="java.vendor.url.bug" value="http://bugreport.sun.com/bugreport/"/>
    <property name="sun.cpu.endian" value="little"/>
    <property name="sun.io.unicode.encoding" value="UnicodeBig"/>
    <property name="socksNonProxyHosts" value="local|*.local|169.254/16|*.169.254/16"/>
    <property name="ftp.nonProxyHosts" value="local|*.local|169.254/16|*.169.254/16"/>
    <property name="sun.cpu.isalist" value=""/>
  </properties>
  <testcase name="addAndRemoveSomeQuads" classname="org.apache.jena.sparql.core.mem.TestQuadTableForms" time="0.065"/>
  <testcase name="allQueriesWithAtLeastOneConcreteNodeCanAvoidTraversal" classname="org.apache.jena.sparql.core.mem.TestQuadTableForms" time="0.056"/>
  <testcase name="aCorrectIndexIsChosenForEachPattern" classname="org.apache.jena.sparql.core.mem.TestQuadTableForms" time="0.003"/>
  <testcase name="anyIndexCanAnswerAnEntirelyConcretePattern" classname="org.apache.jena.sparql.core.mem.TestQuadTableForms" time="0"/>
  <testcase name="anAllWildcardQueryCannotAvoidTraversal" classname="org.apache.jena.sparql.core.mem.TestQuadTableForms" time="0.001"/>
  <testcase name="addAndRemoveSomeTriples" classname="org.apache.jena.sparql.core.mem.TestTripleTableForms" time="0.005"/>
  <testcase name="allQueriesWithAtLeastOneConcreteNodeCanAvoidTraversal" classname="org.apache.jena.sparql.core.mem.TestTripleTableForms" time="0.001"/>
  <testcase name="aCorrectIndexIsChosenForEachPattern" classname="org.apache.jena.sparql.core.mem.TestTripleTableForms" time="0"/>
  <testcase name="anyIndexCanAnswerAnEntirelyConcretePattern" classname="org.apache.jena.sparql.core.mem.TestTripleTableForms" time="0"/>
  <testcase name="anAllWildcardQueryCannotAvoidTraversal" classname="org.apache.jena.sparql.core.mem.TestTripleTableForms" time="0"/>
  <testcase name="testListGraphNodes" classname="org.apache.jena.sparql.core.mem.TestHexTable" time="0.003"/>
  <testcase name="checkConcreteQueries" classname="org.apache.jena.sparql.core.mem.TestHexTable" time="0.006"/>
  <testcase name="addAndRemoveSomeTuples" classname="org.apache.jena.sparql.core.mem.TestHexTable" time="0.002"/>
  <testcase name="addAndRemoveSomeTuples" classname="org.apache.jena.sparql.core.mem.TestTriTable" time="0.003"/>
  <testcase name="prefixesAreManaged" classname="org.apache.jena.sparql.core.mem.TestDatasetGraphInMemoryBasic" time="0.003"/>
  <testcase name="unionGraphWorksProperly" classname="org.apache.jena.sparql.core.mem.TestDatasetGraphInMemoryBasic" time="0.005"/>
  <testcase name="orderingOfNodesFromFindIsCorrect" classname="org.apache.jena.sparql.core.mem.TestDatasetGraphInMemoryBasic" time="0.003"/>
  <testcase name="deleteAny_01" classname="org.apache.jena.sparql.core.mem.TestDatasetGraphInMemoryBasic" time="0.002"/>
  <testcase name="deleteAny_02" classname="org.apache.jena.sparql.core.mem.TestDatasetGraphInMemoryBasic" time="0.002"/>
  <testcase name="find_01" classname="org.apache.jena.sparql.core.mem.TestDatasetGraphInMemoryBasic" time="0"/>
  <testcase name="graph_00" classname="org.apache.jena.sparql.core.mem.TestDatasetGraphInMemoryBasic" time="0"/>
  <testcase name="graph_01" classname="org.apache.jena.sparql.core.mem.TestDatasetGraphInMemoryBasic" time="0.001"/>
  <testcase name="graph_02" classname="org.apache.jena.sparql.core.mem.TestDatasetGraphInMemoryBasic" time="0.001"/>
  <testcase name="graph_03" classname="org.apache.jena.sparql.core.mem.TestDatasetGraphInMemoryBasic" time="0.001"/>
  <testcase name="quad_01" classname="org.apache.jena.sparql.core.mem.TestDatasetGraphInMemoryBasic" time="0"/>
  <testcase name="quad_02" classname="org.apache.jena.sparql.core.mem.TestDatasetGraphInMemoryBasic" time="0.001"/>
  <testcase name="quad_03" classname="org.apache.jena.sparql.core.mem.TestDatasetGraphInMemoryBasic" time="0.002"/>
  <testcase name="quad_04" classname="org.apache.jena.sparql.core.mem.TestDatasetGraphInMemoryBasic" time="0"/>
  <testcase name="quad_05" classname="org.apache.jena.sparql.core.mem.TestDatasetGraphInMemoryBasic" time="0"/>
  <testcase name="clear_01" classname="org.apache.jena.sparql.core.mem.TestDatasetGraphInMemoryBasic" time="0.002"/>
  <testcase name="create_1" classname="org.apache.jena.sparql.core.mem.TestDatasetGraphInMemoryBasic" time="0"/>
  <testcase name="graphDSG_view_union_2" classname="org.apache.jena.sparql.core.mem.TestDatasetGraphInMemoryViews" time="0.002"/>
  <testcase name="graphDSG_view_union_3" classname="org.apache.jena.sparql.core.mem.TestDatasetGraphInMemoryViews" time="0"/>
  <testcase name="graphDSG_basic_1" classname="org.apache.jena.sparql.core.mem.TestDatasetGraphInMemoryViews" time="0"/>
  <testcase name="graphDSG_basic_2" classname="org.apache.jena.sparql.core.mem.TestDatasetGraphInMemoryViews" time="0"/>
  <testcase name="graphDSG_view_union_1" classname="org.apache.jena.sparql.core.mem.TestDatasetGraphInMemoryViews" time="0.001"/>
  <testcase name="graphDGS_update_1" classname="org.apache.jena.sparql.core.mem.TestDatasetGraphInMemoryViews" time="0.001"/>
  <testcase name="graphDGS_update_2" classname="org.apache.jena.sparql.core.mem.TestDatasetGraphInMemoryViews" time="0"/>
  <testcase name="graphDSG_contains_1" classname="org.apache.jena.sparql.core.mem.TestDatasetGraphInMemoryViews" time="0.011"/>
  <testcase name="graphDSG_contains_2" classname="org.apache.jena.sparql.core.mem.TestDatasetGraphInMemoryViews" time="0"/>
  <testcase name="graphDSG_view_1" classname="org.apache.jena.sparql.core.mem.TestDatasetGraphInMemoryViews" time="0"/>
  <testcase name="graphDSG_view_2" classname="org.apache.jena.sparql.core.mem.TestDatasetGraphInMemoryViews" time="0.001"/>
  <testcase name="graphDSG_view_3" classname="org.apache.jena.sparql.core.mem.TestDatasetGraphInMemoryViews" time="0"/>
  <testcase name="graphDSG_view_4" classname="org.apache.jena.sparql.core.mem.TestDatasetGraphInMemoryViews" time="0.001"/>
  <testcase name="graphDSG_prefixes_1" classname="org.apache.jena.sparql.core.mem.TestDatasetGraphInMemoryViews" time="0"/>
  <testcase name="graphDSG_prefixes_2" classname="org.apache.jena.sparql.core.mem.TestDatasetGraphInMemoryViews" time="0"/>
  <testcase name="graphDSG_prefixes_3" classname="org.apache.jena.sparql.core.mem.TestDatasetGraphInMemoryViews" time="0"/>
  <testcase name="graphDSG_prefixes_4" classname="org.apache.jena.sparql.core.mem.TestDatasetGraphInMemoryViews" time="0"/>
  <testcase name="dataset_01" classname="org.apache.jena.sparql.core.mem.TestDatasetGraphInMemoryLock" time="0"/>
  <testcase name="dataset_02" classname="org.apache.jena.sparql.core.mem.TestDatasetGraphInMemoryLock" time="0.005"/>
  <testcase name="dataset_03" classname="org.apache.jena.sparql.core.mem.TestDatasetGraphInMemoryLock" time="0.002"/>
  <testcase name="dataset_04" classname="org.apache.jena.sparql.core.mem.TestDatasetGraphInMemoryLock" time="0.002"/>
  <testcase name="dataset_05" classname="org.apache.jena.sparql.core.mem.TestDatasetGraphInMemoryLock" time="0.002"/>
  <testcase name="locksAreCorrectlyDistributed" classname="org.apache.jena.sparql.core.mem.TestDatasetGraphInMemoryThreading" time="0.278"/>
  <testcase name="abortedChangesNeverBecomeVisible" classname="org.apache.jena.sparql.core.mem.TestDatasetGraphInMemoryThreading" time="0.332"/>
  <testcase name="snapshotsShouldBeIsolated" classname="org.apache.jena.sparql.core.mem.TestDatasetGraphInMemoryThreading" time="0.313"/>
  <testcase name="transaction_err_01" classname="org.apache.jena.sparql.core.mem.TestDatasetGraphInMemoryTransactions" time="0"/>
  <testcase name="transaction_err_02" classname="org.apache.jena.sparql.core.mem.TestDatasetGraphInMemoryTransactions" time="0"/>
  <testcase name="transaction_err_03" classname="org.apache.jena.sparql.core.mem.TestDatasetGraphInMemoryTransactions" time="0"/>
  <testcase name="transaction_err_04" classname="org.apache.jena.sparql.core.mem.TestDatasetGraphInMemoryTransactions" time="0"/>
  <testcase name="transaction_err_05" classname="org.apache.jena.sparql.core.mem.TestDatasetGraphInMemoryTransactions" time="0"/>
  <testcase name="transaction_err_06" classname="org.apache.jena.sparql.core.mem.TestDatasetGraphInMemoryTransactions" time="0"/>
  <testcase name="transaction_err_07" classname="org.apache.jena.sparql.core.mem.TestDatasetGraphInMemoryTransactions" time="0.002"/>
  <testcase name="transaction_err_08" classname="org.apache.jena.sparql.core.mem.TestDatasetGraphInMemoryTransactions" time="0"/>
  <testcase name="transaction_err_09" classname="org.apache.jena.sparql.core.mem.TestDatasetGraphInMemoryTransactions" time="0.001"/>
  <testcase name="transaction_err_10" classname="org.apache.jena.sparql.core.mem.TestDatasetGraphInMemoryTransactions" time="0"/>
  <testcase name="transaction_err_11" classname="org.apache.jena.sparql.core.mem.TestDatasetGraphInMemoryTransactions" time="0"/>
  <testcase name="transaction_err_12" classname="org.apache.jena.sparql.core.mem.TestDatasetGraphInMemoryTransactions" time="0"/>
  <testcase name="transaction_pattern_01" classname="org.apache.jena.sparql.core.mem.TestDatasetGraphInMemoryTransactions" time="0"/>
  <testcase name="transaction_pattern_02" classname="org.apache.jena.sparql.core.mem.TestDatasetGraphInMemoryTransactions" time="0.001"/>
  <testcase name="transaction_pattern_03" classname="org.apache.jena.sparql.core.mem.TestDatasetGraphInMemoryTransactions" time="0"/>
  <testcase name="transaction_pattern_04" classname="org.apache.jena.sparql.core.mem.TestDatasetGraphInMemoryTransactions" time="0"/>
  <testcase name="transaction_err_nontxn_abort_1" classname="org.apache.jena.sparql.core.mem.TestDatasetGraphInMemoryTransactions" time="0"/>
  <testcase name="transaction_err_nontxn_abort_2" classname="org.apache.jena.sparql.core.mem.TestDatasetGraphInMemoryTransactions" time="0"/>
  <testcase name="transaction_err_nontxn_abort_3" classname="org.apache.jena.sparql.core.mem.TestDatasetGraphInMemoryTransactions" time="0"/>
  <testcase name="transaction_concurrency_reader" classname="org.apache.jena.sparql.core.mem.TestDatasetGraphInMemoryTransactions" time="1.022"/>
  <testcase name="transaction_concurrency_writer" classname="org.apache.jena.sparql.core.mem.TestDatasetGraphInMemoryTransactions" time="1.019"/>
  <testcase name="transaction_00" classname="org.apache.jena.sparql.core.mem.TestDatasetGraphInMemoryTransactions" time="0"/>
  <testcase name="transaction_err_nontxn_commit_1" classname="org.apache.jena.sparql.core.mem.TestDatasetGraphInMemoryTransactions" time="0.001"/>
  <testcase name="transaction_err_nontxn_commit_2" classname="org.apache.jena.sparql.core.mem.TestDatasetGraphInMemoryTransactions" time="0"/>
  <testcase name="transaction_err_nontxn_commit_3" classname="org.apache.jena.sparql.core.mem.TestDatasetGraphInMemoryTransactions" time="0.001"/>
  <testcase name="transaction_r01" classname="org.apache.jena.sparql.core.mem.TestDatasetGraphInMemoryTransactions" time="0"/>
  <testcase name="transaction_r02" classname="org.apache.jena.sparql.core.mem.TestDatasetGraphInMemoryTransactions" time="0.001"/>
  <testcase name="transaction_r03" classname="org.apache.jena.sparql.core.mem.TestDatasetGraphInMemoryTransactions" time="0"/>
  <testcase name="transaction_w01" classname="org.apache.jena.sparql.core.mem.TestDatasetGraphInMemoryTransactions" time="0"/>
  <testcase name="transaction_w02" classname="org.apache.jena.sparql.core.mem.TestDatasetGraphInMemoryTransactions" time="0"/>
  <testcase name="transaction_w03" classname="org.apache.jena.sparql.core.mem.TestDatasetGraphInMemoryTransactions" time="0.001"/>
  <testcase name="transaction_w04" classname="org.apache.jena.sparql.core.mem.TestDatasetGraphInMemoryTransactions" time="0"/>
  <testcase name="transaction_w05" classname="org.apache.jena.sparql.core.mem.TestDatasetGraphInMemoryTransactions" time="0"/>
  <testcase name="find_union_01" classname="org.apache.jena.sparql.core.mem.TestDatasetGraphInMemoryFind" time="0.004"/>
  <testcase name="find_specific_01" classname="org.apache.jena.sparql.core.mem.TestDatasetGraphInMemoryFind" time="0.001"/>
  <testcase name="find_specific_02" classname="org.apache.jena.sparql.core.mem.TestDatasetGraphInMemoryFind" time="0"/>
  <testcase name="find_quad_01" classname="org.apache.jena.sparql.core.mem.TestDatasetGraphInMemoryFind" time="0.001"/>
  <testcase name="find_quad_02" classname="org.apache.jena.sparql.core.mem.TestDatasetGraphInMemoryFind" time="0"/>
  <testcase name="find_ng_01" classname="org.apache.jena.sparql.core.mem.TestDatasetGraphInMemoryFind" time="0.001"/>
  <testcase name="find_ng_02" classname="org.apache.jena.sparql.core.mem.TestDatasetGraphInMemoryFind" time="0"/>
  <testcase name="find_dft_01" classname="org.apache.jena.sparql.core.mem.TestDatasetGraphInMemoryFind" time="0.001"/>
  <testcase name="find_dft_02" classname="org.apache.jena.sparql.core.mem.TestDatasetGraphInMemoryFind" time="0"/>
  <testcase name="find_dft_03" classname="org.apache.jena.sparql.core.mem.TestDatasetGraphInMemoryFind" time="0"/>
  <testcase name="find_dsgFind_union_02" classname="org.apache.jena.sparql.core.mem.TestDatasetGraphInMemoryFind" time="0.001"/>
  <testcase name="find_dsgFind_union_03" classname="org.apache.jena.sparql.core.mem.TestDatasetGraphInMemoryFind" time="0.002"/>
  <testcase name="find_dsgFind_union_04" classname="org.apache.jena.sparql.core.mem.TestDatasetGraphInMemoryFind" time="0.001"/>
  <testcase name="find_dsgFind_union_05" classname="org.apache.jena.sparql.core.mem.TestDatasetGraphInMemoryFind" time="0.001"/>
  <testcase name="find_quad_00" classname="org.apache.jena.sparql.core.mem.TestDatasetGraphInMemoryFindPattern" time="0.001"/>
  <testcase name="find_pattern_g" classname="org.apache.jena.sparql.core.mem.TestDatasetGraphInMemoryFindPattern" time="0.001"/>
  <testcase name="find_pattern_o" classname="org.apache.jena.sparql.core.mem.TestDatasetGraphInMemoryFindPattern" time="0.001"/>
  <testcase name="find_pattern_p" classname="org.apache.jena.sparql.core.mem.TestDatasetGraphInMemoryFindPattern" time="0.002"/>
  <testcase name="find_pattern_s" classname="org.apache.jena.sparql.core.mem.TestDatasetGraphInMemoryFindPattern" time="0.003"/>
  <testcase name="find_pattern_gspo" classname="org.apache.jena.sparql.core.mem.TestDatasetGraphInMemoryFindPattern" time="0"/>
  <testcase name="find_pattern_go" classname="org.apache.jena.sparql.core.mem.TestDatasetGraphInMemoryFindPattern" time="0"/>
  <testcase name="find_pattern_gp" classname="org.apache.jena.sparql.core.mem.TestDatasetGraphInMemoryFindPattern" time="0.001"/>
  <testcase name="find_pattern_gs" classname="org.apache.jena.sparql.core.mem.TestDatasetGraphInMemoryFindPattern" time="0.002"/>
  <testcase name="find_pattern_po" classname="org.apache.jena.sparql.core.mem.TestDatasetGraphInMemoryFindPattern" time="0.001"/>
  <testcase name="find_pattern_so" classname="org.apache.jena.sparql.core.mem.TestDatasetGraphInMemoryFindPattern" time="0.001"/>
  <testcase name="find_pattern_sp" classname="org.apache.jena.sparql.core.mem.TestDatasetGraphInMemoryFindPattern" time="0.002"/>
  <testcase name="find_pattern_gpo" classname="org.apache.jena.sparql.core.mem.TestDatasetGraphInMemoryFindPattern" time="0.001"/>
  <testcase name="find_pattern_gso" classname="org.apache.jena.sparql.core.mem.TestDatasetGraphInMemoryFindPattern" time="0.001"/>
  <testcase name="find_pattern_gsp" classname="org.apache.jena.sparql.core.mem.TestDatasetGraphInMemoryFindPattern" time="0.002"/>
  <testcase name="find_pattern_spo" classname="org.apache.jena.sparql.core.mem.TestDatasetGraphInMemoryFindPattern" time="0.001"/>
  <testcase name="isolation_01" classname="org.apache.jena.sparql.core.mem.TestDatasetGraphInMemoryIsolation" time="0.012"/>
  <testcase name="promote_snapshot_01" classname="org.apache.jena.sparql.core.mem.TestDatasetGraphInMemoryPromote" time="0.001"/>
  <testcase name="promote_snapshot_02" classname="org.apache.jena.sparql.core.mem.TestDatasetGraphInMemoryPromote" time="0"/>
  <testcase name="promote_snapshot_03" classname="org.apache.jena.sparql.core.mem.TestDatasetGraphInMemoryPromote" time="0.001"/>
  <testcase name="promote_snapshot_04" classname="org.apache.jena.sparql.core.mem.TestDatasetGraphInMemoryPromote" time="0"/>
  <testcase name="promote_snapshot_05" classname="org.apache.jena.sparql.core.mem.TestDatasetGraphInMemoryPromote" time="0"/>
  <testcase name="promote_snapshot_06" classname="org.apache.jena.sparql.core.mem.TestDatasetGraphInMemoryPromote" time="0.013"/>
  <testcase name="promote_snapshot_07" classname="org.apache.jena.sparql.core.mem.TestDatasetGraphInMemoryPromote" time="0.001"/>
  <testcase name="promote_snapshot_08" classname="org.apache.jena.sparql.core.mem.TestDatasetGraphInMemoryPromote" time="0.001"/>
  <testcase name="promote_readCommitted_01" classname="org.apache.jena.sparql.core.mem.TestDatasetGraphInMemoryPromote" time="0"/>
  <testcase name="promote_readCommitted_02" classname="org.apache.jena.sparql.core.mem.TestDatasetGraphInMemoryPromote" time="0.001"/>
  <testcase name="promote_readCommitted_03" classname="org.apache.jena.sparql.core.mem.TestDatasetGraphInMemoryPromote" time="0"/>
  <testcase name="promote_readCommitted_04" classname="org.apache.jena.sparql.core.mem.TestDatasetGraphInMemoryPromote" time="0"/>
  <testcase name="promote_readCommitted_05" classname="org.apache.jena.sparql.core.mem.TestDatasetGraphInMemoryPromote" time="0"/>
  <testcase name="promote_readCommitted_06" classname="org.apache.jena.sparql.core.mem.TestDatasetGraphInMemoryPromote" time="0.001"/>
  <testcase name="promote_readCommitted_07" classname="org.apache.jena.sparql.core.mem.TestDatasetGraphInMemoryPromote" time="0"/>
  <testcase name="promote_readCommitted_08" classname="org.apache.jena.sparql.core.mem.TestDatasetGraphInMemoryPromote" time="0.001"/>
  <testcase name="promote_10" classname="org.apache.jena.sparql.core.mem.TestDatasetGraphInMemoryPromote" time="0.001"/>
  <testcase name="promote_11" classname="org.apache.jena.sparql.core.mem.TestDatasetGraphInMemoryPromote" time="0.001"/>
  <testcase name="promote_12" classname="org.apache.jena.sparql.core.mem.TestDatasetGraphInMemoryPromote" time="0.001"/>
  <testcase name="promote_13" classname="org.apache.jena.sparql.core.mem.TestDatasetGraphInMemoryPromote" time="0.001"/>
  <testcase name="promote_active_writer_1" classname="org.apache.jena.sparql.core.mem.TestDatasetGraphInMemoryPromote" time="0.105"/>
  <testcase name="promote_active_writer_2" classname="org.apache.jena.sparql.core.mem.TestDatasetGraphInMemoryPromote" time="0.106"/>
</testsuite>