<?xml version="1.0" encoding="UTF-8"?>
<testsuite xmlns:xsi="http://www.w3.org/2001/XMLSchema-instance" xsi:schemaLocation="https://maven.apache.org/surefire/maven-surefire-plugin/xsd/surefire-test-report.xsd" name="org.apache.jena.sparql.api.TS_API" time="2.936" tests="55" errors="9" skipped="0" failures="0">
  <properties>
    <property name="java.runtime.name" value="Java(TM) SE Runtime Environment"/>
    <property name="sun.boot.library.path" value="/Library/Java/JavaVirtualMachines/jdk1.8.0_102.jdk/Contents/Home/jre/lib"/>
    <property name="java.vm.version" value="25.102-b14"/>
    <property name="user.country.format" value="FR"/>
    <property name="gopherProxySet" value="false"/>
    <property name="java.vm.vendor" value="Oracle Corporation"/>
    <property name="java.vendor.url" value="http://java.oracle.com/"/>
    <property name="path.separator" value=":"/>
    <property name="guice.disable.misplaced.annotation.check" value="true"/>
    <property name="java.vm.name" value="Java HotSpot(TM) 64-Bit Server VM"/>
    <property name="file.encoding.pkg" value="sun.io"/>
    <property name="user.country" value="US"/>
    <property name="sun.java.launcher" value="SUN_STANDARD"/>
    <property name="sun.os.patch.level" value="unknown"/>
    <property name="java.vm.specification.name" value="Java Virtual Machine Specification"/>
    <property name="user.dir" value="/Users/Sejal/Desktop/Internship/jena-3.3.0/jena-arq"/>
    <property name="java.runtime.version" value="1.8.0_102-b14"/>
    <property name="java.awt.graphicsenv" value="sun.awt.CGraphicsEnvironment"/>
    <property name="java.endorsed.dirs" value="/Library/Java/JavaVirtualMachines/jdk1.8.0_102.jdk/Contents/Home/jre/lib/endorsed"/>
    <property name="os.arch" value="x86_64"/>
    <property name="java.io.tmpdir" value="/var/folders/wy/dyqvnk8n7tsdv7bhf0vwwdl00000gn/T/"/>
    <property name="line.separator" value="&#10;"/>
    <property name="java.vm.specification.vendor" value="Oracle Corporation"/>
    <property name="os.name" value="Mac OS X"/>
    <property name="maven.ext.class.path" value="/Applications/NetBeans/NetBeans 8.2.app/Contents/Resources/NetBeans/java/maven-nblib/netbeans-eventspy.jar"/>
    <property name="classworlds.conf" value="/Applications/NetBeans/NetBeans 8.2.app/Contents/Resources/NetBeans/java/maven/bin/m2.conf"/>
    <property name="sun.jnu.encoding" value="UTF-8"/>
    <property name="java.library.path" value="/Users/Sejal/Library/Java/Extensions:/Library/Java/Extensions:/Network/Library/Java/Extensions:/System/Library/Java/Extensions:/usr/lib/java:."/>
    <property name="java.specification.name" value="Java Platform API Specification"/>
    <property name="java.class.version" value="52.0"/>
    <property name="sun.management.compiler" value="HotSpot 64-Bit Tiered Compilers"/>
    <property name="os.version" value="10.12.3"/>
    <property name="http.nonProxyHosts" value="local|*.local|169.254/16|*.169.254/16"/>
    <property name="user.home" value="/Users/Sejal"/>
    <property name="user.timezone" value="Europe/Paris"/>
    <property name="java.awt.printerjob" value="sun.lwawt.macosx.CPrinterJob"/>
    <property name="java.specification.version" value="1.8"/>
    <property name="file.encoding" value="UTF-8"/>
    <property name="user.name" value="Sejal"/>
    <property name="java.class.path" value="/Applications/NetBeans/NetBeans 8.2.app/Contents/Resources/NetBeans/java/maven/boot/plexus-classworlds-2.4.jar"/>
    <property name="java.vm.specification.version" value="1.8"/>
    <property name="sun.arch.data.model" value="64"/>
    <property name="java.home" value="/Library/Java/JavaVirtualMachines/jdk1.8.0_102.jdk/Contents/Home/jre"/>
    <property name="sun.java.command" value="org.codehaus.plexus.classworlds.launcher.Launcher -Dmaven.ext.class.path=/Applications/NetBeans/NetBeans 8.2.app/Contents/Resources/NetBeans/java/maven-nblib/netbeans-eventspy.jar clean install"/>
    <property name="java.specification.vendor" value="Oracle Corporation"/>
    <property name="user.language" value="en"/>
    <property name="awt.toolkit" value="sun.lwawt.macosx.LWCToolkit"/>
    <property name="java.vm.info" value="mixed mode"/>
    <property name="java.version" value="1.8.0_102"/>
    <property name="java.ext.dirs" value="/Users/Sejal/Library/Java/Extensions:/Library/Java/JavaVirtualMachines/jdk1.8.0_102.jdk/Contents/Home/jre/lib/ext:/Library/Java/Extensions:/Network/Library/Java/Extensions:/System/Library/Java/Extensions:/usr/lib/java"/>
    <property name="sun.boot.class.path" value="/Library/Java/JavaVirtualMachines/jdk1.8.0_102.jdk/Contents/Home/jre/lib/resources.jar:/Library/Java/JavaVirtualMachines/jdk1.8.0_102.jdk/Contents/Home/jre/lib/rt.jar:/Library/Java/JavaVirtualMachines/jdk1.8.0_102.jdk/Contents/Home/jre/lib/sunrsasign.jar:/Library/Java/JavaVirtualMachines/jdk1.8.0_102.jdk/Contents/Home/jre/lib/jsse.jar:/Library/Java/JavaVirtualMachines/jdk1.8.0_102.jdk/Contents/Home/jre/lib/jce.jar:/Library/Java/JavaVirtualMachines/jdk1.8.0_102.jdk/Contents/Home/jre/lib/charsets.jar:/Library/Java/JavaVirtualMachines/jdk1.8.0_102.jdk/Contents/Home/jre/lib/jfr.jar:/Library/Java/JavaVirtualMachines/jdk1.8.0_102.jdk/Contents/Home/jre/classes"/>
    <property name="java.vendor" value="Oracle Corporation"/>
    <property name="maven.home" value="/Applications/NetBeans/NetBeans 8.2.app/Contents/Resources/NetBeans/java/maven"/>
    <property name="file.separator" value="/"/>
    <property name="java.vendor.url.bug" value="http://bugreport.sun.com/bugreport/"/>
    <property name="sun.cpu.endian" value="little"/>
    <property name="sun.io.unicode.encoding" value="UnicodeBig"/>
    <property name="socksNonProxyHosts" value="local|*.local|169.254/16|*.169.254/16"/>
    <property name="ftp.nonProxyHosts" value="local|*.local|169.254/16|*.169.254/16"/>
    <property name="sun.cpu.isalist" value=""/>
  </properties>
  <testcase name="testARQConstructQuad_Prefix" classname="org.apache.jena.sparql.api.TestAPI" time="0.035">
    <error message="Not supported yet." type="java.lang.UnsupportedOperationException">java.lang.UnsupportedOperationException: Not supported yet.
	at org.apache.jena.sparql.api.TestAPI.testARQConstructQuad_Prefix(TestAPI.java:484)
</error>
  </testcase>
  <testcase name="testARQConstructQuad_bnodes" classname="org.apache.jena.sparql.api.TestAPI" time="0">
    <error message="Not supported yet." type="java.lang.UnsupportedOperationException">java.lang.UnsupportedOperationException: Not supported yet.
	at org.apache.jena.sparql.api.TestAPI.testARQConstructQuad_bnodes(TestAPI.java:417)
</error>
  </testcase>
  <testcase name="testInitialBindingsConstruct1" classname="org.apache.jena.sparql.api.TestAPI" time="0.034"/>
  <testcase name="testInitialBindingsConstruct2" classname="org.apache.jena.sparql.api.TestAPI" time="0.001"/>
  <testcase name="test_API1" classname="org.apache.jena.sparql.api.TestAPI" time="0"/>
  <testcase name="testResultSetCloseableBad" classname="org.apache.jena.sparql.api.TestAPI" time="0.021"/>
  <testcase name="testARQConstructQuad_Duplicate_1" classname="org.apache.jena.sparql.api.TestAPI" time="0.001">
    <error message="Not supported yet." type="java.lang.UnsupportedOperationException">java.lang.UnsupportedOperationException: Not supported yet.
	at org.apache.jena.sparql.api.TestAPI.testARQConstructQuad_Duplicate_1(TestAPI.java:433)
</error>
  </testcase>
  <testcase name="testARQConstructQuad_Duplicate_2" classname="org.apache.jena.sparql.api.TestAPI" time="0">
    <error message="Not supported yet." type="java.lang.UnsupportedOperationException">java.lang.UnsupportedOperationException: Not supported yet.
	at org.apache.jena.sparql.api.TestAPI.testARQConstructQuad_Duplicate_2(TestAPI.java:451)
</error>
  </testcase>
  <testcase name="testARQConstructQuad_Duplicate_3" classname="org.apache.jena.sparql.api.TestAPI" time="0">
    <error message="Not supported yet." type="java.lang.UnsupportedOperationException">java.lang.UnsupportedOperationException: Not supported yet.
	at org.apache.jena.sparql.api.TestAPI.testARQConstructQuad_Duplicate_3(TestAPI.java:466)
</error>
  </testcase>
  <testcase name="testReuseQueryObject1" classname="org.apache.jena.sparql.api.TestAPI" time="0.002"/>
  <testcase name="testReuseQueryObject2" classname="org.apache.jena.sparql.api.TestAPI" time="0.121"/>
  <testcase name="testARQConstructQuad_ShortForm_bad" classname="org.apache.jena.sparql.api.TestAPI" time="0.002"/>
  <testcase name="testConstructRejectsBadTriples1" classname="org.apache.jena.sparql.api.TestAPI" time="0.001"/>
  <testcase name="testConstructRejectsBadTriples2" classname="org.apache.jena.sparql.api.TestAPI" time="0.001"/>
  <testcase name="testResultSetCloseableGood" classname="org.apache.jena.sparql.api.TestAPI" time="0.001"/>
  <testcase name="testARQConstructQuad_ShortForm_1" classname="org.apache.jena.sparql.api.TestAPI" time="0.001"/>
  <testcase name="testARQConstructQuad_ShortForm_2" classname="org.apache.jena.sparql.api.TestAPI" time="0.001">
    <error message="Not supported yet." type="java.lang.UnsupportedOperationException">java.lang.UnsupportedOperationException: Not supported yet.
	at org.apache.jena.sparql.api.TestAPI.testARQConstructQuad_ShortForm_2(TestAPI.java:521)
</error>
  </testcase>
  <testcase name="testARQConstructQuad_ShortForm_3" classname="org.apache.jena.sparql.api.TestAPI" time="0.001">
    <error message="Not supported yet." type="java.lang.UnsupportedOperationException">java.lang.UnsupportedOperationException: Not supported yet.
	at org.apache.jena.sparql.api.TestAPI.testARQConstructQuad_ShortForm_3(TestAPI.java:535)
</error>
  </testcase>
  <testcase name="testARQConstructQuad_a_1" classname="org.apache.jena.sparql.api.TestAPI" time="0.029"/>
  <testcase name="testARQConstructQuad_a_2" classname="org.apache.jena.sparql.api.TestAPI" time="0">
    <error message="Not supported yet." type="java.lang.UnsupportedOperationException">java.lang.UnsupportedOperationException: Not supported yet.
	at org.apache.jena.sparql.api.TestAPI.testARQConstructQuad_a_2(TestAPI.java:382)
</error>
  </testcase>
  <testcase name="testARQConstructQuad_b_1" classname="org.apache.jena.sparql.api.TestAPI" time="0.001"/>
  <testcase name="testARQConstructQuad_b_2" classname="org.apache.jena.sparql.api.TestAPI" time="0.001">
    <error message="Not supported yet." type="java.lang.UnsupportedOperationException">java.lang.UnsupportedOperationException: Not supported yet.
	at org.apache.jena.sparql.api.TestAPI.testARQConstructQuad_b_2(TestAPI.java:358)
</error>
  </testcase>
  <testcase name="testInitialBindings0" classname="org.apache.jena.sparql.api.TestAPI" time="0"/>
  <testcase name="testInitialBindings1" classname="org.apache.jena.sparql.api.TestAPI" time="0.001"/>
  <testcase name="testInitialBindings2" classname="org.apache.jena.sparql.api.TestAPI" time="0.001"/>
  <testcase name="testInitialBindings3" classname="org.apache.jena.sparql.api.TestAPI" time="0"/>
  <testcase name="testInitialBindings4" classname="org.apache.jena.sparql.api.TestAPI" time="0.002"/>
  <testcase name="testInitialBindings5" classname="org.apache.jena.sparql.api.TestAPI" time="0.001"/>
  <testcase name="testInitialBindings6" classname="org.apache.jena.sparql.api.TestAPI" time="0.001"/>
  <testcase name="test_Cancel_API_1" classname="org.apache.jena.sparql.api.TestQueryExecutionCancel" time="0.001"/>
  <testcase name="test_Cancel_API_2" classname="org.apache.jena.sparql.api.TestQueryExecutionCancel" time="0.104"/>
  <testcase name="test_Cancel_API_3" classname="org.apache.jena.sparql.api.TestQueryExecutionCancel" time="0.111"/>
  <testcase name="test_Cancel_API_4" classname="org.apache.jena.sparql.api.TestQueryExecutionCancel" time="0.843"/>
  <testcase name="timeout_01" classname="org.apache.jena.sparql.api.TestQueryExecutionTimeout1" time="0.119"/>
  <testcase name="timeout_02" classname="org.apache.jena.sparql.api.TestQueryExecutionTimeout1" time="0.077"/>
  <testcase name="timeout_03" classname="org.apache.jena.sparql.api.TestQueryExecutionTimeout1" time="0.001"/>
  <testcase name="timeout_04" classname="org.apache.jena.sparql.api.TestQueryExecutionTimeout1" time="0.106"/>
  <testcase name="timeout_06" classname="org.apache.jena.sparql.api.TestQueryExecutionTimeout1" time="0.003"/>
  <testcase name="timeout_07" classname="org.apache.jena.sparql.api.TestQueryExecutionTimeout1" time="0.003"/>
  <testcase name="timeout_08" classname="org.apache.jena.sparql.api.TestQueryExecutionTimeout1" time="0.003"/>
  <testcase name="timeout_09" classname="org.apache.jena.sparql.api.TestQueryExecutionTimeout1" time="0.002"/>
  <testcase name="timeout_10" classname="org.apache.jena.sparql.api.TestQueryExecutionTimeout1" time="0.203"/>
  <testcase name="timeout_11" classname="org.apache.jena.sparql.api.TestQueryExecutionTimeout1" time="0.202"/>
  <testcase name="timeout_20" classname="org.apache.jena.sparql.api.TestQueryExecutionTimeout1" time="0.055"/>
  <testcase name="timeout_21" classname="org.apache.jena.sparql.api.TestQueryExecutionTimeout1" time="0.052"/>
  <testcase name="timeout_22" classname="org.apache.jena.sparql.api.TestQueryExecutionTimeout1" time="0.001"/>
  <testcase name="timeout_30" classname="org.apache.jena.sparql.api.TestQueryExecutionTimeout2" time="0.056"/>
  <testcase name="timeout_31" classname="org.apache.jena.sparql.api.TestQueryExecutionTimeout2" time="0.023"/>
  <testcase name="timeout_32" classname="org.apache.jena.sparql.api.TestQueryExecutionTimeout2" time="0.204"/>
  <testcase name="timeout_33" classname="org.apache.jena.sparql.api.TestQueryExecutionTimeout2" time="0.207"/>
  <testcase name="timeout_34" classname="org.apache.jena.sparql.api.TestQueryExecutionTimeout2" time="0.105"/>
  <testcase name="timeout_35" classname="org.apache.jena.sparql.api.TestQueryExecutionTimeout2" time="0.052"/>
  <testcase name="timeout_36" classname="org.apache.jena.sparql.api.TestQueryExecutionTimeout2" time="0.024"/>
  <testcase name="timeout_37" classname="org.apache.jena.sparql.api.TestQueryExecutionTimeout2" time="0.057"/>
  <testcase name="timeout_38" classname="org.apache.jena.sparql.api.TestQueryExecutionTimeout2" time="0.052"/>
</testsuite>