<?xml version="1.0" encoding="UTF-8"?>
<testsuite xmlns:xsi="http://www.w3.org/2001/XMLSchema-instance" xsi:schemaLocation="https://maven.apache.org/surefire/maven-surefire-plugin/xsd/surefire-test-report.xsd" name="org.apache.jena.sparql.modify.TS_Update" time="0.256" tests="69" errors="0" skipped="0" failures="0">
  <properties>
    <property name="java.runtime.name" value="Java(TM) SE Runtime Environment"/>
    <property name="sun.boot.library.path" value="/Library/Java/JavaVirtualMachines/jdk1.8.0_102.jdk/Contents/Home/jre/lib"/>
    <property name="java.vm.version" value="25.102-b14"/>
    <property name="user.country.format" value="FR"/>
    <property name="gopherProxySet" value="false"/>
    <property name="java.vm.vendor" value="Oracle Corporation"/>
    <property name="java.vendor.url" value="http://java.oracle.com/"/>
    <property name="path.separator" value=":"/>
    <property name="guice.disable.misplaced.annotation.check" value="true"/>
    <property name="java.vm.name" value="Java HotSpot(TM) 64-Bit Server VM"/>
    <property name="file.encoding.pkg" value="sun.io"/>
    <property name="user.country" value="US"/>
    <property name="sun.java.launcher" value="SUN_STANDARD"/>
    <property name="sun.os.patch.level" value="unknown"/>
    <property name="java.vm.specification.name" value="Java Virtual Machine Specification"/>
    <property name="user.dir" value="/Users/Sejal/Desktop/Internship/jena-3.3.0/jena-arq"/>
    <property name="java.runtime.version" value="1.8.0_102-b14"/>
    <property name="java.awt.graphicsenv" value="sun.awt.CGraphicsEnvironment"/>
    <property name="java.endorsed.dirs" value="/Library/Java/JavaVirtualMachines/jdk1.8.0_102.jdk/Contents/Home/jre/lib/endorsed"/>
    <property name="os.arch" value="x86_64"/>
    <property name="java.io.tmpdir" value="/var/folders/wy/dyqvnk8n7tsdv7bhf0vwwdl00000gn/T/"/>
    <property name="line.separator" value="&#10;"/>
    <property name="java.vm.specification.vendor" value="Oracle Corporation"/>
    <property name="os.name" value="Mac OS X"/>
    <property name="maven.ext.class.path" value="/Applications/NetBeans/NetBeans 8.2.app/Contents/Resources/NetBeans/java/maven-nblib/netbeans-eventspy.jar"/>
    <property name="classworlds.conf" value="/Applications/NetBeans/NetBeans 8.2.app/Contents/Resources/NetBeans/java/maven/bin/m2.conf"/>
    <property name="sun.jnu.encoding" value="UTF-8"/>
    <property name="java.library.path" value="/Users/Sejal/Library/Java/Extensions:/Library/Java/Extensions:/Network/Library/Java/Extensions:/System/Library/Java/Extensions:/usr/lib/java:."/>
    <property name="java.specification.name" value="Java Platform API Specification"/>
    <property name="java.class.version" value="52.0"/>
    <property name="sun.management.compiler" value="HotSpot 64-Bit Tiered Compilers"/>
    <property name="os.version" value="10.12.3"/>
    <property name="http.nonProxyHosts" value="local|*.local|169.254/16|*.169.254/16"/>
    <property name="user.home" value="/Users/Sejal"/>
    <property name="user.timezone" value="Europe/Paris"/>
    <property name="java.awt.printerjob" value="sun.lwawt.macosx.CPrinterJob"/>
    <property name="java.specification.version" value="1.8"/>
    <property name="file.encoding" value="UTF-8"/>
    <property name="user.name" value="Sejal"/>
    <property name="java.class.path" value="/Applications/NetBeans/NetBeans 8.2.app/Contents/Resources/NetBeans/java/maven/boot/plexus-classworlds-2.4.jar"/>
    <property name="java.vm.specification.version" value="1.8"/>
    <property name="sun.arch.data.model" value="64"/>
    <property name="java.home" value="/Library/Java/JavaVirtualMachines/jdk1.8.0_102.jdk/Contents/Home/jre"/>
    <property name="sun.java.command" value="org.codehaus.plexus.classworlds.launcher.Launcher -Dmaven.ext.class.path=/Applications/NetBeans/NetBeans 8.2.app/Contents/Resources/NetBeans/java/maven-nblib/netbeans-eventspy.jar clean install"/>
    <property name="java.specification.vendor" value="Oracle Corporation"/>
    <property name="user.language" value="en"/>
    <property name="awt.toolkit" value="sun.lwawt.macosx.LWCToolkit"/>
    <property name="java.vm.info" value="mixed mode"/>
    <property name="java.version" value="1.8.0_102"/>
    <property name="java.ext.dirs" value="/Users/Sejal/Library/Java/Extensions:/Library/Java/JavaVirtualMachines/jdk1.8.0_102.jdk/Contents/Home/jre/lib/ext:/Library/Java/Extensions:/Network/Library/Java/Extensions:/System/Library/Java/Extensions:/usr/lib/java"/>
    <property name="sun.boot.class.path" value="/Library/Java/JavaVirtualMachines/jdk1.8.0_102.jdk/Contents/Home/jre/lib/resources.jar:/Library/Java/JavaVirtualMachines/jdk1.8.0_102.jdk/Contents/Home/jre/lib/rt.jar:/Library/Java/JavaVirtualMachines/jdk1.8.0_102.jdk/Contents/Home/jre/lib/sunrsasign.jar:/Library/Java/JavaVirtualMachines/jdk1.8.0_102.jdk/Contents/Home/jre/lib/jsse.jar:/Library/Java/JavaVirtualMachines/jdk1.8.0_102.jdk/Contents/Home/jre/lib/jce.jar:/Library/Java/JavaVirtualMachines/jdk1.8.0_102.jdk/Contents/Home/jre/lib/charsets.jar:/Library/Java/JavaVirtualMachines/jdk1.8.0_102.jdk/Contents/Home/jre/lib/jfr.jar:/Library/Java/JavaVirtualMachines/jdk1.8.0_102.jdk/Contents/Home/jre/classes"/>
    <property name="java.vendor" value="Oracle Corporation"/>
    <property name="maven.home" value="/Applications/NetBeans/NetBeans 8.2.app/Contents/Resources/NetBeans/java/maven"/>
    <property name="file.separator" value="/"/>
    <property name="java.vendor.url.bug" value="http://bugreport.sun.com/bugreport/"/>
    <property name="sun.cpu.endian" value="little"/>
    <property name="sun.io.unicode.encoding" value="UnicodeBig"/>
    <property name="socksNonProxyHosts" value="local|*.local|169.254/16|*.169.254/16"/>
    <property name="ftp.nonProxyHosts" value="local|*.local|169.254/16|*.169.254/16"/>
    <property name="sun.cpu.isalist" value=""/>
  </properties>
  <testcase name="testUpdateScript1" classname="org.apache.jena.sparql.modify.TestUpdateGraphMem" time="0.035"/>
  <testcase name="testUpdateScript2" classname="org.apache.jena.sparql.modify.TestUpdateGraphMem" time="0.001"/>
  <testcase name="testUpdateScript3" classname="org.apache.jena.sparql.modify.TestUpdateGraphMem" time="0.017"/>
  <testcase name="testUpdateScript4" classname="org.apache.jena.sparql.modify.TestUpdateGraphMem" time="0.011"/>
  <testcase name="testUpdateScript5" classname="org.apache.jena.sparql.modify.TestUpdateGraphMem" time="0.016"/>
  <testcase name="testUpdateScript6" classname="org.apache.jena.sparql.modify.TestUpdateGraphMem" time="0.001"/>
  <testcase name="testUpdateScript7" classname="org.apache.jena.sparql.modify.TestUpdateGraphMem" time="0.001"/>
  <testcase name="testUpdateScript8" classname="org.apache.jena.sparql.modify.TestUpdateGraphMem" time="0.02"/>
  <testcase name="testDeleteData1" classname="org.apache.jena.sparql.modify.TestUpdateGraphMem" time="0"/>
  <testcase name="testDeleteData2" classname="org.apache.jena.sparql.modify.TestUpdateGraphMem" time="0"/>
  <testcase name="testCopy" classname="org.apache.jena.sparql.modify.TestUpdateGraphMem" time="0.011"/>
  <testcase name="testUpdateBad1" classname="org.apache.jena.sparql.modify.TestUpdateGraphMem" time="0.011"/>
  <testcase name="testUpdateBad2" classname="org.apache.jena.sparql.modify.TestUpdateGraphMem" time="0.001"/>
  <testcase name="testUpdateBad3" classname="org.apache.jena.sparql.modify.TestUpdateGraphMem" time="0.017"/>
  <testcase name="testInsertData1" classname="org.apache.jena.sparql.modify.TestUpdateGraphMem" time="0"/>
  <testcase name="testModifyInitialBindings" classname="org.apache.jena.sparql.modify.TestUpdateGraphMem" time="0.002"/>
  <testcase name="testModify1" classname="org.apache.jena.sparql.modify.TestUpdateGraphMem" time="0"/>
  <testcase name="testModify2" classname="org.apache.jena.sparql.modify.TestUpdateGraphMem" time="0.002"/>
  <testcase name="testDelete1" classname="org.apache.jena.sparql.modify.TestUpdateGraphMem" time="0.001"/>
  <testcase name="testDelete2" classname="org.apache.jena.sparql.modify.TestUpdateGraphMem" time="0.001"/>
  <testcase name="testDelete3" classname="org.apache.jena.sparql.modify.TestUpdateGraphMem" time="0"/>
  <testcase name="testDelete4" classname="org.apache.jena.sparql.modify.TestUpdateGraphMem" time="0"/>
  <testcase name="testDelete5" classname="org.apache.jena.sparql.modify.TestUpdateGraphMem" time="0.001"/>
  <testcase name="testInsert1" classname="org.apache.jena.sparql.modify.TestUpdateGraphMem" time="0"/>
  <testcase name="testInsert2" classname="org.apache.jena.sparql.modify.TestUpdateGraphMem" time="0"/>
  <testcase name="testInsert3" classname="org.apache.jena.sparql.modify.TestUpdateGraphMem" time="0"/>
  <testcase name="testInsert4" classname="org.apache.jena.sparql.modify.TestUpdateGraphMem" time="0.001"/>
  <testcase name="testCreateDrop1" classname="org.apache.jena.sparql.modify.TestUpdateGraphMgtMem" time="0"/>
  <testcase name="testCreateDrop2" classname="org.apache.jena.sparql.modify.TestUpdateGraphMgtMem" time="0.001"/>
  <testcase name="testCreateDrop3" classname="org.apache.jena.sparql.modify.TestUpdateGraphMgtMem" time="0"/>
  <testcase name="testCreateDrop4" classname="org.apache.jena.sparql.modify.TestUpdateGraphMgtMem" time="0.001"/>
  <testcase name="delete_insert_where_01" classname="org.apache.jena.sparql.modify.TestUpdateOperations" time="0.033"/>
  <testcase name="insert_where_01" classname="org.apache.jena.sparql.modify.TestUpdateOperations" time="0.001"/>
  <testcase name="load1" classname="org.apache.jena.sparql.modify.TestUpdateOperations" time="0.002"/>
  <testcase name="load2" classname="org.apache.jena.sparql.modify.TestUpdateOperations" time="0"/>
  <testcase name="load3" classname="org.apache.jena.sparql.modify.TestUpdateOperations" time="0.001"/>
  <testcase name="load4" classname="org.apache.jena.sparql.modify.TestUpdateOperations" time="0.001"/>
  <testcase name="load5" classname="org.apache.jena.sparql.modify.TestUpdateOperations" time="0"/>
  <testcase name="updateCompare01" classname="org.apache.jena.sparql.modify.TestUpdateCompare" time="0.044"/>
  <testcase name="updateCompare02" classname="org.apache.jena.sparql.modify.TestUpdateCompare" time="0.001"/>
  <testcase name="updateCompare03" classname="org.apache.jena.sparql.modify.TestUpdateCompare" time="0"/>
  <testcase name="updateCompare04" classname="org.apache.jena.sparql.modify.TestUpdateCompare" time="0.001"/>
  <testcase name="updateCompare05" classname="org.apache.jena.sparql.modify.TestUpdateCompare" time="0"/>
  <testcase name="updateCompare06" classname="org.apache.jena.sparql.modify.TestUpdateCompare" time="0"/>
  <testcase name="updateCompare07" classname="org.apache.jena.sparql.modify.TestUpdateCompare" time="0.001"/>
  <testcase name="updateCompare08" classname="org.apache.jena.sparql.modify.TestUpdateCompare" time="0"/>
  <testcase name="updateCompare09" classname="org.apache.jena.sparql.modify.TestUpdateCompare" time="0.001"/>
  <testcase name="updateCompare10" classname="org.apache.jena.sparql.modify.TestUpdateCompare" time="0.001"/>
  <testcase name="updateCompare11" classname="org.apache.jena.sparql.modify.TestUpdateCompare" time="0"/>
  <testcase name="updateCompare20" classname="org.apache.jena.sparql.modify.TestUpdateCompare" time="0.001"/>
  <testcase name="updateCompare21" classname="org.apache.jena.sparql.modify.TestUpdateCompare" time="0.001"/>
  <testcase name="updateCompare22" classname="org.apache.jena.sparql.modify.TestUpdateCompare" time="0"/>
  <testcase name="updateCompare23" classname="org.apache.jena.sparql.modify.TestUpdateCompare" time="0"/>
  <testcase name="updateCompare24" classname="org.apache.jena.sparql.modify.TestUpdateCompare" time="0"/>
  <testcase name="updateCompare25" classname="org.apache.jena.sparql.modify.TestUpdateCompare" time="0"/>
  <testcase name="updateWrite01" classname="org.apache.jena.sparql.modify.TestUpdateWriter" time="0"/>
  <testcase name="updateWrite02" classname="org.apache.jena.sparql.modify.TestUpdateWriter" time="0"/>
  <testcase name="updateWrite03" classname="org.apache.jena.sparql.modify.TestUpdateWriter" time="0"/>
  <testcase name="updateWrite04" classname="org.apache.jena.sparql.modify.TestUpdateWriter" time="0.001"/>
  <testcase name="updateWrite05" classname="org.apache.jena.sparql.modify.TestUpdateWriter" time="0.001"/>
  <testcase name="updateWrite06" classname="org.apache.jena.sparql.modify.TestUpdateWriter" time="0"/>
  <testcase name="updateWrite07" classname="org.apache.jena.sparql.modify.TestUpdateWriter" time="0.001"/>
  <testcase name="updateWrite08" classname="org.apache.jena.sparql.modify.TestUpdateWriter" time="0"/>
  <testcase name="updateWrite09" classname="org.apache.jena.sparql.modify.TestUpdateWriter" time="0.001"/>
  <testcase name="updateWrite10" classname="org.apache.jena.sparql.modify.TestUpdateWriter" time="0"/>
  <testcase name="updateWrite20" classname="org.apache.jena.sparql.modify.TestUpdateWriter" time="0.001"/>
  <testcase name="updateWrite21" classname="org.apache.jena.sparql.modify.TestUpdateWriter" time="0.002"/>
  <testcase name="updateWrite22" classname="org.apache.jena.sparql.modify.TestUpdateWriter" time="0"/>
  <testcase name="updateWrite23" classname="org.apache.jena.sparql.modify.TestUpdateWriter" time="0"/>
</testsuite>