<?xml version="1.0" encoding="UTF-8"?>
<testsuite xmlns:xsi="http://www.w3.org/2001/XMLSchema-instance" xsi:schemaLocation="https://maven.apache.org/surefire/maven-surefire-plugin/xsd/surefire-test-report.xsd" name="org.apache.jena.sparql.resultset.TS_ResultSet" time="0.149" tests="136" errors="0" skipped="0" failures="0">
  <properties>
    <property name="java.runtime.name" value="Java(TM) SE Runtime Environment"/>
    <property name="sun.boot.library.path" value="/Library/Java/JavaVirtualMachines/jdk1.8.0_102.jdk/Contents/Home/jre/lib"/>
    <property name="java.vm.version" value="25.102-b14"/>
    <property name="user.country.format" value="FR"/>
    <property name="gopherProxySet" value="false"/>
    <property name="java.vm.vendor" value="Oracle Corporation"/>
    <property name="java.vendor.url" value="http://java.oracle.com/"/>
    <property name="path.separator" value=":"/>
    <property name="guice.disable.misplaced.annotation.check" value="true"/>
    <property name="java.vm.name" value="Java HotSpot(TM) 64-Bit Server VM"/>
    <property name="file.encoding.pkg" value="sun.io"/>
    <property name="user.country" value="US"/>
    <property name="sun.java.launcher" value="SUN_STANDARD"/>
    <property name="sun.os.patch.level" value="unknown"/>
    <property name="java.vm.specification.name" value="Java Virtual Machine Specification"/>
    <property name="user.dir" value="/Users/Sejal/Desktop/Internship/jena-3.3.0/jena-arq"/>
    <property name="java.runtime.version" value="1.8.0_102-b14"/>
    <property name="java.awt.graphicsenv" value="sun.awt.CGraphicsEnvironment"/>
    <property name="java.endorsed.dirs" value="/Library/Java/JavaVirtualMachines/jdk1.8.0_102.jdk/Contents/Home/jre/lib/endorsed"/>
    <property name="os.arch" value="x86_64"/>
    <property name="java.io.tmpdir" value="/var/folders/wy/dyqvnk8n7tsdv7bhf0vwwdl00000gn/T/"/>
    <property name="line.separator" value="&#10;"/>
    <property name="java.vm.specification.vendor" value="Oracle Corporation"/>
    <property name="os.name" value="Mac OS X"/>
    <property name="maven.ext.class.path" value="/Applications/NetBeans/NetBeans 8.2.app/Contents/Resources/NetBeans/java/maven-nblib/netbeans-eventspy.jar"/>
    <property name="classworlds.conf" value="/Applications/NetBeans/NetBeans 8.2.app/Contents/Resources/NetBeans/java/maven/bin/m2.conf"/>
    <property name="sun.jnu.encoding" value="UTF-8"/>
    <property name="java.library.path" value="/Users/Sejal/Library/Java/Extensions:/Library/Java/Extensions:/Network/Library/Java/Extensions:/System/Library/Java/Extensions:/usr/lib/java:."/>
    <property name="java.specification.name" value="Java Platform API Specification"/>
    <property name="java.class.version" value="52.0"/>
    <property name="sun.management.compiler" value="HotSpot 64-Bit Tiered Compilers"/>
    <property name="os.version" value="10.12.3"/>
    <property name="http.nonProxyHosts" value="local|*.local|169.254/16|*.169.254/16"/>
    <property name="user.home" value="/Users/Sejal"/>
    <property name="user.timezone" value="Europe/Paris"/>
    <property name="java.awt.printerjob" value="sun.lwawt.macosx.CPrinterJob"/>
    <property name="java.specification.version" value="1.8"/>
    <property name="file.encoding" value="UTF-8"/>
    <property name="user.name" value="Sejal"/>
    <property name="java.class.path" value="/Applications/NetBeans/NetBeans 8.2.app/Contents/Resources/NetBeans/java/maven/boot/plexus-classworlds-2.4.jar"/>
    <property name="java.vm.specification.version" value="1.8"/>
    <property name="sun.arch.data.model" value="64"/>
    <property name="java.home" value="/Library/Java/JavaVirtualMachines/jdk1.8.0_102.jdk/Contents/Home/jre"/>
    <property name="sun.java.command" value="org.codehaus.plexus.classworlds.launcher.Launcher -Dmaven.ext.class.path=/Applications/NetBeans/NetBeans 8.2.app/Contents/Resources/NetBeans/java/maven-nblib/netbeans-eventspy.jar clean install"/>
    <property name="java.specification.vendor" value="Oracle Corporation"/>
    <property name="user.language" value="en"/>
    <property name="awt.toolkit" value="sun.lwawt.macosx.LWCToolkit"/>
    <property name="java.vm.info" value="mixed mode"/>
    <property name="java.version" value="1.8.0_102"/>
    <property name="java.ext.dirs" value="/Users/Sejal/Library/Java/Extensions:/Library/Java/JavaVirtualMachines/jdk1.8.0_102.jdk/Contents/Home/jre/lib/ext:/Library/Java/Extensions:/Network/Library/Java/Extensions:/System/Library/Java/Extensions:/usr/lib/java"/>
    <property name="sun.boot.class.path" value="/Library/Java/JavaVirtualMachines/jdk1.8.0_102.jdk/Contents/Home/jre/lib/resources.jar:/Library/Java/JavaVirtualMachines/jdk1.8.0_102.jdk/Contents/Home/jre/lib/rt.jar:/Library/Java/JavaVirtualMachines/jdk1.8.0_102.jdk/Contents/Home/jre/lib/sunrsasign.jar:/Library/Java/JavaVirtualMachines/jdk1.8.0_102.jdk/Contents/Home/jre/lib/jsse.jar:/Library/Java/JavaVirtualMachines/jdk1.8.0_102.jdk/Contents/Home/jre/lib/jce.jar:/Library/Java/JavaVirtualMachines/jdk1.8.0_102.jdk/Contents/Home/jre/lib/charsets.jar:/Library/Java/JavaVirtualMachines/jdk1.8.0_102.jdk/Contents/Home/jre/lib/jfr.jar:/Library/Java/JavaVirtualMachines/jdk1.8.0_102.jdk/Contents/Home/jre/classes"/>
    <property name="java.vendor" value="Oracle Corporation"/>
    <property name="maven.home" value="/Applications/NetBeans/NetBeans 8.2.app/Contents/Resources/NetBeans/java/maven"/>
    <property name="file.separator" value="/"/>
    <property name="java.vendor.url.bug" value="http://bugreport.sun.com/bugreport/"/>
    <property name="sun.cpu.endian" value="little"/>
    <property name="sun.io.unicode.encoding" value="UnicodeBig"/>
    <property name="socksNonProxyHosts" value="local|*.local|169.254/16|*.169.254/16"/>
    <property name="ftp.nonProxyHosts" value="local|*.local|169.254/16|*.169.254/16"/>
    <property name="sun.cpu.isalist" value=""/>
  </properties>
  <testcase name="test_RS_union_1" classname="org.apache.jena.sparql.resultset.TestResultSet" time="0.016"/>
  <testcase name="test_RS_union_2" classname="org.apache.jena.sparql.resultset.TestResultSet" time="0"/>
  <testcase name="test_RS_peeking_1" classname="org.apache.jena.sparql.resultset.TestResultSet" time="0"/>
  <testcase name="test_RS_peeking_2" classname="org.apache.jena.sparql.resultset.TestResultSet" time="0"/>
  <testcase name="test_RS_peeking_3" classname="org.apache.jena.sparql.resultset.TestResultSet" time="0"/>
  <testcase name="test_RS_peeking_4" classname="org.apache.jena.sparql.resultset.TestResultSet" time="0.001"/>
  <testcase name="test_RS_peeking_5" classname="org.apache.jena.sparql.resultset.TestResultSet" time="0"/>
  <testcase name="test_RS_peeking_6" classname="org.apache.jena.sparql.resultset.TestResultSet" time="0"/>
  <testcase name="test_RS_peeking_7" classname="org.apache.jena.sparql.resultset.TestResultSet" time="0"/>
  <testcase name="test_RS_peeking_8" classname="org.apache.jena.sparql.resultset.TestResultSet" time="0"/>
  <testcase name="test_RS_peeking_9" classname="org.apache.jena.sparql.resultset.TestResultSet" time="0"/>
  <testcase name="test_RS_1" classname="org.apache.jena.sparql.resultset.TestResultSet" time="0.001"/>
  <testcase name="test_RS_2" classname="org.apache.jena.sparql.resultset.TestResultSet" time="0.001"/>
  <testcase name="test_RS_3" classname="org.apache.jena.sparql.resultset.TestResultSet" time="0.015"/>
  <testcase name="test_RS_4" classname="org.apache.jena.sparql.resultset.TestResultSet" time="0.001"/>
  <testcase name="test_RS_5" classname="org.apache.jena.sparql.resultset.TestResultSet" time="0"/>
  <testcase name="test_RS_6" classname="org.apache.jena.sparql.resultset.TestResultSet" time="0.001"/>
  <testcase name="test_RS_7" classname="org.apache.jena.sparql.resultset.TestResultSet" time="0.022"/>
  <testcase name="test_RS_8" classname="org.apache.jena.sparql.resultset.TestResultSet" time="0.005"/>
  <testcase name="test_RS_9" classname="org.apache.jena.sparql.resultset.TestResultSet" time="0.013"/>
  <testcase name="test_RS_1_str" classname="org.apache.jena.sparql.resultset.TestResultSet" time="0.003"/>
  <testcase name="test_RS_2_str" classname="org.apache.jena.sparql.resultset.TestResultSet" time="0"/>
  <testcase name="test_RS_cmp_1" classname="org.apache.jena.sparql.resultset.TestResultSet" time="0"/>
  <testcase name="test_RS_cmp_2" classname="org.apache.jena.sparql.resultset.TestResultSet" time="0"/>
  <testcase name="test_RS_cmp_3" classname="org.apache.jena.sparql.resultset.TestResultSet" time="0"/>
  <testcase name="test_RS_cmp_4" classname="org.apache.jena.sparql.resultset.TestResultSet" time="0"/>
  <testcase name="test_RS_cmp_5" classname="org.apache.jena.sparql.resultset.TestResultSet" time="0"/>
  <testcase name="test_RS_cmp_6" classname="org.apache.jena.sparql.resultset.TestResultSet" time="0"/>
  <testcase name="test_RS_iso_1" classname="org.apache.jena.sparql.resultset.TestResultSet" time="0.003"/>
  <testcase name="test_RS_cmp_value_1" classname="org.apache.jena.sparql.resultset.TestResultSet" time="0.001"/>
  <testcase name="test_RS_10" classname="org.apache.jena.sparql.resultset.TestResultSet" time="0.002"/>
  <testcase name="resultset_01[0]" classname="org.apache.jena.sparql.resultset.TestResultSetFormat1" time="0.002"/>
  <testcase name="resultset_02[0]" classname="org.apache.jena.sparql.resultset.TestResultSetFormat1" time="0.001"/>
  <testcase name="resultset_03[0]" classname="org.apache.jena.sparql.resultset.TestResultSetFormat1" time="0"/>
  <testcase name="resultset_04[0]" classname="org.apache.jena.sparql.resultset.TestResultSetFormat1" time="0"/>
  <testcase name="resultset_05[0]" classname="org.apache.jena.sparql.resultset.TestResultSetFormat1" time="0"/>
  <testcase name="resultset_01[1]" classname="org.apache.jena.sparql.resultset.TestResultSetFormat1" time="0"/>
  <testcase name="resultset_02[1]" classname="org.apache.jena.sparql.resultset.TestResultSetFormat1" time="0.001"/>
  <testcase name="resultset_03[1]" classname="org.apache.jena.sparql.resultset.TestResultSetFormat1" time="0.001"/>
  <testcase name="resultset_04[1]" classname="org.apache.jena.sparql.resultset.TestResultSetFormat1" time="0"/>
  <testcase name="resultset_05[1]" classname="org.apache.jena.sparql.resultset.TestResultSetFormat1" time="0"/>
  <testcase name="resultset_01[2]" classname="org.apache.jena.sparql.resultset.TestResultSetFormat1" time="0.001"/>
  <testcase name="resultset_02[2]" classname="org.apache.jena.sparql.resultset.TestResultSetFormat1" time="0.001"/>
  <testcase name="resultset_03[2]" classname="org.apache.jena.sparql.resultset.TestResultSetFormat1" time="0"/>
  <testcase name="resultset_04[2]" classname="org.apache.jena.sparql.resultset.TestResultSetFormat1" time="0.002"/>
  <testcase name="resultset_05[2]" classname="org.apache.jena.sparql.resultset.TestResultSetFormat1" time="0"/>
  <testcase name="resultset_01[3]" classname="org.apache.jena.sparql.resultset.TestResultSetFormat1" time="0.004"/>
  <testcase name="resultset_02[3]" classname="org.apache.jena.sparql.resultset.TestResultSetFormat1" time="0"/>
  <testcase name="resultset_03[3]" classname="org.apache.jena.sparql.resultset.TestResultSetFormat1" time="0"/>
  <testcase name="resultset_04[3]" classname="org.apache.jena.sparql.resultset.TestResultSetFormat1" time="0.002"/>
  <testcase name="resultset_05[3]" classname="org.apache.jena.sparql.resultset.TestResultSetFormat1" time="0"/>
  <testcase name="resultset_01[4]" classname="org.apache.jena.sparql.resultset.TestResultSetFormat1" time="0"/>
  <testcase name="resultset_02[4]" classname="org.apache.jena.sparql.resultset.TestResultSetFormat1" time="0.001"/>
  <testcase name="resultset_03[4]" classname="org.apache.jena.sparql.resultset.TestResultSetFormat1" time="0.002"/>
  <testcase name="resultset_04[4]" classname="org.apache.jena.sparql.resultset.TestResultSetFormat1" time="0.001"/>
  <testcase name="resultset_05[4]" classname="org.apache.jena.sparql.resultset.TestResultSetFormat1" time="0"/>
  <testcase name="resultset_01[5]" classname="org.apache.jena.sparql.resultset.TestResultSetFormat1" time="0"/>
  <testcase name="resultset_02[5]" classname="org.apache.jena.sparql.resultset.TestResultSetFormat1" time="0.003"/>
  <testcase name="resultset_03[5]" classname="org.apache.jena.sparql.resultset.TestResultSetFormat1" time="0"/>
  <testcase name="resultset_04[5]" classname="org.apache.jena.sparql.resultset.TestResultSetFormat1" time="0.001"/>
  <testcase name="resultset_05[5]" classname="org.apache.jena.sparql.resultset.TestResultSetFormat1" time="0"/>
  <testcase name="resultset_01[6]" classname="org.apache.jena.sparql.resultset.TestResultSetFormat1" time="0.002"/>
  <testcase name="resultset_02[6]" classname="org.apache.jena.sparql.resultset.TestResultSetFormat1" time="0.001"/>
  <testcase name="resultset_03[6]" classname="org.apache.jena.sparql.resultset.TestResultSetFormat1" time="0.003"/>
  <testcase name="resultset_04[6]" classname="org.apache.jena.sparql.resultset.TestResultSetFormat1" time="0"/>
  <testcase name="resultset_05[6]" classname="org.apache.jena.sparql.resultset.TestResultSetFormat1" time="0"/>
  <testcase name="resultset_01[7]" classname="org.apache.jena.sparql.resultset.TestResultSetFormat1" time="0.001"/>
  <testcase name="resultset_02[7]" classname="org.apache.jena.sparql.resultset.TestResultSetFormat1" time="0"/>
  <testcase name="resultset_03[7]" classname="org.apache.jena.sparql.resultset.TestResultSetFormat1" time="0.001"/>
  <testcase name="resultset_04[7]" classname="org.apache.jena.sparql.resultset.TestResultSetFormat1" time="0"/>
  <testcase name="resultset_05[7]" classname="org.apache.jena.sparql.resultset.TestResultSetFormat1" time="0"/>
  <testcase name="resultset_01[8]" classname="org.apache.jena.sparql.resultset.TestResultSetFormat1" time="0.002"/>
  <testcase name="resultset_02[8]" classname="org.apache.jena.sparql.resultset.TestResultSetFormat1" time="0"/>
  <testcase name="resultset_03[8]" classname="org.apache.jena.sparql.resultset.TestResultSetFormat1" time="0.003"/>
  <testcase name="resultset_04[8]" classname="org.apache.jena.sparql.resultset.TestResultSetFormat1" time="0"/>
  <testcase name="resultset_05[8]" classname="org.apache.jena.sparql.resultset.TestResultSetFormat1" time="0.002"/>
  <testcase name="resultset_01[9]" classname="org.apache.jena.sparql.resultset.TestResultSetFormat1" time="0"/>
  <testcase name="resultset_02[9]" classname="org.apache.jena.sparql.resultset.TestResultSetFormat1" time="0"/>
  <testcase name="resultset_03[9]" classname="org.apache.jena.sparql.resultset.TestResultSetFormat1" time="0"/>
  <testcase name="resultset_04[9]" classname="org.apache.jena.sparql.resultset.TestResultSetFormat1" time="0.001"/>
  <testcase name="resultset_05[9]" classname="org.apache.jena.sparql.resultset.TestResultSetFormat1" time="0"/>
  <testcase name="resultset_01[10]" classname="org.apache.jena.sparql.resultset.TestResultSetFormat1" time="0"/>
  <testcase name="resultset_02[10]" classname="org.apache.jena.sparql.resultset.TestResultSetFormat1" time="0.001"/>
  <testcase name="resultset_03[10]" classname="org.apache.jena.sparql.resultset.TestResultSetFormat1" time="0.003"/>
  <testcase name="resultset_04[10]" classname="org.apache.jena.sparql.resultset.TestResultSetFormat1" time="0"/>
  <testcase name="resultset_05[10]" classname="org.apache.jena.sparql.resultset.TestResultSetFormat1" time="0"/>
  <testcase name="resultset_01[11]" classname="org.apache.jena.sparql.resultset.TestResultSetFormat1" time="0"/>
  <testcase name="resultset_02[11]" classname="org.apache.jena.sparql.resultset.TestResultSetFormat1" time="0.006"/>
  <testcase name="resultset_03[11]" classname="org.apache.jena.sparql.resultset.TestResultSetFormat1" time="0"/>
  <testcase name="resultset_04[11]" classname="org.apache.jena.sparql.resultset.TestResultSetFormat1" time="0"/>
  <testcase name="resultset_05[11]" classname="org.apache.jena.sparql.resultset.TestResultSetFormat1" time="0"/>
  <testcase name="resultset_csv_01" classname="org.apache.jena.sparql.resultset.TestResultSetFormat2" time="0"/>
  <testcase name="resultset_csv_02" classname="org.apache.jena.sparql.resultset.TestResultSetFormat2" time="0"/>
  <testcase name="resultset_tsv_01" classname="org.apache.jena.sparql.resultset.TestResultSetFormat2" time="0"/>
  <testcase name="resultset_tsv_02" classname="org.apache.jena.sparql.resultset.TestResultSetFormat2" time="0"/>
  <testcase name="resultset_tsv_03" classname="org.apache.jena.sparql.resultset.TestResultSetFormat2" time="0"/>
  <testcase name="resultset_tsv_04" classname="org.apache.jena.sparql.resultset.TestResultSetFormat2" time="0"/>
  <testcase name="resultset_tsv_05" classname="org.apache.jena.sparql.resultset.TestResultSetFormat2" time="0"/>
  <testcase name="resultset_tsv_06" classname="org.apache.jena.sparql.resultset.TestResultSetFormat2" time="0"/>
  <testcase name="resultset_tsv_07" classname="org.apache.jena.sparql.resultset.TestResultSetFormat2" time="0"/>
  <testcase name="resultset_tsv_08" classname="org.apache.jena.sparql.resultset.TestResultSetFormat2" time="0"/>
  <testcase name="resultset_tsv_09" classname="org.apache.jena.sparql.resultset.TestResultSetFormat2" time="0"/>
  <testcase name="resultset_tsv_11" classname="org.apache.jena.sparql.resultset.TestResultSetFormat2" time="0"/>
  <testcase name="resultset_tsv_12" classname="org.apache.jena.sparql.resultset.TestResultSetFormat2" time="0"/>
  <testcase name="resultset_tsv_13" classname="org.apache.jena.sparql.resultset.TestResultSetFormat2" time="0"/>
  <testcase name="resultset_tsv_14" classname="org.apache.jena.sparql.resultset.TestResultSetFormat2" time="0"/>
  <testcase name="resultset_bad_tsv_boolean_01" classname="org.apache.jena.sparql.resultset.TestResultSetFormat2" time="0"/>
  <testcase name="resultset_bad_tsv_boolean_02" classname="org.apache.jena.sparql.resultset.TestResultSetFormat2" time="0"/>
  <testcase name="resultset_bad_tsv_boolean_03" classname="org.apache.jena.sparql.resultset.TestResultSetFormat2" time="0"/>
  <testcase name="resultset_bad_tsv_boolean_04" classname="org.apache.jena.sparql.resultset.TestResultSetFormat2" time="0"/>
  <testcase name="resultset_bad_tsv_boolean_05" classname="org.apache.jena.sparql.resultset.TestResultSetFormat2" time="0"/>
  <testcase name="resultset_json_01" classname="org.apache.jena.sparql.resultset.TestResultSetFormat2" time="0"/>
  <testcase name="resultset_json_02" classname="org.apache.jena.sparql.resultset.TestResultSetFormat2" time="0"/>
  <testcase name="resultset_json_03" classname="org.apache.jena.sparql.resultset.TestResultSetFormat2" time="0"/>
  <testcase name="resultset_json_04" classname="org.apache.jena.sparql.resultset.TestResultSetFormat2" time="0"/>
  <testcase name="resultset_bad_tsv_01" classname="org.apache.jena.sparql.resultset.TestResultSetFormat2" time="0"/>
  <testcase name="resultset_bad_tsv_02" classname="org.apache.jena.sparql.resultset.TestResultSetFormat2" time="0"/>
  <testcase name="resultset_bad_tsv_03" classname="org.apache.jena.sparql.resultset.TestResultSetFormat2" time="0"/>
  <testcase name="resultset_bad_tsv_04" classname="org.apache.jena.sparql.resultset.TestResultSetFormat2" time="0.001"/>
  <testcase name="resultset_bad_tsv_05" classname="org.apache.jena.sparql.resultset.TestResultSetFormat2" time="0"/>
  <testcase name="resultset_bad_tsv_06" classname="org.apache.jena.sparql.resultset.TestResultSetFormat2" time="0"/>
  <testcase name="resultset_bad_tsv_07" classname="org.apache.jena.sparql.resultset.TestResultSetFormat2" time="0"/>
  <testcase name="resultset_bad_tsv_08" classname="org.apache.jena.sparql.resultset.TestResultSetFormat2" time="0.001"/>
  <testcase name="resultset_bad_tsv_09" classname="org.apache.jena.sparql.resultset.TestResultSetFormat2" time="0"/>
  <testcase name="resultset_tsv_boolean_01" classname="org.apache.jena.sparql.resultset.TestResultSetFormat2" time="0"/>
  <testcase name="resultset_tsv_boolean_02" classname="org.apache.jena.sparql.resultset.TestResultSetFormat2" time="0"/>
  <testcase name="resultset_tsv_boolean_03" classname="org.apache.jena.sparql.resultset.TestResultSetFormat2" time="0"/>
  <testcase name="resultset_tsv_boolean_04" classname="org.apache.jena.sparql.resultset.TestResultSetFormat2" time="0"/>
  <testcase name="resultset_tsv_boolean_05" classname="org.apache.jena.sparql.resultset.TestResultSetFormat2" time="0"/>
  <testcase name="resultset_tsv_boolean_06" classname="org.apache.jena.sparql.resultset.TestResultSetFormat2" time="0"/>
  <testcase name="resultset_tsv_boolean_07" classname="org.apache.jena.sparql.resultset.TestResultSetFormat2" time="0"/>
  <testcase name="resultset_tsv_boolean_08" classname="org.apache.jena.sparql.resultset.TestResultSetFormat2" time="0"/>
  <testcase name="resultset_tsv_boolean_09" classname="org.apache.jena.sparql.resultset.TestResultSetFormat2" time="0.001"/>
  <testcase name="resultset_tsv_boolean_10" classname="org.apache.jena.sparql.resultset.TestResultSetFormat2" time="0"/>
  <testcase name="resultset_tsv_boolean_11" classname="org.apache.jena.sparql.resultset.TestResultSetFormat2" time="0"/>
  <testcase name="resultset_tsv_boolean_12" classname="org.apache.jena.sparql.resultset.TestResultSetFormat2" time="0"/>
</testsuite>