<?xml version="1.0" encoding="UTF-8"?>
<testsuite xmlns:xsi="http://www.w3.org/2001/XMLSchema-instance" xsi:schemaLocation="https://maven.apache.org/surefire/maven-surefire-plugin/xsd/surefire-test-report.xsd" name="org.apache.jena.system.TS_System" time="0.001" tests="51" errors="0" skipped="0" failures="0">
  <properties>
    <property name="java.runtime.name" value="Java(TM) SE Runtime Environment"/>
    <property name="sun.boot.library.path" value="/Library/Java/JavaVirtualMachines/jdk1.8.0_102.jdk/Contents/Home/jre/lib"/>
    <property name="java.vm.version" value="25.102-b14"/>
    <property name="user.country.format" value="FR"/>
    <property name="gopherProxySet" value="false"/>
    <property name="java.vm.vendor" value="Oracle Corporation"/>
    <property name="java.vendor.url" value="http://java.oracle.com/"/>
    <property name="path.separator" value=":"/>
    <property name="guice.disable.misplaced.annotation.check" value="true"/>
    <property name="java.vm.name" value="Java HotSpot(TM) 64-Bit Server VM"/>
    <property name="file.encoding.pkg" value="sun.io"/>
    <property name="user.country" value="US"/>
    <property name="sun.java.launcher" value="SUN_STANDARD"/>
    <property name="sun.os.patch.level" value="unknown"/>
    <property name="java.vm.specification.name" value="Java Virtual Machine Specification"/>
    <property name="user.dir" value="/Users/Sejal/Desktop/Internship/jena-3.3.0/jena-arq"/>
    <property name="java.runtime.version" value="1.8.0_102-b14"/>
    <property name="java.awt.graphicsenv" value="sun.awt.CGraphicsEnvironment"/>
    <property name="java.endorsed.dirs" value="/Library/Java/JavaVirtualMachines/jdk1.8.0_102.jdk/Contents/Home/jre/lib/endorsed"/>
    <property name="os.arch" value="x86_64"/>
    <property name="java.io.tmpdir" value="/var/folders/wy/dyqvnk8n7tsdv7bhf0vwwdl00000gn/T/"/>
    <property name="line.separator" value="&#10;"/>
    <property name="java.vm.specification.vendor" value="Oracle Corporation"/>
    <property name="os.name" value="Mac OS X"/>
    <property name="maven.ext.class.path" value="/Applications/NetBeans/NetBeans 8.2.app/Contents/Resources/NetBeans/java/maven-nblib/netbeans-eventspy.jar"/>
    <property name="classworlds.conf" value="/Applications/NetBeans/NetBeans 8.2.app/Contents/Resources/NetBeans/java/maven/bin/m2.conf"/>
    <property name="sun.jnu.encoding" value="UTF-8"/>
    <property name="java.library.path" value="/Users/Sejal/Library/Java/Extensions:/Library/Java/Extensions:/Network/Library/Java/Extensions:/System/Library/Java/Extensions:/usr/lib/java:."/>
    <property name="java.specification.name" value="Java Platform API Specification"/>
    <property name="java.class.version" value="52.0"/>
    <property name="sun.management.compiler" value="HotSpot 64-Bit Tiered Compilers"/>
    <property name="os.version" value="10.12.3"/>
    <property name="http.nonProxyHosts" value="local|*.local|169.254/16|*.169.254/16"/>
    <property name="user.home" value="/Users/Sejal"/>
    <property name="user.timezone" value="Europe/Paris"/>
    <property name="java.awt.printerjob" value="sun.lwawt.macosx.CPrinterJob"/>
    <property name="java.specification.version" value="1.8"/>
    <property name="file.encoding" value="UTF-8"/>
    <property name="user.name" value="Sejal"/>
    <property name="java.class.path" value="/Applications/NetBeans/NetBeans 8.2.app/Contents/Resources/NetBeans/java/maven/boot/plexus-classworlds-2.4.jar"/>
    <property name="java.vm.specification.version" value="1.8"/>
    <property name="sun.arch.data.model" value="64"/>
    <property name="java.home" value="/Library/Java/JavaVirtualMachines/jdk1.8.0_102.jdk/Contents/Home/jre"/>
    <property name="sun.java.command" value="org.codehaus.plexus.classworlds.launcher.Launcher -Dmaven.ext.class.path=/Applications/NetBeans/NetBeans 8.2.app/Contents/Resources/NetBeans/java/maven-nblib/netbeans-eventspy.jar clean install"/>
    <property name="java.specification.vendor" value="Oracle Corporation"/>
    <property name="user.language" value="en"/>
    <property name="awt.toolkit" value="sun.lwawt.macosx.LWCToolkit"/>
    <property name="java.vm.info" value="mixed mode"/>
    <property name="java.version" value="1.8.0_102"/>
    <property name="java.ext.dirs" value="/Users/Sejal/Library/Java/Extensions:/Library/Java/JavaVirtualMachines/jdk1.8.0_102.jdk/Contents/Home/jre/lib/ext:/Library/Java/Extensions:/Network/Library/Java/Extensions:/System/Library/Java/Extensions:/usr/lib/java"/>
    <property name="sun.boot.class.path" value="/Library/Java/JavaVirtualMachines/jdk1.8.0_102.jdk/Contents/Home/jre/lib/resources.jar:/Library/Java/JavaVirtualMachines/jdk1.8.0_102.jdk/Contents/Home/jre/lib/rt.jar:/Library/Java/JavaVirtualMachines/jdk1.8.0_102.jdk/Contents/Home/jre/lib/sunrsasign.jar:/Library/Java/JavaVirtualMachines/jdk1.8.0_102.jdk/Contents/Home/jre/lib/jsse.jar:/Library/Java/JavaVirtualMachines/jdk1.8.0_102.jdk/Contents/Home/jre/lib/jce.jar:/Library/Java/JavaVirtualMachines/jdk1.8.0_102.jdk/Contents/Home/jre/lib/charsets.jar:/Library/Java/JavaVirtualMachines/jdk1.8.0_102.jdk/Contents/Home/jre/lib/jfr.jar:/Library/Java/JavaVirtualMachines/jdk1.8.0_102.jdk/Contents/Home/jre/classes"/>
    <property name="java.vendor" value="Oracle Corporation"/>
    <property name="maven.home" value="/Applications/NetBeans/NetBeans 8.2.app/Contents/Resources/NetBeans/java/maven"/>
    <property name="file.separator" value="/"/>
    <property name="java.vendor.url.bug" value="http://bugreport.sun.com/bugreport/"/>
    <property name="sun.cpu.endian" value="little"/>
    <property name="sun.io.unicode.encoding" value="UnicodeBig"/>
    <property name="socksNonProxyHosts" value="local|*.local|169.254/16|*.169.254/16"/>
    <property name="ftp.nonProxyHosts" value="local|*.local|169.254/16|*.169.254/16"/>
    <property name="sun.cpu.isalist" value=""/>
  </properties>
  <testcase name="counter_01" classname="org.apache.jena.system.TestCounter" time="0"/>
  <testcase name="counter_02" classname="org.apache.jena.system.TestCounter" time="0"/>
  <testcase name="counter_lifecycle_1" classname="org.apache.jena.system.TestCounter" time="0"/>
  <testcase name="counter_lifecycle_2" classname="org.apache.jena.system.TestCounter" time="0"/>
  <testcase name="counter_lifecycle_3" classname="org.apache.jena.system.TestCounter" time="0"/>
  <testcase name="counter_lifecycle_4" classname="org.apache.jena.system.TestCounter" time="0"/>
  <testcase name="counter_lifecycle_5" classname="org.apache.jena.system.TestCounter" time="0"/>
  <testcase name="counter_lifecycle_6" classname="org.apache.jena.system.TestCounter" time="0"/>
  <testcase name="counter_bad_01" classname="org.apache.jena.system.TestCounter" time="0"/>
  <testcase name="counter_bad_02" classname="org.apache.jena.system.TestCounter" time="0"/>
  <testcase name="counter_bad_03" classname="org.apache.jena.system.TestCounter" time="0"/>
  <testcase name="counter_bad_04" classname="org.apache.jena.system.TestCounter" time="0"/>
  <testcase name="counter_bad_05" classname="org.apache.jena.system.TestCounter" time="0"/>
  <testcase name="action_01" classname="org.apache.jena.system.TestThreadAction" time="0"/>
  <testcase name="action_02" classname="org.apache.jena.system.TestThreadAction" time="0"/>
  <testcase name="action_03" classname="org.apache.jena.system.TestThreadAction" time="0"/>
  <testcase name="action_04" classname="org.apache.jena.system.TestThreadAction" time="0"/>
  <testcase name="action_05" classname="org.apache.jena.system.TestThreadAction" time="0"/>
  <testcase name="action_06" classname="org.apache.jena.system.TestThreadAction" time="0"/>
  <testcase name="action_07" classname="org.apache.jena.system.TestThreadAction" time="0"/>
  <testcase name="txn_lifecycle_01" classname="org.apache.jena.system.TestTxnLifecycle" time="0"/>
  <testcase name="txn_lifecycle_02" classname="org.apache.jena.system.TestTxnLifecycle" time="0"/>
  <testcase name="txn_lifecycle_03" classname="org.apache.jena.system.TestTxnLifecycle" time="0"/>
  <testcase name="txn_lifecycle_04" classname="org.apache.jena.system.TestTxnLifecycle" time="0"/>
  <testcase name="txn_lifecycle_05" classname="org.apache.jena.system.TestTxnLifecycle" time="0"/>
  <testcase name="txn_lifecycle_06" classname="org.apache.jena.system.TestTxnLifecycle" time="0"/>
  <testcase name="txn_lifecycle_07" classname="org.apache.jena.system.TestTxnLifecycle" time="0"/>
  <testcase name="txn_lifecycle_08" classname="org.apache.jena.system.TestTxnLifecycle" time="0"/>
  <testcase name="txn_lifecycle_09" classname="org.apache.jena.system.TestTxnLifecycle" time="0"/>
  <testcase name="txn_lifecycle_10" classname="org.apache.jena.system.TestTxnLifecycle" time="0"/>
  <testcase name="txn_rw_1" classname="org.apache.jena.system.TestTxn" time="0"/>
  <testcase name="txn_rw_2" classname="org.apache.jena.system.TestTxn" time="0"/>
  <testcase name="txn_continue_1" classname="org.apache.jena.system.TestTxn" time="0"/>
  <testcase name="txn_continue_2" classname="org.apache.jena.system.TestTxn" time="0"/>
  <testcase name="txn_exception_01" classname="org.apache.jena.system.TestTxn" time="0"/>
  <testcase name="txn_exception_02" classname="org.apache.jena.system.TestTxn" time="0"/>
  <testcase name="txn_exception_03" classname="org.apache.jena.system.TestTxn" time="0"/>
  <testcase name="txn_write_01" classname="org.apache.jena.system.TestTxn" time="0"/>
  <testcase name="txn_write_02" classname="org.apache.jena.system.TestTxn" time="0"/>
  <testcase name="txn_write_03" classname="org.apache.jena.system.TestTxn" time="0"/>
  <testcase name="txn_write_04" classname="org.apache.jena.system.TestTxn" time="0"/>
  <testcase name="txn_basic_01" classname="org.apache.jena.system.TestTxn" time="0"/>
  <testcase name="txn_basic_02" classname="org.apache.jena.system.TestTxn" time="0"/>
  <testcase name="txn_basic_03" classname="org.apache.jena.system.TestTxn" time="0"/>
  <testcase name="txn_basic_05" classname="org.apache.jena.system.TestTxn" time="0"/>
  <testcase name="txnThread_1" classname="org.apache.jena.system.TestTxnThread" time="0"/>
  <testcase name="txnThread_2" classname="org.apache.jena.system.TestTxnThread" time="0"/>
  <testcase name="txnThread_3" classname="org.apache.jena.system.TestTxnThread" time="0"/>
  <testcase name="txnThread_10" classname="org.apache.jena.system.TestTxnThread" time="0"/>
  <testcase name="txnThread_11" classname="org.apache.jena.system.TestTxnThread" time="0"/>
  <testcase name="txnThread_12" classname="org.apache.jena.system.TestTxnThread" time="0"/>
</testsuite>