<?xml version="1.0" encoding="UTF-8"?>
<testsuite xmlns:xsi="http://www.w3.org/2001/XMLSchema-instance" xsi:schemaLocation="https://maven.apache.org/surefire/maven-surefire-plugin/xsd/surefire-test-report.xsd" name="org.apache.jena.riot.TS_LangSuite" time="7.236" tests="861" errors="0" skipped="0" failures="0">
  <properties>
    <property name="java.runtime.name" value="Java(TM) SE Runtime Environment"/>
    <property name="sun.boot.library.path" value="/Library/Java/JavaVirtualMachines/jdk1.8.0_102.jdk/Contents/Home/jre/lib"/>
    <property name="java.vm.version" value="25.102-b14"/>
    <property name="user.country.format" value="FR"/>
    <property name="gopherProxySet" value="false"/>
    <property name="java.vm.vendor" value="Oracle Corporation"/>
    <property name="java.vendor.url" value="http://java.oracle.com/"/>
    <property name="path.separator" value=":"/>
    <property name="guice.disable.misplaced.annotation.check" value="true"/>
    <property name="java.vm.name" value="Java HotSpot(TM) 64-Bit Server VM"/>
    <property name="file.encoding.pkg" value="sun.io"/>
    <property name="user.country" value="US"/>
    <property name="sun.java.launcher" value="SUN_STANDARD"/>
    <property name="sun.os.patch.level" value="unknown"/>
    <property name="java.vm.specification.name" value="Java Virtual Machine Specification"/>
    <property name="user.dir" value="/Users/Sejal/Desktop/Internship/jena-3.3.0/jena-arq"/>
    <property name="java.runtime.version" value="1.8.0_102-b14"/>
    <property name="java.awt.graphicsenv" value="sun.awt.CGraphicsEnvironment"/>
    <property name="java.endorsed.dirs" value="/Library/Java/JavaVirtualMachines/jdk1.8.0_102.jdk/Contents/Home/jre/lib/endorsed"/>
    <property name="os.arch" value="x86_64"/>
    <property name="java.io.tmpdir" value="/var/folders/wy/dyqvnk8n7tsdv7bhf0vwwdl00000gn/T/"/>
    <property name="line.separator" value="&#10;"/>
    <property name="java.vm.specification.vendor" value="Oracle Corporation"/>
    <property name="os.name" value="Mac OS X"/>
    <property name="maven.ext.class.path" value="/Applications/NetBeans/NetBeans 8.2.app/Contents/Resources/NetBeans/java/maven-nblib/netbeans-eventspy.jar"/>
    <property name="classworlds.conf" value="/Applications/NetBeans/NetBeans 8.2.app/Contents/Resources/NetBeans/java/maven/bin/m2.conf"/>
    <property name="sun.jnu.encoding" value="UTF-8"/>
    <property name="java.library.path" value="/Users/Sejal/Library/Java/Extensions:/Library/Java/Extensions:/Network/Library/Java/Extensions:/System/Library/Java/Extensions:/usr/lib/java:."/>
    <property name="java.specification.name" value="Java Platform API Specification"/>
    <property name="java.class.version" value="52.0"/>
    <property name="sun.management.compiler" value="HotSpot 64-Bit Tiered Compilers"/>
    <property name="os.version" value="10.12.3"/>
    <property name="http.nonProxyHosts" value="local|*.local|169.254/16|*.169.254/16"/>
    <property name="user.home" value="/Users/Sejal"/>
    <property name="user.timezone" value="Europe/Paris"/>
    <property name="java.awt.printerjob" value="sun.lwawt.macosx.CPrinterJob"/>
    <property name="java.specification.version" value="1.8"/>
    <property name="file.encoding" value="UTF-8"/>
    <property name="user.name" value="Sejal"/>
    <property name="java.class.path" value="/Applications/NetBeans/NetBeans 8.2.app/Contents/Resources/NetBeans/java/maven/boot/plexus-classworlds-2.4.jar"/>
    <property name="java.vm.specification.version" value="1.8"/>
    <property name="sun.arch.data.model" value="64"/>
    <property name="java.home" value="/Library/Java/JavaVirtualMachines/jdk1.8.0_102.jdk/Contents/Home/jre"/>
    <property name="sun.java.command" value="org.codehaus.plexus.classworlds.launcher.Launcher -Dmaven.ext.class.path=/Applications/NetBeans/NetBeans 8.2.app/Contents/Resources/NetBeans/java/maven-nblib/netbeans-eventspy.jar clean install"/>
    <property name="java.specification.vendor" value="Oracle Corporation"/>
    <property name="user.language" value="en"/>
    <property name="awt.toolkit" value="sun.lwawt.macosx.LWCToolkit"/>
    <property name="java.vm.info" value="mixed mode"/>
    <property name="java.version" value="1.8.0_102"/>
    <property name="java.ext.dirs" value="/Users/Sejal/Library/Java/Extensions:/Library/Java/JavaVirtualMachines/jdk1.8.0_102.jdk/Contents/Home/jre/lib/ext:/Library/Java/Extensions:/Network/Library/Java/Extensions:/System/Library/Java/Extensions:/usr/lib/java"/>
    <property name="sun.boot.class.path" value="/Library/Java/JavaVirtualMachines/jdk1.8.0_102.jdk/Contents/Home/jre/lib/resources.jar:/Library/Java/JavaVirtualMachines/jdk1.8.0_102.jdk/Contents/Home/jre/lib/rt.jar:/Library/Java/JavaVirtualMachines/jdk1.8.0_102.jdk/Contents/Home/jre/lib/sunrsasign.jar:/Library/Java/JavaVirtualMachines/jdk1.8.0_102.jdk/Contents/Home/jre/lib/jsse.jar:/Library/Java/JavaVirtualMachines/jdk1.8.0_102.jdk/Contents/Home/jre/lib/jce.jar:/Library/Java/JavaVirtualMachines/jdk1.8.0_102.jdk/Contents/Home/jre/lib/charsets.jar:/Library/Java/JavaVirtualMachines/jdk1.8.0_102.jdk/Contents/Home/jre/lib/jfr.jar:/Library/Java/JavaVirtualMachines/jdk1.8.0_102.jdk/Contents/Home/jre/classes"/>
    <property name="java.vendor" value="Oracle Corporation"/>
    <property name="maven.home" value="/Applications/NetBeans/NetBeans 8.2.app/Contents/Resources/NetBeans/java/maven"/>
    <property name="file.separator" value="/"/>
    <property name="java.vendor.url.bug" value="http://bugreport.sun.com/bugreport/"/>
    <property name="sun.cpu.endian" value="little"/>
    <property name="sun.io.unicode.encoding" value="UnicodeBig"/>
    <property name="socksNonProxyHosts" value="local|*.local|169.254/16|*.169.254/16"/>
    <property name="ftp.nonProxyHosts" value="local|*.local|169.254/16|*.169.254/16"/>
    <property name="sun.cpu.isalist" value=""/>
  </properties>
  <testcase name="ntriples-syntax-file-01" classname="org.apache.jena.riot.langsuite.UnitTestSyntax" time="0"/>
  <testcase name="ntriples-syntax-file-02" classname="org.apache.jena.riot.langsuite.UnitTestSyntax" time="0.01"/>
  <testcase name="ntriples-syntax-file-03" classname="org.apache.jena.riot.langsuite.UnitTestSyntax" time="0.014"/>
  <testcase name="ntriples-syntax-uri-01" classname="org.apache.jena.riot.langsuite.UnitTestSyntax" time="0.001"/>
  <testcase name="ntriples-syntax-uri-02" classname="org.apache.jena.riot.langsuite.UnitTestSyntax" time="0.012"/>
  <testcase name="ntriples-syntax-uri-03" classname="org.apache.jena.riot.langsuite.UnitTestSyntax" time="0"/>
  <testcase name="ntriples-syntax-datatypes-01" classname="org.apache.jena.riot.langsuite.UnitTestSyntax" time="0.014"/>
  <testcase name="ntriples-syntax-datatypes-02" classname="org.apache.jena.riot.langsuite.UnitTestSyntax" time="0"/>
  <testcase name="ntriples-syntax-string-01" classname="org.apache.jena.riot.langsuite.UnitTestSyntax" time="0.009"/>
  <testcase name="ntriples-syntax-string-02" classname="org.apache.jena.riot.langsuite.UnitTestSyntax" time="0.008"/>
  <testcase name="ntriples-syntax-string-03" classname="org.apache.jena.riot.langsuite.UnitTestSyntax" time="0.007"/>
  <testcase name="ntriples-syntax-bad-string-01" classname="org.apache.jena.riot.langsuite.UnitTestBadSyntax" time="0.001"/>
  <testcase name="ntriples-syntax-bad-string-02" classname="org.apache.jena.riot.langsuite.UnitTestBadSyntax" time="0.001"/>
  <testcase name="ntriples-syntax-bad-string-03" classname="org.apache.jena.riot.langsuite.UnitTestBadSyntax" time="0.001"/>
  <testcase name="ntriples-syntax-bad-string-04" classname="org.apache.jena.riot.langsuite.UnitTestBadSyntax" time="0.001"/>
  <testcase name="ntriples-syntax-bad-string-05" classname="org.apache.jena.riot.langsuite.UnitTestBadSyntax" time="0"/>
  <testcase name="ntriples-syntax-bad-string-06" classname="org.apache.jena.riot.langsuite.UnitTestBadSyntax" time="0.001"/>
  <testcase name="ntriples-syntax-str-esc-01" classname="org.apache.jena.riot.langsuite.UnitTestSyntax" time="0.001"/>
  <testcase name="ntriples-syntax-str-esc-02" classname="org.apache.jena.riot.langsuite.UnitTestSyntax" time="0.012"/>
  <testcase name="ntriples-syntax-str-esc-03" classname="org.apache.jena.riot.langsuite.UnitTestSyntax" time="0.001"/>
  <testcase name="ntriples-syntax-bad-struct-01" classname="org.apache.jena.riot.langsuite.UnitTestBadSyntax" time="0.001"/>
  <testcase name="ntriples-syntax-bad-struct-02" classname="org.apache.jena.riot.langsuite.UnitTestBadSyntax" time="0.001"/>
  <testcase name="ntriples-syntax-bad-struct-03" classname="org.apache.jena.riot.langsuite.UnitTestBadSyntax" time="0.001"/>
  <testcase name="ntriples-syntax-bad-struct-04" classname="org.apache.jena.riot.langsuite.UnitTestBadSyntax" time="0"/>
  <testcase name="ntriples-syntax-bad-struct-05" classname="org.apache.jena.riot.langsuite.UnitTestBadSyntax" time="0.002"/>
  <testcase name="ntriples-syntax-bad-struct-06" classname="org.apache.jena.riot.langsuite.UnitTestBadSyntax" time="0"/>
  <testcase name="ntriples-syntax-bad-struct-07" classname="org.apache.jena.riot.langsuite.UnitTestBadSyntax" time="0.002"/>
  <testcase name="ntriples-syntax-bad-struct-08" classname="org.apache.jena.riot.langsuite.UnitTestBadSyntax" time="0"/>
  <testcase name="ntriples-syntax-bad-struct-09" classname="org.apache.jena.riot.langsuite.UnitTestBadSyntax" time="0.001"/>
  <testcase name="turtle-eval-extra-01" classname="org.apache.jena.riot.langsuite.UnitTestEval" time="0.575"/>
  <testcase name="turtle-eval-extra-02" classname="org.apache.jena.riot.langsuite.UnitTestEval" time="0.298"/>
  <testcase name="turtle-eval-extra-03" classname="org.apache.jena.riot.langsuite.UnitTestEval" time="0.317"/>
  <testcase name="subm-test-01" classname="org.apache.jena.riot.langsuite.UnitTestEval" time="0.017"/>
  <testcase name="subm-test-02" classname="org.apache.jena.riot.langsuite.UnitTestEval" time="0.02"/>
  <testcase name="subm-test-03" classname="org.apache.jena.riot.langsuite.UnitTestEval" time="0.002"/>
  <testcase name="subm-test-04" classname="org.apache.jena.riot.langsuite.UnitTestEval" time="0.003"/>
  <testcase name="subm-test-05" classname="org.apache.jena.riot.langsuite.UnitTestEval" time="0.004"/>
  <testcase name="subm-test-06" classname="org.apache.jena.riot.langsuite.UnitTestEval" time="0.002"/>
  <testcase name="subm-test-07" classname="org.apache.jena.riot.langsuite.UnitTestEval" time="0.002"/>
  <testcase name="subm-test-08" classname="org.apache.jena.riot.langsuite.UnitTestEval" time="0.013"/>
  <testcase name="subm-test-09" classname="org.apache.jena.riot.langsuite.UnitTestEval" time="0.003"/>
  <testcase name="subm-test-10" classname="org.apache.jena.riot.langsuite.UnitTestEval" time="0.003"/>
  <testcase name="subm-test-11" classname="org.apache.jena.riot.langsuite.UnitTestEval" time="0.002"/>
  <testcase name="subm-test-12" classname="org.apache.jena.riot.langsuite.UnitTestEval" time="0.002"/>
  <testcase name="subm-test-13" classname="org.apache.jena.riot.langsuite.UnitTestEval" time="0.002"/>
  <testcase name="subm-test-14" classname="org.apache.jena.riot.langsuite.UnitTestEval" time="0.431"/>
  <testcase name="subm-test-15" classname="org.apache.jena.riot.langsuite.UnitTestEval" time="0.267"/>
  <testcase name="subm-test-16" classname="org.apache.jena.riot.langsuite.UnitTestEval" time="0.255"/>
  <testcase name="subm-test-17" classname="org.apache.jena.riot.langsuite.UnitTestEval" time="0.026"/>
  <testcase name="subm-test-18" classname="org.apache.jena.riot.langsuite.UnitTestEval" time="0.015"/>
  <testcase name="subm-test-19" classname="org.apache.jena.riot.langsuite.UnitTestEval" time="0.002"/>
  <testcase name="subm-test-20" classname="org.apache.jena.riot.langsuite.UnitTestEval" time="0.001"/>
  <testcase name="subm-test-21" classname="org.apache.jena.riot.langsuite.UnitTestEval" time="0.002"/>
  <testcase name="subm-test-22" classname="org.apache.jena.riot.langsuite.UnitTestEval" time="0.001"/>
  <testcase name="subm-test-23" classname="org.apache.jena.riot.langsuite.UnitTestEval" time="0.001"/>
  <testcase name="subm-test-24" classname="org.apache.jena.riot.langsuite.UnitTestEval" time="0.001"/>
  <testcase name="subm-test-25" classname="org.apache.jena.riot.langsuite.UnitTestEval" time="0.001"/>
  <testcase name="subm-test-26" classname="org.apache.jena.riot.langsuite.UnitTestEval" time="0.001"/>
  <testcase name="subm-test-27" classname="org.apache.jena.riot.langsuite.UnitTestEval" time="0.001"/>
  <testcase name="subm-test-28" classname="org.apache.jena.riot.langsuite.UnitTestEval" time="0.009"/>
  <testcase name="subm-rdf-schema" classname="org.apache.jena.riot.langsuite.UnitTestEval" time="0.023"/>
  <testcase name="subm-rdfs-namespace" classname="org.apache.jena.riot.langsuite.UnitTestEval" time="0.018"/>
  <testcase name="subm-bad-00" classname="org.apache.jena.riot.langsuite.UnitTestBadSyntax" time="0.007"/>
  <testcase name="subm-bad-01" classname="org.apache.jena.riot.langsuite.UnitTestBadSyntax" time="0.001"/>
  <testcase name="subm-bad-02" classname="org.apache.jena.riot.langsuite.UnitTestBadSyntax" time="0.014"/>
  <testcase name="subm-bad-03" classname="org.apache.jena.riot.langsuite.UnitTestBadSyntax" time="0.015"/>
  <testcase name="subm-bad-04" classname="org.apache.jena.riot.langsuite.UnitTestBadSyntax" time="0.008"/>
  <testcase name="subm-bad-05" classname="org.apache.jena.riot.langsuite.UnitTestBadSyntax" time="0.012"/>
  <testcase name="bad-06" classname="org.apache.jena.riot.langsuite.UnitTestBadSyntax" time="0"/>
  <testcase name="bad-07" classname="org.apache.jena.riot.langsuite.UnitTestBadSyntax" time="0"/>
  <testcase name="bad-08" classname="org.apache.jena.riot.langsuite.UnitTestBadSyntax" time="0"/>
  <testcase name="bad-09" classname="org.apache.jena.riot.langsuite.UnitTestBadSyntax" time="0.001"/>
  <testcase name="bad-10" classname="org.apache.jena.riot.langsuite.UnitTestBadSyntax" time="0"/>
  <testcase name="bad-11" classname="org.apache.jena.riot.langsuite.UnitTestBadSyntax" time="0.001"/>
  <testcase name="bad-12" classname="org.apache.jena.riot.langsuite.UnitTestBadSyntax" time="0.001"/>
  <testcase name="bad-13" classname="org.apache.jena.riot.langsuite.UnitTestBadSyntax" time="0.001"/>
  <testcase name="bad-14" classname="org.apache.jena.riot.langsuite.UnitTestBadSyntax" time="0.001"/>
  <testcase name="rdf-json-00" classname="org.apache.jena.riot.langsuite.UnitTestEval" time="0.022"/>
  <testcase name="rdf-json-90" classname="org.apache.jena.riot.langsuite.UnitTestEval" time="0.005"/>
  <testcase name="rdf-json-91" classname="org.apache.jena.riot.langsuite.UnitTestEval" time="0.003"/>
  <testcase name="String where JSON object expected for predicates" classname="org.apache.jena.riot.langsuite.UnitTestBadSyntax" time="0.029"/>
  <testcase name="String where JSON array expected for objects" classname="org.apache.jena.riot.langsuite.UnitTestBadSyntax" time="0.001"/>
  <testcase name="nt-syntax-file-01" classname="org.apache.jena.riot.langsuite.UnitTestSyntax" time="0"/>
  <testcase name="nt-syntax-file-01" classname="org.apache.jena.riot.langsuite.UnitTestSyntax" time="0"/>
  <testcase name="nt-syntax-file-02" classname="org.apache.jena.riot.langsuite.UnitTestSyntax" time="0.008"/>
  <testcase name="nt-syntax-file-02" classname="org.apache.jena.riot.langsuite.UnitTestSyntax" time="0.001"/>
  <testcase name="nt-syntax-file-03" classname="org.apache.jena.riot.langsuite.UnitTestSyntax" time="0"/>
  <testcase name="nt-syntax-file-03" classname="org.apache.jena.riot.langsuite.UnitTestSyntax" time="0"/>
  <testcase name="nt-syntax-uri-01" classname="org.apache.jena.riot.langsuite.UnitTestSyntax" time="0.008"/>
  <testcase name="nt-syntax-uri-01" classname="org.apache.jena.riot.langsuite.UnitTestSyntax" time="0.009"/>
  <testcase name="nt-syntax-uri-02" classname="org.apache.jena.riot.langsuite.UnitTestSyntax" time="0.001"/>
  <testcase name="nt-syntax-uri-02" classname="org.apache.jena.riot.langsuite.UnitTestSyntax" time="0.001"/>
  <testcase name="nt-syntax-uri-03" classname="org.apache.jena.riot.langsuite.UnitTestSyntax" time="0.001"/>
  <testcase name="nt-syntax-uri-03" classname="org.apache.jena.riot.langsuite.UnitTestSyntax" time="0.001"/>
  <testcase name="nt-syntax-uri-04" classname="org.apache.jena.riot.langsuite.UnitTestSyntax" time="0.014"/>
  <testcase name="nt-syntax-uri-04" classname="org.apache.jena.riot.langsuite.UnitTestSyntax" time="0.016"/>
  <testcase name="nt-syntax-string-01" classname="org.apache.jena.riot.langsuite.UnitTestSyntax" time="0.001"/>
  <testcase name="nt-syntax-string-01" classname="org.apache.jena.riot.langsuite.UnitTestSyntax" time="0.001"/>
  <testcase name="nt-syntax-string-02" classname="org.apache.jena.riot.langsuite.UnitTestSyntax" time="0.001"/>
  <testcase name="nt-syntax-string-02" classname="org.apache.jena.riot.langsuite.UnitTestSyntax" time="0.007"/>
  <testcase name="nt-syntax-string-03" classname="org.apache.jena.riot.langsuite.UnitTestSyntax" time="0.009"/>
  <testcase name="nt-syntax-string-03" classname="org.apache.jena.riot.langsuite.UnitTestSyntax" time="0.001"/>
  <testcase name="nt-syntax-str-esc-01" classname="org.apache.jena.riot.langsuite.UnitTestSyntax" time="0.001"/>
  <testcase name="nt-syntax-str-esc-01" classname="org.apache.jena.riot.langsuite.UnitTestSyntax" time="0.001"/>
  <testcase name="nt-syntax-str-esc-02" classname="org.apache.jena.riot.langsuite.UnitTestSyntax" time="0.014"/>
  <testcase name="nt-syntax-str-esc-02" classname="org.apache.jena.riot.langsuite.UnitTestSyntax" time="0"/>
  <testcase name="nt-syntax-str-esc-03" classname="org.apache.jena.riot.langsuite.UnitTestSyntax" time="0.008"/>
  <testcase name="nt-syntax-str-esc-03" classname="org.apache.jena.riot.langsuite.UnitTestSyntax" time="0.013"/>
  <testcase name="nt-syntax-bnode-01" classname="org.apache.jena.riot.langsuite.UnitTestSyntax" time="0.007"/>
  <testcase name="nt-syntax-bnode-01" classname="org.apache.jena.riot.langsuite.UnitTestSyntax" time="0.013"/>
  <testcase name="nt-syntax-bnode-02" classname="org.apache.jena.riot.langsuite.UnitTestSyntax" time="0"/>
  <testcase name="nt-syntax-bnode-02" classname="org.apache.jena.riot.langsuite.UnitTestSyntax" time="0.013"/>
  <testcase name="nt-syntax-bnode-03" classname="org.apache.jena.riot.langsuite.UnitTestSyntax" time="0.001"/>
  <testcase name="nt-syntax-bnode-03" classname="org.apache.jena.riot.langsuite.UnitTestSyntax" time="0.009"/>
  <testcase name="nt-syntax-datatypes-01" classname="org.apache.jena.riot.langsuite.UnitTestSyntax" time="0.001"/>
  <testcase name="nt-syntax-datatypes-01" classname="org.apache.jena.riot.langsuite.UnitTestSyntax" time="0.001"/>
  <testcase name="nt-syntax-datatypes-02" classname="org.apache.jena.riot.langsuite.UnitTestSyntax" time="0"/>
  <testcase name="nt-syntax-datatypes-02" classname="org.apache.jena.riot.langsuite.UnitTestSyntax" time="0.006"/>
  <testcase name="nt-syntax-bad-uri-01" classname="org.apache.jena.riot.langsuite.UnitTestBadSyntax" time="0.012"/>
  <testcase name="nt-syntax-bad-uri-01" classname="org.apache.jena.riot.langsuite.UnitTestBadSyntax" time="0.001"/>
  <testcase name="nt-syntax-bad-uri-02" classname="org.apache.jena.riot.langsuite.UnitTestBadSyntax" time="0"/>
  <testcase name="nt-syntax-bad-uri-02" classname="org.apache.jena.riot.langsuite.UnitTestBadSyntax" time="0.006"/>
  <testcase name="nt-syntax-bad-uri-03" classname="org.apache.jena.riot.langsuite.UnitTestBadSyntax" time="0.001"/>
  <testcase name="nt-syntax-bad-uri-03" classname="org.apache.jena.riot.langsuite.UnitTestBadSyntax" time="0.001"/>
  <testcase name="nt-syntax-bad-uri-04" classname="org.apache.jena.riot.langsuite.UnitTestBadSyntax" time="0.006"/>
  <testcase name="nt-syntax-bad-uri-04" classname="org.apache.jena.riot.langsuite.UnitTestBadSyntax" time="0.001"/>
  <testcase name="nt-syntax-bad-uri-05" classname="org.apache.jena.riot.langsuite.UnitTestBadSyntax" time="0"/>
  <testcase name="nt-syntax-bad-uri-05" classname="org.apache.jena.riot.langsuite.UnitTestBadSyntax" time="0"/>
  <testcase name="nt-syntax-bad-uri-06" classname="org.apache.jena.riot.langsuite.UnitTestBadSyntax" time="0"/>
  <testcase name="nt-syntax-bad-uri-06" classname="org.apache.jena.riot.langsuite.UnitTestBadSyntax" time="0.001"/>
  <testcase name="nt-syntax-bad-uri-07" classname="org.apache.jena.riot.langsuite.UnitTestBadSyntax" time="0.015"/>
  <testcase name="nt-syntax-bad-uri-07" classname="org.apache.jena.riot.langsuite.UnitTestBadSyntax" time="0.012"/>
  <testcase name="nt-syntax-bad-uri-08" classname="org.apache.jena.riot.langsuite.UnitTestBadSyntax" time="0.001"/>
  <testcase name="nt-syntax-bad-uri-08" classname="org.apache.jena.riot.langsuite.UnitTestBadSyntax" time="0.01"/>
  <testcase name="nt-syntax-bad-uri-09" classname="org.apache.jena.riot.langsuite.UnitTestBadSyntax" time="0.008"/>
  <testcase name="nt-syntax-bad-uri-09" classname="org.apache.jena.riot.langsuite.UnitTestBadSyntax" time="0.001"/>
  <testcase name="nt-syntax-bad-prefix-01" classname="org.apache.jena.riot.langsuite.UnitTestBadSyntax" time="0.016"/>
  <testcase name="nt-syntax-bad-prefix-01" classname="org.apache.jena.riot.langsuite.UnitTestBadSyntax" time="0.001"/>
  <testcase name="nt-syntax-bad-base-01" classname="org.apache.jena.riot.langsuite.UnitTestBadSyntax" time="0.015"/>
  <testcase name="nt-syntax-bad-base-01" classname="org.apache.jena.riot.langsuite.UnitTestBadSyntax" time="0"/>
  <testcase name="nt-syntax-bad-struct-01" classname="org.apache.jena.riot.langsuite.UnitTestBadSyntax" time="0.005"/>
  <testcase name="nt-syntax-bad-struct-01" classname="org.apache.jena.riot.langsuite.UnitTestBadSyntax" time="0.013"/>
  <testcase name="nt-syntax-bad-struct-02" classname="org.apache.jena.riot.langsuite.UnitTestBadSyntax" time="0"/>
  <testcase name="nt-syntax-bad-struct-02" classname="org.apache.jena.riot.langsuite.UnitTestBadSyntax" time="0.001"/>
  <testcase name="nt-syntax-bad-lang-01" classname="org.apache.jena.riot.langsuite.UnitTestBadSyntax" time="0.001"/>
  <testcase name="nt-syntax-bad-lang-01" classname="org.apache.jena.riot.langsuite.UnitTestBadSyntax" time="0"/>
  <testcase name="nt-syntax-bad-esc-01" classname="org.apache.jena.riot.langsuite.UnitTestBadSyntax" time="0.016"/>
  <testcase name="nt-syntax-bad-esc-01" classname="org.apache.jena.riot.langsuite.UnitTestBadSyntax" time="0.001"/>
  <testcase name="nt-syntax-bad-esc-02" classname="org.apache.jena.riot.langsuite.UnitTestBadSyntax" time="0"/>
  <testcase name="nt-syntax-bad-esc-02" classname="org.apache.jena.riot.langsuite.UnitTestBadSyntax" time="0.001"/>
  <testcase name="nt-syntax-bad-esc-03" classname="org.apache.jena.riot.langsuite.UnitTestBadSyntax" time="0.001"/>
  <testcase name="nt-syntax-bad-esc-03" classname="org.apache.jena.riot.langsuite.UnitTestBadSyntax" time="0.001"/>
  <testcase name="nt-syntax-bad-string-01" classname="org.apache.jena.riot.langsuite.UnitTestBadSyntax" time="0.001"/>
  <testcase name="nt-syntax-bad-string-01" classname="org.apache.jena.riot.langsuite.UnitTestBadSyntax" time="0"/>
  <testcase name="nt-syntax-bad-string-02" classname="org.apache.jena.riot.langsuite.UnitTestBadSyntax" time="0.013"/>
  <testcase name="nt-syntax-bad-string-02" classname="org.apache.jena.riot.langsuite.UnitTestBadSyntax" time="0.001"/>
  <testcase name="nt-syntax-bad-string-03" classname="org.apache.jena.riot.langsuite.UnitTestBadSyntax" time="0.01"/>
  <testcase name="nt-syntax-bad-string-03" classname="org.apache.jena.riot.langsuite.UnitTestBadSyntax" time="0.001"/>
  <testcase name="nt-syntax-bad-string-04" classname="org.apache.jena.riot.langsuite.UnitTestBadSyntax" time="0.011"/>
  <testcase name="nt-syntax-bad-string-04" classname="org.apache.jena.riot.langsuite.UnitTestBadSyntax" time="0"/>
  <testcase name="nt-syntax-bad-string-05" classname="org.apache.jena.riot.langsuite.UnitTestBadSyntax" time="0.001"/>
  <testcase name="nt-syntax-bad-string-05" classname="org.apache.jena.riot.langsuite.UnitTestBadSyntax" time="0.007"/>
  <testcase name="nt-syntax-bad-string-06" classname="org.apache.jena.riot.langsuite.UnitTestBadSyntax" time="0"/>
  <testcase name="nt-syntax-bad-string-06" classname="org.apache.jena.riot.langsuite.UnitTestBadSyntax" time="0.013"/>
  <testcase name="nt-syntax-bad-string-07" classname="org.apache.jena.riot.langsuite.UnitTestBadSyntax" time="0.026"/>
  <testcase name="nt-syntax-bad-string-07" classname="org.apache.jena.riot.langsuite.UnitTestBadSyntax" time="0.009"/>
  <testcase name="nt-syntax-bad-num-01" classname="org.apache.jena.riot.langsuite.UnitTestBadSyntax" time="0.001"/>
  <testcase name="nt-syntax-bad-num-01" classname="org.apache.jena.riot.langsuite.UnitTestBadSyntax" time="0.014"/>
  <testcase name="nt-syntax-bad-num-02" classname="org.apache.jena.riot.langsuite.UnitTestBadSyntax" time="0.014"/>
  <testcase name="nt-syntax-bad-num-02" classname="org.apache.jena.riot.langsuite.UnitTestBadSyntax" time="0"/>
  <testcase name="nt-syntax-bad-num-03" classname="org.apache.jena.riot.langsuite.UnitTestBadSyntax" time="0.01"/>
  <testcase name="nt-syntax-bad-num-03" classname="org.apache.jena.riot.langsuite.UnitTestBadSyntax" time="0.001"/>
  <testcase name="nt-syntax-subm-01" classname="org.apache.jena.riot.langsuite.UnitTestSyntax" time="0.002"/>
  <testcase name="nt-syntax-subm-01" classname="org.apache.jena.riot.langsuite.UnitTestSyntax" time="0.002"/>
  <testcase name="comment_following_triple" classname="org.apache.jena.riot.langsuite.UnitTestSyntax" time="0.015"/>
  <testcase name="comment_following_triple" classname="org.apache.jena.riot.langsuite.UnitTestSyntax" time="0.001"/>
  <testcase name="literal" classname="org.apache.jena.riot.langsuite.UnitTestSyntax" time="0.001"/>
  <testcase name="literal" classname="org.apache.jena.riot.langsuite.UnitTestSyntax" time="0.01"/>
  <testcase name="literal_all_controls" classname="org.apache.jena.riot.langsuite.UnitTestSyntax" time="0"/>
  <testcase name="literal_all_controls" classname="org.apache.jena.riot.langsuite.UnitTestSyntax" time="0.015"/>
  <testcase name="literal_all_punctuation" classname="org.apache.jena.riot.langsuite.UnitTestSyntax" time="0"/>
  <testcase name="literal_all_punctuation" classname="org.apache.jena.riot.langsuite.UnitTestSyntax" time="0.013"/>
  <testcase name="literal_ascii_boundaries" classname="org.apache.jena.riot.langsuite.UnitTestSyntax" time="0.001"/>
  <testcase name="literal_ascii_boundaries" classname="org.apache.jena.riot.langsuite.UnitTestSyntax" time="0.011"/>
  <testcase name="literal_with_2_dquotes" classname="org.apache.jena.riot.langsuite.UnitTestSyntax" time="0.006"/>
  <testcase name="literal_with_2_dquotes" classname="org.apache.jena.riot.langsuite.UnitTestSyntax" time="0.009"/>
  <testcase name="literal_with_2_squotes" classname="org.apache.jena.riot.langsuite.UnitTestSyntax" time="0.01"/>
  <testcase name="literal_with_2_squotes" classname="org.apache.jena.riot.langsuite.UnitTestSyntax" time="0.001"/>
  <testcase name="literal_with_BACKSPACE" classname="org.apache.jena.riot.langsuite.UnitTestSyntax" time="0.001"/>
  <testcase name="literal_with_BACKSPACE" classname="org.apache.jena.riot.langsuite.UnitTestSyntax" time="0.001"/>
  <testcase name="literal_with_CARRIAGE_RETURN" classname="org.apache.jena.riot.langsuite.UnitTestSyntax" time="0"/>
  <testcase name="literal_with_CARRIAGE_RETURN" classname="org.apache.jena.riot.langsuite.UnitTestSyntax" time="0.016"/>
  <testcase name="literal_with_CHARACTER_TABULATION" classname="org.apache.jena.riot.langsuite.UnitTestSyntax" time="0.016"/>
  <testcase name="literal_with_CHARACTER_TABULATION" classname="org.apache.jena.riot.langsuite.UnitTestSyntax" time="0.001"/>
  <testcase name="literal_with_dquote" classname="org.apache.jena.riot.langsuite.UnitTestSyntax" time="0.001"/>
  <testcase name="literal_with_dquote" classname="org.apache.jena.riot.langsuite.UnitTestSyntax" time="0.007"/>
  <testcase name="literal_with_FORM_FEED" classname="org.apache.jena.riot.langsuite.UnitTestSyntax" time="0.007"/>
  <testcase name="literal_with_FORM_FEED" classname="org.apache.jena.riot.langsuite.UnitTestSyntax" time="0.011"/>
  <testcase name="literal_with_LINE_FEED" classname="org.apache.jena.riot.langsuite.UnitTestSyntax" time="0"/>
  <testcase name="literal_with_LINE_FEED" classname="org.apache.jena.riot.langsuite.UnitTestSyntax" time="0.001"/>
  <testcase name="literal_with_numeric_escape4" classname="org.apache.jena.riot.langsuite.UnitTestSyntax" time="0.001"/>
  <testcase name="literal_with_numeric_escape4" classname="org.apache.jena.riot.langsuite.UnitTestSyntax" time="0.015"/>
  <testcase name="literal_with_numeric_escape8" classname="org.apache.jena.riot.langsuite.UnitTestSyntax" time="0.006"/>
  <testcase name="literal_with_numeric_escape8" classname="org.apache.jena.riot.langsuite.UnitTestSyntax" time="0.013"/>
  <testcase name="literal_with_REVERSE_SOLIDUS" classname="org.apache.jena.riot.langsuite.UnitTestSyntax" time="0.01"/>
  <testcase name="literal_with_REVERSE_SOLIDUS" classname="org.apache.jena.riot.langsuite.UnitTestSyntax" time="0.001"/>
  <testcase name="literal_with_REVERSE_SOLIDUS2" classname="org.apache.jena.riot.langsuite.UnitTestSyntax" time="0.001"/>
  <testcase name="literal_with_REVERSE_SOLIDUS2" classname="org.apache.jena.riot.langsuite.UnitTestSyntax" time="0.013"/>
  <testcase name="literal_with_squote" classname="org.apache.jena.riot.langsuite.UnitTestSyntax" time="0"/>
  <testcase name="literal_with_squote" classname="org.apache.jena.riot.langsuite.UnitTestSyntax" time="0"/>
  <testcase name="literal_with_UTF8_boundaries" classname="org.apache.jena.riot.langsuite.UnitTestSyntax" time="0.001"/>
  <testcase name="literal_with_UTF8_boundaries" classname="org.apache.jena.riot.langsuite.UnitTestSyntax" time="0.001"/>
  <testcase name="langtagged_string" classname="org.apache.jena.riot.langsuite.UnitTestSyntax" time="0.001"/>
  <testcase name="langtagged_string" classname="org.apache.jena.riot.langsuite.UnitTestSyntax" time="0.001"/>
  <testcase name="lantag_with_subtag" classname="org.apache.jena.riot.langsuite.UnitTestSyntax" time="0.011"/>
  <testcase name="lantag_with_subtag" classname="org.apache.jena.riot.langsuite.UnitTestSyntax" time="0.007"/>
  <testcase name="minimal_whitespace" classname="org.apache.jena.riot.langsuite.UnitTestSyntax" time="0.001"/>
  <testcase name="minimal_whitespace" classname="org.apache.jena.riot.langsuite.UnitTestSyntax" time="0.001"/>
  <testcase name="nq-syntax-uri-01" classname="org.apache.jena.riot.langsuite.UnitTestSyntax" time="0.001"/>
  <testcase name="nq-syntax-uri-02" classname="org.apache.jena.riot.langsuite.UnitTestSyntax" time="0.001"/>
  <testcase name="nq-syntax-uri-03" classname="org.apache.jena.riot.langsuite.UnitTestSyntax" time="0.006"/>
  <testcase name="nq-syntax-uri-04" classname="org.apache.jena.riot.langsuite.UnitTestSyntax" time="0.001"/>
  <testcase name="nq-syntax-uri-05" classname="org.apache.jena.riot.langsuite.UnitTestSyntax" time="0.003"/>
  <testcase name="nq-syntax-uri-06" classname="org.apache.jena.riot.langsuite.UnitTestSyntax" time="0.001"/>
  <testcase name="nq-syntax-bnode-01" classname="org.apache.jena.riot.langsuite.UnitTestSyntax" time="0"/>
  <testcase name="nq-syntax-bnode-02" classname="org.apache.jena.riot.langsuite.UnitTestSyntax" time="0.001"/>
  <testcase name="nq-syntax-bnode-03" classname="org.apache.jena.riot.langsuite.UnitTestSyntax" time="0.001"/>
  <testcase name="nq-syntax-bnode-04" classname="org.apache.jena.riot.langsuite.UnitTestSyntax" time="0.012"/>
  <testcase name="nq-syntax-bnode-05" classname="org.apache.jena.riot.langsuite.UnitTestSyntax" time="0.001"/>
  <testcase name="nq-syntax-bnode-06" classname="org.apache.jena.riot.langsuite.UnitTestSyntax" time="0.001"/>
  <testcase name="nq-syntax-bad-literal-01" classname="org.apache.jena.riot.langsuite.UnitTestBadSyntax" time="0"/>
  <testcase name="nq-syntax-bad-literal-02" classname="org.apache.jena.riot.langsuite.UnitTestBadSyntax" time="0.001"/>
  <testcase name="nq-syntax-bad-literal-03" classname="org.apache.jena.riot.langsuite.UnitTestBadSyntax" time="0"/>
  <testcase name="nq-syntax-bad-uri-01" classname="org.apache.jena.riot.langsuite.UnitTestBadSyntax" time="0.013"/>
  <testcase name="nq-syntax-bad-quint-01" classname="org.apache.jena.riot.langsuite.UnitTestBadSyntax" time="0.014"/>
  <testcase name="IRI_subject" classname="org.apache.jena.riot.langsuite.UnitTestEval" time="0.009"/>
  <testcase name="IRI_subject" classname="org.apache.jena.riot.langsuite.UnitTestEval" time="0.024"/>
  <testcase name="IRI_with_four_digit_numeric_escape" classname="org.apache.jena.riot.langsuite.UnitTestEval" time="0.001"/>
  <testcase name="IRI_with_four_digit_numeric_escape" classname="org.apache.jena.riot.langsuite.UnitTestEval" time="0.014"/>
  <testcase name="IRI_with_eight_digit_numeric_escape" classname="org.apache.jena.riot.langsuite.UnitTestEval" time="0.001"/>
  <testcase name="IRI_with_eight_digit_numeric_escape" classname="org.apache.jena.riot.langsuite.UnitTestEval" time="0.013"/>
  <testcase name="IRI_with_all_punctuation" classname="org.apache.jena.riot.langsuite.UnitTestEval" time="0.002"/>
  <testcase name="IRI_with_all_punctuation" classname="org.apache.jena.riot.langsuite.UnitTestEval" time="0.026"/>
  <testcase name="bareword_a_predicate" classname="org.apache.jena.riot.langsuite.UnitTestEval" time="0.001"/>
  <testcase name="bareword_a_predicate" classname="org.apache.jena.riot.langsuite.UnitTestEval" time="0.002"/>
  <testcase name="old_style_prefix" classname="org.apache.jena.riot.langsuite.UnitTestEval" time="0.007"/>
  <testcase name="old_style_prefix" classname="org.apache.jena.riot.langsuite.UnitTestEval" time="0.001"/>
  <testcase name="SPARQL_style_prefix" classname="org.apache.jena.riot.langsuite.UnitTestEval" time="0.017"/>
  <testcase name="SPARQL_style_prefix" classname="org.apache.jena.riot.langsuite.UnitTestEval" time="0.003"/>
  <testcase name="prefixed_IRI_predicate" classname="org.apache.jena.riot.langsuite.UnitTestEval" time="0.001"/>
  <testcase name="prefixed_IRI_predicate" classname="org.apache.jena.riot.langsuite.UnitTestEval" time="0.008"/>
  <testcase name="prefixed_IRI_object" classname="org.apache.jena.riot.langsuite.UnitTestEval" time="0.001"/>
  <testcase name="prefixed_IRI_object" classname="org.apache.jena.riot.langsuite.UnitTestEval" time="0.001"/>
  <testcase name="prefix_only_IRI" classname="org.apache.jena.riot.langsuite.UnitTestEval" time="0.001"/>
  <testcase name="prefix_only_IRI" classname="org.apache.jena.riot.langsuite.UnitTestEval" time="0.008"/>
  <testcase name="prefix_with_PN_CHARS_BASE_character_boundaries" classname="org.apache.jena.riot.langsuite.UnitTestEval" time="0.001"/>
  <testcase name="prefix_with_PN_CHARS_BASE_character_boundaries" classname="org.apache.jena.riot.langsuite.UnitTestEval" time="0.006"/>
  <testcase name="prefix_with_non_leading_extras" classname="org.apache.jena.riot.langsuite.UnitTestEval" time="0.001"/>
  <testcase name="prefix_with_non_leading_extras" classname="org.apache.jena.riot.langsuite.UnitTestEval" time="0.001"/>
  <testcase name="default_namespace_IRI" classname="org.apache.jena.riot.langsuite.UnitTestEval" time="0.001"/>
  <testcase name="default_namespace_IRI" classname="org.apache.jena.riot.langsuite.UnitTestEval" time="0.008"/>
  <testcase name="prefix_reassigned_and_used" classname="org.apache.jena.riot.langsuite.UnitTestEval" time="0.002"/>
  <testcase name="prefix_reassigned_and_used" classname="org.apache.jena.riot.langsuite.UnitTestEval" time="0.001"/>
  <testcase name="reserved_escaped_localName" classname="org.apache.jena.riot.langsuite.UnitTestEval" time="0.001"/>
  <testcase name="reserved_escaped_localName" classname="org.apache.jena.riot.langsuite.UnitTestEval" time="0.01"/>
  <testcase name="percent_escaped_localName" classname="org.apache.jena.riot.langsuite.UnitTestEval" time="0.001"/>
  <testcase name="percent_escaped_localName" classname="org.apache.jena.riot.langsuite.UnitTestEval" time="0.014"/>
  <testcase name="HYPHEN_MINUS_in_localName" classname="org.apache.jena.riot.langsuite.UnitTestEval" time="0.001"/>
  <testcase name="HYPHEN_MINUS_in_localName" classname="org.apache.jena.riot.langsuite.UnitTestEval" time="0.01"/>
  <testcase name="underscore_in_localName" classname="org.apache.jena.riot.langsuite.UnitTestEval" time="0.006"/>
  <testcase name="underscore_in_localName" classname="org.apache.jena.riot.langsuite.UnitTestEval" time="0.04"/>
  <testcase name="localname_with_COLON" classname="org.apache.jena.riot.langsuite.UnitTestEval" time="0.005"/>
  <testcase name="localname_with_COLON" classname="org.apache.jena.riot.langsuite.UnitTestEval" time="0.014"/>
  <testcase name="localName_with_assigned_nfc_bmp_PN_CHARS_BASE_character_boundaries" classname="org.apache.jena.riot.langsuite.UnitTestEval" time="0.003"/>
  <testcase name="localName_with_assigned_nfc_bmp_PN_CHARS_BASE_character_boundaries" classname="org.apache.jena.riot.langsuite.UnitTestEval" time="0.009"/>
  <testcase name="localName_with_assigned_nfc_PN_CHARS_BASE_character_boundaries" classname="org.apache.jena.riot.langsuite.UnitTestEval" time="0.036"/>
  <testcase name="localName_with_assigned_nfc_PN_CHARS_BASE_character_boundaries" classname="org.apache.jena.riot.langsuite.UnitTestEval" time="0.031"/>
  <testcase name="localName_with_nfc_PN_CHARS_BASE_character_boundaries" classname="org.apache.jena.riot.langsuite.UnitTestEval" time="0.013"/>
  <testcase name="localName_with_nfc_PN_CHARS_BASE_character_boundaries" classname="org.apache.jena.riot.langsuite.UnitTestEval" time="0.002"/>
  <testcase name="localName_with_leading_underscore" classname="org.apache.jena.riot.langsuite.UnitTestEval" time="0.001"/>
  <testcase name="localName_with_leading_underscore" classname="org.apache.jena.riot.langsuite.UnitTestEval" time="0.014"/>
  <testcase name="localName_with_leading_digit" classname="org.apache.jena.riot.langsuite.UnitTestEval" time="0.001"/>
  <testcase name="localName_with_leading_digit" classname="org.apache.jena.riot.langsuite.UnitTestEval" time="0.012"/>
  <testcase name="localName_with_non_leading_extras" classname="org.apache.jena.riot.langsuite.UnitTestEval" time="0.002"/>
  <testcase name="localName_with_non_leading_extras" classname="org.apache.jena.riot.langsuite.UnitTestEval" time="0.021"/>
  <testcase name="old_style_base" classname="org.apache.jena.riot.langsuite.UnitTestEval" time="0.001"/>
  <testcase name="old_style_base" classname="org.apache.jena.riot.langsuite.UnitTestEval" time="0.011"/>
  <testcase name="SPARQL_style_base" classname="org.apache.jena.riot.langsuite.UnitTestEval" time="0.002"/>
  <testcase name="SPARQL_style_base" classname="org.apache.jena.riot.langsuite.UnitTestEval" time="0.001"/>
  <testcase name="labeled_blank_node_subject" classname="org.apache.jena.riot.langsuite.UnitTestEval" time="0.001"/>
  <testcase name="labeled_blank_node_subject" classname="org.apache.jena.riot.langsuite.UnitTestEval" time="0.001"/>
  <testcase name="labeled_blank_node_object" classname="org.apache.jena.riot.langsuite.UnitTestEval" time="0.015"/>
  <testcase name="labeled_blank_node_object" classname="org.apache.jena.riot.langsuite.UnitTestEval" time="0.01"/>
  <testcase name="labeled_blank_node_with_PN_CHARS_BASE_character_boundaries" classname="org.apache.jena.riot.langsuite.UnitTestEval" time="0.001"/>
  <testcase name="labeled_blank_node_with_PN_CHARS_BASE_character_boundaries" classname="org.apache.jena.riot.langsuite.UnitTestEval" time="0.001"/>
  <testcase name="labeled_blank_node_with_leading_underscore" classname="org.apache.jena.riot.langsuite.UnitTestEval" time="0.001"/>
  <testcase name="labeled_blank_node_with_leading_underscore" classname="org.apache.jena.riot.langsuite.UnitTestEval" time="0.016"/>
  <testcase name="labeled_blank_node_with_leading_digit" classname="org.apache.jena.riot.langsuite.UnitTestEval" time="0.002"/>
  <testcase name="labeled_blank_node_with_leading_digit" classname="org.apache.jena.riot.langsuite.UnitTestEval" time="0.015"/>
  <testcase name="labeled_blank_node_with_non_leading_extras" classname="org.apache.jena.riot.langsuite.UnitTestEval" time="0.001"/>
  <testcase name="labeled_blank_node_with_non_leading_extras" classname="org.apache.jena.riot.langsuite.UnitTestEval" time="0.015"/>
  <testcase name="anonymous_blank_node_subject" classname="org.apache.jena.riot.langsuite.UnitTestEval" time="0.012"/>
  <testcase name="anonymous_blank_node_subject" classname="org.apache.jena.riot.langsuite.UnitTestEval" time="0.007"/>
  <testcase name="anonymous_blank_node_object" classname="org.apache.jena.riot.langsuite.UnitTestEval" time="0.001"/>
  <testcase name="anonymous_blank_node_object" classname="org.apache.jena.riot.langsuite.UnitTestEval" time="0.006"/>
  <testcase name="sole_blankNodePropertyList" classname="org.apache.jena.riot.langsuite.UnitTestEval" time="0.001"/>
  <testcase name="sole_blankNodePropertyList" classname="org.apache.jena.riot.langsuite.UnitTestEval" time="0.01"/>
  <testcase name="blankNodePropertyList_as_subject" classname="org.apache.jena.riot.langsuite.UnitTestEval" time="0.001"/>
  <testcase name="blankNodePropertyList_as_subject" classname="org.apache.jena.riot.langsuite.UnitTestEval" time="0.001"/>
  <testcase name="blankNodePropertyList_as_object" classname="org.apache.jena.riot.langsuite.UnitTestEval" time="0.001"/>
  <testcase name="blankNodePropertyList_as_object" classname="org.apache.jena.riot.langsuite.UnitTestEval" time="0.016"/>
  <testcase name="blankNodePropertyList_with_multiple_triples" classname="org.apache.jena.riot.langsuite.UnitTestEval" time="0.001"/>
  <testcase name="blankNodePropertyList_with_multiple_triples" classname="org.apache.jena.riot.langsuite.UnitTestEval" time="0.013"/>
  <testcase name="nested_blankNodePropertyLists" classname="org.apache.jena.riot.langsuite.UnitTestEval" time="0.002"/>
  <testcase name="nested_blankNodePropertyLists" classname="org.apache.jena.riot.langsuite.UnitTestEval" time="0.02"/>
  <testcase name="blankNodePropertyList_containing_collection" classname="org.apache.jena.riot.langsuite.UnitTestEval" time="0.001"/>
  <testcase name="blankNodePropertyList_containing_collection" classname="org.apache.jena.riot.langsuite.UnitTestEval" time="0.016"/>
  <testcase name="collection_subject" classname="org.apache.jena.riot.langsuite.UnitTestEval" time="0.001"/>
  <testcase name="collection_subject" classname="org.apache.jena.riot.langsuite.UnitTestEval" time="0.024"/>
  <testcase name="collection_object" classname="org.apache.jena.riot.langsuite.UnitTestEval" time="0.001"/>
  <testcase name="collection_object" classname="org.apache.jena.riot.langsuite.UnitTestEval" time="0.015"/>
  <testcase name="empty_collection" classname="org.apache.jena.riot.langsuite.UnitTestEval" time="0.001"/>
  <testcase name="empty_collection" classname="org.apache.jena.riot.langsuite.UnitTestEval" time="0.002"/>
  <testcase name="nested_collection" classname="org.apache.jena.riot.langsuite.UnitTestEval" time="0.002"/>
  <testcase name="nested_collection" classname="org.apache.jena.riot.langsuite.UnitTestEval" time="0.011"/>
  <testcase name="first" classname="org.apache.jena.riot.langsuite.UnitTestEval" time="0.002"/>
  <testcase name="first" classname="org.apache.jena.riot.langsuite.UnitTestEval" time="0.011"/>
  <testcase name="last" classname="org.apache.jena.riot.langsuite.UnitTestEval" time="0.001"/>
  <testcase name="last" classname="org.apache.jena.riot.langsuite.UnitTestEval" time="0.001"/>
  <testcase name="LITERAL1" classname="org.apache.jena.riot.langsuite.UnitTestEval" time="0.001"/>
  <testcase name="LITERAL1" classname="org.apache.jena.riot.langsuite.UnitTestEval" time="0.002"/>
  <testcase name="LITERAL1_ascii_boundaries" classname="org.apache.jena.riot.langsuite.UnitTestEval" time="0.001"/>
  <testcase name="LITERAL1_ascii_boundaries" classname="org.apache.jena.riot.langsuite.UnitTestEval" time="0.001"/>
  <testcase name="LITERAL1_with_UTF8_boundaries" classname="org.apache.jena.riot.langsuite.UnitTestEval" time="0.002"/>
  <testcase name="LITERAL1_with_UTF8_boundaries" classname="org.apache.jena.riot.langsuite.UnitTestEval" time="0.001"/>
  <testcase name="LITERAL1_all_controls" classname="org.apache.jena.riot.langsuite.UnitTestEval" time="0.001"/>
  <testcase name="LITERAL1_all_controls" classname="org.apache.jena.riot.langsuite.UnitTestEval" time="0.021"/>
  <testcase name="LITERAL1_all_punctuation" classname="org.apache.jena.riot.langsuite.UnitTestEval" time="0.001"/>
  <testcase name="LITERAL1_all_punctuation" classname="org.apache.jena.riot.langsuite.UnitTestEval" time="0.018"/>
  <testcase name="LITERAL_LONG1" classname="org.apache.jena.riot.langsuite.UnitTestEval" time="0.001"/>
  <testcase name="LITERAL_LONG1" classname="org.apache.jena.riot.langsuite.UnitTestEval" time="0.006"/>
  <testcase name="LITERAL_LONG1_ascii_boundaries" classname="org.apache.jena.riot.langsuite.UnitTestEval" time="0.001"/>
  <testcase name="LITERAL_LONG1_ascii_boundaries" classname="org.apache.jena.riot.langsuite.UnitTestEval" time="0.015"/>
  <testcase name="LITERAL_LONG1_with_UTF8_boundaries" classname="org.apache.jena.riot.langsuite.UnitTestEval" time="0.001"/>
  <testcase name="LITERAL_LONG1_with_UTF8_boundaries" classname="org.apache.jena.riot.langsuite.UnitTestEval" time="0.034"/>
  <testcase name="LITERAL_LONG1_with_1_squote" classname="org.apache.jena.riot.langsuite.UnitTestEval" time="0.001"/>
  <testcase name="LITERAL_LONG1_with_1_squote" classname="org.apache.jena.riot.langsuite.UnitTestEval" time="0.015"/>
  <testcase name="LITERAL_LONG1_with_2_squotes" classname="org.apache.jena.riot.langsuite.UnitTestEval" time="0"/>
  <testcase name="LITERAL_LONG1_with_2_squotes" classname="org.apache.jena.riot.langsuite.UnitTestEval" time="0.007"/>
  <testcase name="LITERAL2" classname="org.apache.jena.riot.langsuite.UnitTestEval" time="0"/>
  <testcase name="LITERAL2" classname="org.apache.jena.riot.langsuite.UnitTestEval" time="0.017"/>
  <testcase name="LITERAL2_ascii_boundaries" classname="org.apache.jena.riot.langsuite.UnitTestEval" time="0.001"/>
  <testcase name="LITERAL2_ascii_boundaries" classname="org.apache.jena.riot.langsuite.UnitTestEval" time="0.009"/>
  <testcase name="LITERAL2_with_UTF8_boundaries" classname="org.apache.jena.riot.langsuite.UnitTestEval" time="0.001"/>
  <testcase name="LITERAL2_with_UTF8_boundaries" classname="org.apache.jena.riot.langsuite.UnitTestEval" time="0.009"/>
  <testcase name="LITERAL_LONG2" classname="org.apache.jena.riot.langsuite.UnitTestEval" time="0"/>
  <testcase name="LITERAL_LONG2" classname="org.apache.jena.riot.langsuite.UnitTestEval" time="0.016"/>
  <testcase name="LITERAL_LONG2_ascii_boundaries" classname="org.apache.jena.riot.langsuite.UnitTestEval" time="0.001"/>
  <testcase name="LITERAL_LONG2_ascii_boundaries" classname="org.apache.jena.riot.langsuite.UnitTestEval" time="0.014"/>
  <testcase name="LITERAL_LONG2_with_UTF8_boundaries" classname="org.apache.jena.riot.langsuite.UnitTestEval" time="0.001"/>
  <testcase name="LITERAL_LONG2_with_UTF8_boundaries" classname="org.apache.jena.riot.langsuite.UnitTestEval" time="0.001"/>
  <testcase name="LITERAL_LONG2_with_1_squote" classname="org.apache.jena.riot.langsuite.UnitTestEval" time="0.001"/>
  <testcase name="LITERAL_LONG2_with_1_squote" classname="org.apache.jena.riot.langsuite.UnitTestEval" time="0.001"/>
  <testcase name="LITERAL_LONG2_with_2_squotes" classname="org.apache.jena.riot.langsuite.UnitTestEval" time="0"/>
  <testcase name="LITERAL_LONG2_with_2_squotes" classname="org.apache.jena.riot.langsuite.UnitTestEval" time="0.019"/>
  <testcase name="literal_with_CHARACTER_TABULATION" classname="org.apache.jena.riot.langsuite.UnitTestEval" time="0.001"/>
  <testcase name="literal_with_CHARACTER_TABULATION" classname="org.apache.jena.riot.langsuite.UnitTestEval" time="0.002"/>
  <testcase name="literal_with_BACKSPACE" classname="org.apache.jena.riot.langsuite.UnitTestEval" time="0.001"/>
  <testcase name="literal_with_BACKSPACE" classname="org.apache.jena.riot.langsuite.UnitTestEval" time="0.001"/>
  <testcase name="literal_with_LINE_FEED" classname="org.apache.jena.riot.langsuite.UnitTestEval" time="0.001"/>
  <testcase name="literal_with_LINE_FEED" classname="org.apache.jena.riot.langsuite.UnitTestEval" time="0.016"/>
  <testcase name="literal_with_CARRIAGE_RETURN" classname="org.apache.jena.riot.langsuite.UnitTestEval" time="0"/>
  <testcase name="literal_with_CARRIAGE_RETURN" classname="org.apache.jena.riot.langsuite.UnitTestEval" time="0.017"/>
  <testcase name="literal_with_FORM_FEED" classname="org.apache.jena.riot.langsuite.UnitTestEval" time="0.001"/>
  <testcase name="literal_with_FORM_FEED" classname="org.apache.jena.riot.langsuite.UnitTestEval" time="0.007"/>
  <testcase name="literal_with_REVERSE_SOLIDUS" classname="org.apache.jena.riot.langsuite.UnitTestEval" time="0.001"/>
  <testcase name="literal_with_REVERSE_SOLIDUS" classname="org.apache.jena.riot.langsuite.UnitTestEval" time="0.001"/>
  <testcase name="literal_with_escaped_CHARACTER_TABULATION" classname="org.apache.jena.riot.langsuite.UnitTestEval" time="0"/>
  <testcase name="literal_with_escaped_CHARACTER_TABULATION" classname="org.apache.jena.riot.langsuite.UnitTestEval" time="0.015"/>
  <testcase name="literal_with_escaped_BACKSPACE" classname="org.apache.jena.riot.langsuite.UnitTestEval" time="0.001"/>
  <testcase name="literal_with_escaped_BACKSPACE" classname="org.apache.jena.riot.langsuite.UnitTestEval" time="0.001"/>
  <testcase name="literal_with_escaped_LINE_FEED" classname="org.apache.jena.riot.langsuite.UnitTestEval" time="0.001"/>
  <testcase name="literal_with_escaped_LINE_FEED" classname="org.apache.jena.riot.langsuite.UnitTestEval" time="0.019"/>
  <testcase name="literal_with_escaped_CARRIAGE_RETURN" classname="org.apache.jena.riot.langsuite.UnitTestEval" time="0"/>
  <testcase name="literal_with_escaped_CARRIAGE_RETURN" classname="org.apache.jena.riot.langsuite.UnitTestEval" time="0.015"/>
  <testcase name="literal_with_escaped_FORM_FEED" classname="org.apache.jena.riot.langsuite.UnitTestEval" time="0.001"/>
  <testcase name="literal_with_escaped_FORM_FEED" classname="org.apache.jena.riot.langsuite.UnitTestEval" time="0.006"/>
  <testcase name="literal_with_numeric_escape4" classname="org.apache.jena.riot.langsuite.UnitTestEval" time="0.001"/>
  <testcase name="literal_with_numeric_escape4" classname="org.apache.jena.riot.langsuite.UnitTestEval" time="0.001"/>
  <testcase name="literal_with_numeric_escape8" classname="org.apache.jena.riot.langsuite.UnitTestEval" time="0"/>
  <testcase name="literal_with_numeric_escape8" classname="org.apache.jena.riot.langsuite.UnitTestEval" time="0.001"/>
  <testcase name="IRIREF_datatype" classname="org.apache.jena.riot.langsuite.UnitTestEval" time="0.001"/>
  <testcase name="IRIREF_datatype" classname="org.apache.jena.riot.langsuite.UnitTestEval" time="0.009"/>
  <testcase name="prefixed_name_datatype" classname="org.apache.jena.riot.langsuite.UnitTestEval" time="0.001"/>
  <testcase name="prefixed_name_datatype" classname="org.apache.jena.riot.langsuite.UnitTestEval" time="0.017"/>
  <testcase name="bareword_integer" classname="org.apache.jena.riot.langsuite.UnitTestEval" time="0.001"/>
  <testcase name="bareword_integer" classname="org.apache.jena.riot.langsuite.UnitTestEval" time="0.016"/>
  <testcase name="bareword_decimal" classname="org.apache.jena.riot.langsuite.UnitTestEval" time="0.001"/>
  <testcase name="bareword_decimal" classname="org.apache.jena.riot.langsuite.UnitTestEval" time="0.002"/>
  <testcase name="bareword_double" classname="org.apache.jena.riot.langsuite.UnitTestEval" time="0.001"/>
  <testcase name="bareword_double" classname="org.apache.jena.riot.langsuite.UnitTestEval" time="0.024"/>
  <testcase name="double_lower_case_e" classname="org.apache.jena.riot.langsuite.UnitTestEval" time="0.001"/>
  <testcase name="double_lower_case_e" classname="org.apache.jena.riot.langsuite.UnitTestEval" time="0.03"/>
  <testcase name="negative_numeric" classname="org.apache.jena.riot.langsuite.UnitTestEval" time="0.002"/>
  <testcase name="negative_numeric" classname="org.apache.jena.riot.langsuite.UnitTestEval" time="0.001"/>
  <testcase name="positive_numeric" classname="org.apache.jena.riot.langsuite.UnitTestEval" time="0.001"/>
  <testcase name="positive_numeric" classname="org.apache.jena.riot.langsuite.UnitTestEval" time="0.023"/>
  <testcase name="numeric_with_leading_0" classname="org.apache.jena.riot.langsuite.UnitTestEval" time="0.001"/>
  <testcase name="numeric_with_leading_0" classname="org.apache.jena.riot.langsuite.UnitTestEval" time="0.009"/>
  <testcase name="literal_true" classname="org.apache.jena.riot.langsuite.UnitTestEval" time="0.001"/>
  <testcase name="literal_true" classname="org.apache.jena.riot.langsuite.UnitTestEval" time="0.018"/>
  <testcase name="literal_false" classname="org.apache.jena.riot.langsuite.UnitTestEval" time="0.001"/>
  <testcase name="literal_false" classname="org.apache.jena.riot.langsuite.UnitTestEval" time="0.002"/>
  <testcase name="langtagged_non_LONG" classname="org.apache.jena.riot.langsuite.UnitTestEval" time="0.001"/>
  <testcase name="langtagged_non_LONG" classname="org.apache.jena.riot.langsuite.UnitTestEval" time="0.001"/>
  <testcase name="langtagged_LONG" classname="org.apache.jena.riot.langsuite.UnitTestEval" time="0.001"/>
  <testcase name="langtagged_LONG" classname="org.apache.jena.riot.langsuite.UnitTestEval" time="0.001"/>
  <testcase name="lantag_with_subtag" classname="org.apache.jena.riot.langsuite.UnitTestEval" time="0.001"/>
  <testcase name="lantag_with_subtag" classname="org.apache.jena.riot.langsuite.UnitTestEval" time="0.027"/>
  <testcase name="objectList_with_two_objects" classname="org.apache.jena.riot.langsuite.UnitTestEval" time="0.001"/>
  <testcase name="objectList_with_two_objects" classname="org.apache.jena.riot.langsuite.UnitTestEval" time="0.03"/>
  <testcase name="predicateObjectList_with_two_objectLists" classname="org.apache.jena.riot.langsuite.UnitTestEval" time="0.001"/>
  <testcase name="predicateObjectList_with_two_objectLists" classname="org.apache.jena.riot.langsuite.UnitTestEval" time="0.013"/>
  <testcase name="repeated_semis_at_end" classname="org.apache.jena.riot.langsuite.UnitTestEval" time="0"/>
  <testcase name="repeated_semis_at_end" classname="org.apache.jena.riot.langsuite.UnitTestEval" time="0.004"/>
  <testcase name="repeated_semis_not_at_end" classname="org.apache.jena.riot.langsuite.UnitTestEval" time="0.001"/>
  <testcase name="repeated_semis_not_at_end" classname="org.apache.jena.riot.langsuite.UnitTestEval" time="0.019"/>
  <testcase name="comment_following_localName" classname="org.apache.jena.riot.langsuite.UnitTestEval" time="0.001"/>
  <testcase name="comment_following_localName" classname="org.apache.jena.riot.langsuite.UnitTestEval" time="0.012"/>
  <testcase name="number_sign_following_localName" classname="org.apache.jena.riot.langsuite.UnitTestEval" time="0.001"/>
  <testcase name="number_sign_following_localName" classname="org.apache.jena.riot.langsuite.UnitTestEval" time="0.014"/>
  <testcase name="comment_following_PNAME_NS" classname="org.apache.jena.riot.langsuite.UnitTestEval" time="0.016"/>
  <testcase name="comment_following_PNAME_NS" classname="org.apache.jena.riot.langsuite.UnitTestEval" time="0.015"/>
  <testcase name="number_sign_following_PNAME_NS" classname="org.apache.jena.riot.langsuite.UnitTestEval" time="0.013"/>
  <testcase name="number_sign_following_PNAME_NS" classname="org.apache.jena.riot.langsuite.UnitTestEval" time="0.002"/>
  <testcase name="LITERAL_LONG2_with_REVERSE_SOLIDUS" classname="org.apache.jena.riot.langsuite.UnitTestEval" time="0.001"/>
  <testcase name="LITERAL_LONG2_with_REVERSE_SOLIDUS" classname="org.apache.jena.riot.langsuite.UnitTestEval" time="0.002"/>
  <testcase name="turtle-syntax-bad-num-05" classname="org.apache.jena.riot.langsuite.UnitTestBadSyntax" time="0.01"/>
  <testcase name="turtle-syntax-bad-num-05" classname="org.apache.jena.riot.langsuite.UnitTestBadSyntax" time="0.025"/>
  <testcase name="two_LITERAL_LONG2s" classname="org.apache.jena.riot.langsuite.UnitTestEval" time="0.011"/>
  <testcase name="two_LITERAL_LONG2s" classname="org.apache.jena.riot.langsuite.UnitTestEval" time="0.017"/>
  <testcase name="langtagged_LONG_with_subtag" classname="org.apache.jena.riot.langsuite.UnitTestEval" time="0.001"/>
  <testcase name="langtagged_LONG_with_subtag" classname="org.apache.jena.riot.langsuite.UnitTestEval" time="0.01"/>
  <testcase name="turtle-syntax-file-01" classname="org.apache.jena.riot.langsuite.UnitTestSyntax" time="0"/>
  <testcase name="turtle-syntax-file-02" classname="org.apache.jena.riot.langsuite.UnitTestSyntax" time="0.016"/>
  <testcase name="turtle-syntax-file-03" classname="org.apache.jena.riot.langsuite.UnitTestSyntax" time="0.011"/>
  <testcase name="turtle-syntax-uri-01" classname="org.apache.jena.riot.langsuite.UnitTestSyntax" time="0.001"/>
  <testcase name="turtle-syntax-uri-02" classname="org.apache.jena.riot.langsuite.UnitTestSyntax" time="0.006"/>
  <testcase name="turtle-syntax-uri-03" classname="org.apache.jena.riot.langsuite.UnitTestSyntax" time="0"/>
  <testcase name="turtle-syntax-uri-04" classname="org.apache.jena.riot.langsuite.UnitTestSyntax" time="0.001"/>
  <testcase name="turtle-syntax-base-01" classname="org.apache.jena.riot.langsuite.UnitTestSyntax" time="0.001"/>
  <testcase name="turtle-syntax-base-02" classname="org.apache.jena.riot.langsuite.UnitTestSyntax" time="0"/>
  <testcase name="turtle-syntax-base-03" classname="org.apache.jena.riot.langsuite.UnitTestSyntax" time="0"/>
  <testcase name="turtle-syntax-base-04" classname="org.apache.jena.riot.langsuite.UnitTestSyntax" time="0.007"/>
  <testcase name="turtle-syntax-prefix-01" classname="org.apache.jena.riot.langsuite.UnitTestSyntax" time="0.001"/>
  <testcase name="turtle-syntax-prefix-02" classname="org.apache.jena.riot.langsuite.UnitTestSyntax" time="0.001"/>
  <testcase name="turtle-syntax-prefix-03" classname="org.apache.jena.riot.langsuite.UnitTestSyntax" time="0"/>
  <testcase name="turtle-syntax-prefix-04" classname="org.apache.jena.riot.langsuite.UnitTestSyntax" time="0.008"/>
  <testcase name="turtle-syntax-prefix-05" classname="org.apache.jena.riot.langsuite.UnitTestSyntax" time="0.001"/>
  <testcase name="turtle-syntax-prefix-06" classname="org.apache.jena.riot.langsuite.UnitTestSyntax" time="0.001"/>
  <testcase name="turtle-syntax-prefix-07" classname="org.apache.jena.riot.langsuite.UnitTestSyntax" time="0"/>
  <testcase name="turtle-syntax-prefix-08" classname="org.apache.jena.riot.langsuite.UnitTestSyntax" time="0.001"/>
  <testcase name="turtle-syntax-prefix-09" classname="org.apache.jena.riot.langsuite.UnitTestSyntax" time="0.001"/>
  <testcase name="turtle-syntax-string-01" classname="org.apache.jena.riot.langsuite.UnitTestSyntax" time="0"/>
  <testcase name="turtle-syntax-string-02" classname="org.apache.jena.riot.langsuite.UnitTestSyntax" time="0.001"/>
  <testcase name="turtle-syntax-string-03" classname="org.apache.jena.riot.langsuite.UnitTestSyntax" time="0"/>
  <testcase name="turtle-syntax-string-04" classname="org.apache.jena.riot.langsuite.UnitTestSyntax" time="0.001"/>
  <testcase name="turtle-syntax-string-05" classname="org.apache.jena.riot.langsuite.UnitTestSyntax" time="0"/>
  <testcase name="turtle-syntax-string-06" classname="org.apache.jena.riot.langsuite.UnitTestSyntax" time="0.001"/>
  <testcase name="turtle-syntax-string-07" classname="org.apache.jena.riot.langsuite.UnitTestSyntax" time="0.001"/>
  <testcase name="turtle-syntax-string-08" classname="org.apache.jena.riot.langsuite.UnitTestSyntax" time="0"/>
  <testcase name="turtle-syntax-string-09" classname="org.apache.jena.riot.langsuite.UnitTestSyntax" time="0.001"/>
  <testcase name="turtle-syntax-string-10" classname="org.apache.jena.riot.langsuite.UnitTestSyntax" time="0"/>
  <testcase name="turtle-syntax-string-11" classname="org.apache.jena.riot.langsuite.UnitTestSyntax" time="0.001"/>
  <testcase name="turtle-syntax-str-esc-01" classname="org.apache.jena.riot.langsuite.UnitTestSyntax" time="0.001"/>
  <testcase name="turtle-syntax-str-esc-02" classname="org.apache.jena.riot.langsuite.UnitTestSyntax" time="0"/>
  <testcase name="turtle-syntax-str-esc-03" classname="org.apache.jena.riot.langsuite.UnitTestSyntax" time="0.001"/>
  <testcase name="turtle-syntax-pname-esc-01" classname="org.apache.jena.riot.langsuite.UnitTestSyntax" time="0"/>
  <testcase name="turtle-syntax-pname-esc-02" classname="org.apache.jena.riot.langsuite.UnitTestSyntax" time="0.001"/>
  <testcase name="turtle-syntax-pname-esc-03" classname="org.apache.jena.riot.langsuite.UnitTestSyntax" time="0"/>
  <testcase name="turtle-syntax-bnode-01" classname="org.apache.jena.riot.langsuite.UnitTestSyntax" time="0"/>
  <testcase name="turtle-syntax-bnode-02" classname="org.apache.jena.riot.langsuite.UnitTestSyntax" time="0.001"/>
  <testcase name="turtle-syntax-bnode-03" classname="org.apache.jena.riot.langsuite.UnitTestSyntax" time="0"/>
  <testcase name="turtle-syntax-bnode-04" classname="org.apache.jena.riot.langsuite.UnitTestSyntax" time="0"/>
  <testcase name="turtle-syntax-bnode-05" classname="org.apache.jena.riot.langsuite.UnitTestSyntax" time="0.001"/>
  <testcase name="turtle-syntax-bnode-06" classname="org.apache.jena.riot.langsuite.UnitTestSyntax" time="0"/>
  <testcase name="turtle-syntax-bnode-07" classname="org.apache.jena.riot.langsuite.UnitTestSyntax" time="0.001"/>
  <testcase name="turtle-syntax-bnode-08" classname="org.apache.jena.riot.langsuite.UnitTestSyntax" time="0.001"/>
  <testcase name="turtle-syntax-bnode-09" classname="org.apache.jena.riot.langsuite.UnitTestSyntax" time="0"/>
  <testcase name="turtle-syntax-bnode-10" classname="org.apache.jena.riot.langsuite.UnitTestSyntax" time="0.001"/>
  <testcase name="turtle-syntax-number-01" classname="org.apache.jena.riot.langsuite.UnitTestSyntax" time="0.001"/>
  <testcase name="turtle-syntax-number-02" classname="org.apache.jena.riot.langsuite.UnitTestSyntax" time="0"/>
  <testcase name="turtle-syntax-number-03" classname="org.apache.jena.riot.langsuite.UnitTestSyntax" time="0.001"/>
  <testcase name="turtle-syntax-number-04" classname="org.apache.jena.riot.langsuite.UnitTestSyntax" time="0"/>
  <testcase name="turtle-syntax-number-05" classname="org.apache.jena.riot.langsuite.UnitTestSyntax" time="0.001"/>
  <testcase name="turtle-syntax-number-06" classname="org.apache.jena.riot.langsuite.UnitTestSyntax" time="0"/>
  <testcase name="turtle-syntax-number-07" classname="org.apache.jena.riot.langsuite.UnitTestSyntax" time="0.001"/>
  <testcase name="turtle-syntax-number-08" classname="org.apache.jena.riot.langsuite.UnitTestSyntax" time="0"/>
  <testcase name="turtle-syntax-number-09" classname="org.apache.jena.riot.langsuite.UnitTestSyntax" time="0.001"/>
  <testcase name="turtle-syntax-number-10" classname="org.apache.jena.riot.langsuite.UnitTestSyntax" time="0"/>
  <testcase name="turtle-syntax-number-11" classname="org.apache.jena.riot.langsuite.UnitTestSyntax" time="0.001"/>
  <testcase name="turtle-syntax-datatypes-01" classname="org.apache.jena.riot.langsuite.UnitTestSyntax" time="0.001"/>
  <testcase name="turtle-syntax-datatypes-02" classname="org.apache.jena.riot.langsuite.UnitTestSyntax" time="0"/>
  <testcase name="turtle-syntax-kw-01" classname="org.apache.jena.riot.langsuite.UnitTestSyntax" time="0.001"/>
  <testcase name="turtle-syntax-kw-02" classname="org.apache.jena.riot.langsuite.UnitTestSyntax" time="0"/>
  <testcase name="turtle-syntax-kw-03" classname="org.apache.jena.riot.langsuite.UnitTestSyntax" time="0.001"/>
  <testcase name="turtle-syntax-struct-01" classname="org.apache.jena.riot.langsuite.UnitTestSyntax" time="0.002"/>
  <testcase name="turtle-syntax-struct-02" classname="org.apache.jena.riot.langsuite.UnitTestSyntax" time="0"/>
  <testcase name="turtle-syntax-struct-03" classname="org.apache.jena.riot.langsuite.UnitTestSyntax" time="0"/>
  <testcase name="turtle-syntax-struct-04" classname="org.apache.jena.riot.langsuite.UnitTestSyntax" time="0.001"/>
  <testcase name="turtle-syntax-struct-05" classname="org.apache.jena.riot.langsuite.UnitTestSyntax" time="0.001"/>
  <testcase name="turtle-syntax-lists-01" classname="org.apache.jena.riot.langsuite.UnitTestSyntax" time="0.001"/>
  <testcase name="turtle-syntax-lists-02" classname="org.apache.jena.riot.langsuite.UnitTestSyntax" time="0"/>
  <testcase name="turtle-syntax-lists-03" classname="org.apache.jena.riot.langsuite.UnitTestSyntax" time="0.002"/>
  <testcase name="turtle-syntax-lists-04" classname="org.apache.jena.riot.langsuite.UnitTestSyntax" time="0"/>
  <testcase name="turtle-syntax-lists-05" classname="org.apache.jena.riot.langsuite.UnitTestSyntax" time="0.001"/>
  <testcase name="turtle-syntax-bad-uri-01" classname="org.apache.jena.riot.langsuite.UnitTestBadSyntax" time="0.001"/>
  <testcase name="turtle-syntax-bad-uri-02" classname="org.apache.jena.riot.langsuite.UnitTestBadSyntax" time="0"/>
  <testcase name="turtle-syntax-bad-uri-03" classname="org.apache.jena.riot.langsuite.UnitTestBadSyntax" time="0.001"/>
  <testcase name="turtle-syntax-bad-uri-04" classname="org.apache.jena.riot.langsuite.UnitTestBadSyntax" time="0.001"/>
  <testcase name="turtle-syntax-bad-uri-05" classname="org.apache.jena.riot.langsuite.UnitTestBadSyntax" time="0"/>
  <testcase name="turtle-syntax-bad-prefix-01" classname="org.apache.jena.riot.langsuite.UnitTestBadSyntax" time="0.001"/>
  <testcase name="turtle-syntax-bad-prefix-02" classname="org.apache.jena.riot.langsuite.UnitTestBadSyntax" time="0.001"/>
  <testcase name="turtle-syntax-bad-prefix-03" classname="org.apache.jena.riot.langsuite.UnitTestBadSyntax" time="0.001"/>
  <testcase name="turtle-syntax-bad-prefix-04" classname="org.apache.jena.riot.langsuite.UnitTestBadSyntax" time="0.001"/>
  <testcase name="turtle-syntax-bad-prefix-05" classname="org.apache.jena.riot.langsuite.UnitTestBadSyntax" time="0"/>
  <testcase name="turtle-syntax-bad-base-01" classname="org.apache.jena.riot.langsuite.UnitTestBadSyntax" time="0.001"/>
  <testcase name="turtle-syntax-bad-base-02" classname="org.apache.jena.riot.langsuite.UnitTestBadSyntax" time="0.001"/>
  <testcase name="turtle-syntax-bad-base-03" classname="org.apache.jena.riot.langsuite.UnitTestBadSyntax" time="0"/>
  <testcase name="turtle-syntax-bad-struct-01" classname="org.apache.jena.riot.langsuite.UnitTestBadSyntax" time="0.004"/>
  <testcase name="turtle-syntax-bad-struct-02" classname="org.apache.jena.riot.langsuite.UnitTestBadSyntax" time="0.002"/>
  <testcase name="turtle-syntax-bad-struct-03" classname="org.apache.jena.riot.langsuite.UnitTestBadSyntax" time="0.001"/>
  <testcase name="turtle-syntax-bad-struct-04" classname="org.apache.jena.riot.langsuite.UnitTestBadSyntax" time="0.001"/>
  <testcase name="turtle-syntax-bad-struct-05" classname="org.apache.jena.riot.langsuite.UnitTestBadSyntax" time="0.001"/>
  <testcase name="turtle-syntax-bad-struct-06" classname="org.apache.jena.riot.langsuite.UnitTestBadSyntax" time="0.007"/>
  <testcase name="turtle-syntax-bad-struct-07" classname="org.apache.jena.riot.langsuite.UnitTestBadSyntax" time="0"/>
  <testcase name="turtle-syntax-bad-kw-01" classname="org.apache.jena.riot.langsuite.UnitTestBadSyntax" time="0.001"/>
  <testcase name="turtle-syntax-bad-kw-02" classname="org.apache.jena.riot.langsuite.UnitTestBadSyntax" time="0.001"/>
  <testcase name="turtle-syntax-bad-kw-03" classname="org.apache.jena.riot.langsuite.UnitTestBadSyntax" time="0.001"/>
  <testcase name="turtle-syntax-bad-kw-04" classname="org.apache.jena.riot.langsuite.UnitTestBadSyntax" time="0.001"/>
  <testcase name="turtle-syntax-bad-kw-05" classname="org.apache.jena.riot.langsuite.UnitTestBadSyntax" time="0"/>
  <testcase name="turtle-syntax-bad-n3-extras-01" classname="org.apache.jena.riot.langsuite.UnitTestBadSyntax" time="0.001"/>
  <testcase name="turtle-syntax-bad-n3-extras-02" classname="org.apache.jena.riot.langsuite.UnitTestBadSyntax" time="0"/>
  <testcase name="turtle-syntax-bad-n3-extras-03" classname="org.apache.jena.riot.langsuite.UnitTestBadSyntax" time="0"/>
  <testcase name="turtle-syntax-bad-n3-extras-04" classname="org.apache.jena.riot.langsuite.UnitTestBadSyntax" time="0.001"/>
  <testcase name="turtle-syntax-bad-n3-extras-05" classname="org.apache.jena.riot.langsuite.UnitTestBadSyntax" time="0.001"/>
  <testcase name="turtle-syntax-bad-n3-extras-06" classname="org.apache.jena.riot.langsuite.UnitTestBadSyntax" time="0"/>
  <testcase name="turtle-syntax-bad-n3-extras-07" classname="org.apache.jena.riot.langsuite.UnitTestBadSyntax" time="0.001"/>
  <testcase name="turtle-syntax-bad-n3-extras-08" classname="org.apache.jena.riot.langsuite.UnitTestBadSyntax" time="0"/>
  <testcase name="turtle-syntax-bad-n3-extras-09" classname="org.apache.jena.riot.langsuite.UnitTestBadSyntax" time="0.001"/>
  <testcase name="turtle-syntax-bad-n3-extras-10" classname="org.apache.jena.riot.langsuite.UnitTestBadSyntax" time="0"/>
  <testcase name="turtle-syntax-bad-n3-extras-11" classname="org.apache.jena.riot.langsuite.UnitTestBadSyntax" time="0.001"/>
  <testcase name="turtle-syntax-bad-n3-extras-12" classname="org.apache.jena.riot.langsuite.UnitTestBadSyntax" time="0.001"/>
  <testcase name="turtle-syntax-bad-n3-extras-13" classname="org.apache.jena.riot.langsuite.UnitTestBadSyntax" time="0"/>
  <testcase name="turtle-syntax-bad-struct-08" classname="org.apache.jena.riot.langsuite.UnitTestBadSyntax" time="0.001"/>
  <testcase name="turtle-syntax-bad-struct-09" classname="org.apache.jena.riot.langsuite.UnitTestBadSyntax" time="0.001"/>
  <testcase name="turtle-syntax-bad-struct-10" classname="org.apache.jena.riot.langsuite.UnitTestBadSyntax" time="0"/>
  <testcase name="turtle-syntax-bad-struct-11" classname="org.apache.jena.riot.langsuite.UnitTestBadSyntax" time="0.001"/>
  <testcase name="turtle-syntax-bad-struct-12" classname="org.apache.jena.riot.langsuite.UnitTestBadSyntax" time="0.001"/>
  <testcase name="turtle-syntax-bad-struct-13" classname="org.apache.jena.riot.langsuite.UnitTestBadSyntax" time="0"/>
  <testcase name="turtle-syntax-bad-struct-14" classname="org.apache.jena.riot.langsuite.UnitTestBadSyntax" time="0.001"/>
  <testcase name="turtle-syntax-bad-struct-15" classname="org.apache.jena.riot.langsuite.UnitTestBadSyntax" time="0.001"/>
  <testcase name="turtle-syntax-bad-struct-16" classname="org.apache.jena.riot.langsuite.UnitTestBadSyntax" time="0"/>
  <testcase name="turtle-syntax-bad-struct-17" classname="org.apache.jena.riot.langsuite.UnitTestBadSyntax" time="0.001"/>
  <testcase name="turtle-syntax-bad-lang-01" classname="org.apache.jena.riot.langsuite.UnitTestBadSyntax" time="0.001"/>
  <testcase name="turtle-syntax-bad-esc-01" classname="org.apache.jena.riot.langsuite.UnitTestBadSyntax" time="0"/>
  <testcase name="turtle-syntax-bad-esc-02" classname="org.apache.jena.riot.langsuite.UnitTestBadSyntax" time="0.001"/>
  <testcase name="turtle-syntax-bad-esc-03" classname="org.apache.jena.riot.langsuite.UnitTestBadSyntax" time="0.001"/>
  <testcase name="turtle-syntax-bad-esc-04" classname="org.apache.jena.riot.langsuite.UnitTestBadSyntax" time="0.001"/>
  <testcase name="turtle-syntax-bad-pname-01" classname="org.apache.jena.riot.langsuite.UnitTestBadSyntax" time="0"/>
  <testcase name="turtle-syntax-bad-pname-02" classname="org.apache.jena.riot.langsuite.UnitTestBadSyntax" time="0.001"/>
  <testcase name="turtle-syntax-bad-pname-03" classname="org.apache.jena.riot.langsuite.UnitTestBadSyntax" time="0.001"/>
  <testcase name="turtle-syntax-bad-string-01" classname="org.apache.jena.riot.langsuite.UnitTestBadSyntax" time="0.001"/>
  <testcase name="turtle-syntax-bad-string-02" classname="org.apache.jena.riot.langsuite.UnitTestBadSyntax" time="0.001"/>
  <testcase name="turtle-syntax-bad-string-03" classname="org.apache.jena.riot.langsuite.UnitTestBadSyntax" time="0"/>
  <testcase name="turtle-syntax-bad-string-04" classname="org.apache.jena.riot.langsuite.UnitTestBadSyntax" time="0.001"/>
  <testcase name="turtle-syntax-bad-string-05" classname="org.apache.jena.riot.langsuite.UnitTestBadSyntax" time="0.001"/>
  <testcase name="turtle-syntax-bad-string-06" classname="org.apache.jena.riot.langsuite.UnitTestBadSyntax" time="0.001"/>
  <testcase name="turtle-syntax-bad-string-07" classname="org.apache.jena.riot.langsuite.UnitTestBadSyntax" time="0.001"/>
  <testcase name="turtle-syntax-bad-num-01" classname="org.apache.jena.riot.langsuite.UnitTestBadSyntax" time="0.001"/>
  <testcase name="turtle-syntax-bad-num-02" classname="org.apache.jena.riot.langsuite.UnitTestBadSyntax" time="0.001"/>
  <testcase name="turtle-syntax-bad-num-03" classname="org.apache.jena.riot.langsuite.UnitTestBadSyntax" time="0.001"/>
  <testcase name="turtle-syntax-bad-num-04" classname="org.apache.jena.riot.langsuite.UnitTestBadSyntax" time="0.001"/>
  <testcase name="turtle-eval-struct-01" classname="org.apache.jena.riot.langsuite.UnitTestEval" time="0.013"/>
  <testcase name="turtle-eval-struct-02" classname="org.apache.jena.riot.langsuite.UnitTestEval" time="0.014"/>
  <testcase name="turtle-subm-01" classname="org.apache.jena.riot.langsuite.UnitTestEval" time="0.001"/>
  <testcase name="turtle-subm-02" classname="org.apache.jena.riot.langsuite.UnitTestEval" time="0.001"/>
  <testcase name="turtle-subm-03" classname="org.apache.jena.riot.langsuite.UnitTestEval" time="0.002"/>
  <testcase name="turtle-subm-04" classname="org.apache.jena.riot.langsuite.UnitTestEval" time="0.001"/>
  <testcase name="turtle-subm-05" classname="org.apache.jena.riot.langsuite.UnitTestEval" time="0.001"/>
  <testcase name="turtle-subm-06" classname="org.apache.jena.riot.langsuite.UnitTestEval" time="0.002"/>
  <testcase name="turtle-subm-07" classname="org.apache.jena.riot.langsuite.UnitTestEval" time="0.001"/>
  <testcase name="turtle-subm-08" classname="org.apache.jena.riot.langsuite.UnitTestEval" time="0.002"/>
  <testcase name="turtle-subm-09" classname="org.apache.jena.riot.langsuite.UnitTestEval" time="0.001"/>
  <testcase name="turtle-subm-10" classname="org.apache.jena.riot.langsuite.UnitTestEval" time="0.002"/>
  <testcase name="turtle-subm-11" classname="org.apache.jena.riot.langsuite.UnitTestEval" time="0.014"/>
  <testcase name="turtle-subm-12" classname="org.apache.jena.riot.langsuite.UnitTestEval" time="0.002"/>
  <testcase name="turtle-subm-13" classname="org.apache.jena.riot.langsuite.UnitTestEval" time="0.001"/>
  <testcase name="turtle-subm-14" classname="org.apache.jena.riot.langsuite.UnitTestEval" time="0.007"/>
  <testcase name="turtle-subm-15" classname="org.apache.jena.riot.langsuite.UnitTestEval" time="0.001"/>
  <testcase name="turtle-subm-16" classname="org.apache.jena.riot.langsuite.UnitTestEval" time="0.001"/>
  <testcase name="turtle-subm-17" classname="org.apache.jena.riot.langsuite.UnitTestEval" time="0.002"/>
  <testcase name="turtle-subm-18" classname="org.apache.jena.riot.langsuite.UnitTestEval" time="0.001"/>
  <testcase name="turtle-subm-19" classname="org.apache.jena.riot.langsuite.UnitTestEval" time="0.001"/>
  <testcase name="turtle-subm-20" classname="org.apache.jena.riot.langsuite.UnitTestEval" time="0.002"/>
  <testcase name="turtle-subm-21" classname="org.apache.jena.riot.langsuite.UnitTestEval" time="0.001"/>
  <testcase name="turtle-subm-22" classname="org.apache.jena.riot.langsuite.UnitTestEval" time="0.001"/>
  <testcase name="turtle-subm-23" classname="org.apache.jena.riot.langsuite.UnitTestEval" time="0.001"/>
  <testcase name="turtle-subm-24" classname="org.apache.jena.riot.langsuite.UnitTestEval" time="0.001"/>
  <testcase name="turtle-subm-25" classname="org.apache.jena.riot.langsuite.UnitTestEval" time="0.001"/>
  <testcase name="turtle-subm-26" classname="org.apache.jena.riot.langsuite.UnitTestEval" time="0.005"/>
  <testcase name="turtle-subm-27" classname="org.apache.jena.riot.langsuite.UnitTestEval" time="0.001"/>
  <testcase name="turtle-eval-bad-01" classname="org.apache.jena.riot.langsuite.UnitTestBadEval" time="0.001"/>
  <testcase name="turtle-eval-bad-02" classname="org.apache.jena.riot.langsuite.UnitTestBadEval" time="0.002"/>
  <testcase name="turtle-eval-bad-03" classname="org.apache.jena.riot.langsuite.UnitTestBadEval" time="0.001"/>
  <testcase name="turtle-eval-bad-04" classname="org.apache.jena.riot.langsuite.UnitTestBadEval" time="0.002"/>
  <testcase name="turtle-syntax-bad-blank-label-dot-end" classname="org.apache.jena.riot.langsuite.UnitTestBadSyntax" time="0"/>
  <testcase name="turtle-syntax-bad-ln-dash-start" classname="org.apache.jena.riot.langsuite.UnitTestBadSyntax" time="0.001"/>
  <testcase name="turtle-syntax-bad-ln-escape-start" classname="org.apache.jena.riot.langsuite.UnitTestBadSyntax" time="0"/>
  <testcase name="turtle-syntax-bad-ln-escape" classname="org.apache.jena.riot.langsuite.UnitTestBadSyntax" time="0.002"/>
  <testcase name="turtle-syntax-bad-missing-ns-dot-end" classname="org.apache.jena.riot.langsuite.UnitTestBadSyntax" time="0"/>
  <testcase name="turtle-syntax-bad-missing-ns-dot-start" classname="org.apache.jena.riot.langsuite.UnitTestBadSyntax" time="0.001"/>
  <testcase name="turtle-syntax-bad-ns-dot-end" classname="org.apache.jena.riot.langsuite.UnitTestBadSyntax" time="0.001"/>
  <testcase name="turtle-syntax-bad-ns-dot-start" classname="org.apache.jena.riot.langsuite.UnitTestBadSyntax" time="0"/>
  <testcase name="turtle-syntax-bad-number-dot-in-anon" classname="org.apache.jena.riot.langsuite.UnitTestBadSyntax" time="0.001"/>
  <testcase name="turtle-syntax-blank-label" classname="org.apache.jena.riot.langsuite.UnitTestSyntax" time="0.001"/>
  <testcase name="turtle-syntax-ln-colons" classname="org.apache.jena.riot.langsuite.UnitTestSyntax" time="0"/>
  <testcase name="turtle-syntax-ln-dots" classname="org.apache.jena.riot.langsuite.UnitTestSyntax" time="0.001"/>
  <testcase name="turtle-syntax-ns-dots" classname="org.apache.jena.riot.langsuite.UnitTestSyntax" time="0.001"/>
  <testcase name="anonymous_blank_node_graph" classname="org.apache.jena.riot.langsuite.UnitTestEval" time="0.02"/>
  <testcase name="labeled_blank_node_graph" classname="org.apache.jena.riot.langsuite.UnitTestEval" time="0.001"/>
  <testcase name="alternating_iri_graphs" classname="org.apache.jena.riot.langsuite.UnitTestEval" time="0.025"/>
  <testcase name="alternating_bnode_graphs" classname="org.apache.jena.riot.langsuite.UnitTestEval" time="0.013"/>
  <testcase name="trig-syntax-bad-base-04" classname="org.apache.jena.riot.langsuite.UnitTestBadSyntax" time="0.014"/>
  <testcase name="trig-syntax-bad-base-05" classname="org.apache.jena.riot.langsuite.UnitTestBadSyntax" time="0"/>
  <testcase name="trig-syntax-bad-prefix-06" classname="org.apache.jena.riot.langsuite.UnitTestBadSyntax" time="0.026"/>
  <testcase name="trig-syntax-bad-prefix-07" classname="org.apache.jena.riot.langsuite.UnitTestBadSyntax" time="0.014"/>
  <testcase name="trig-syntax-struct-06" classname="org.apache.jena.riot.langsuite.UnitTestSyntax" time="0.007"/>
  <testcase name="trig-syntax-struct-07" classname="org.apache.jena.riot.langsuite.UnitTestSyntax" time="0.001"/>
  <testcase name="trig-syntax-minimal-whitespace-01" classname="org.apache.jena.riot.langsuite.UnitTestSyntax" time="0.009"/>
  <testcase name="trig-syntax-bad-num-05" classname="org.apache.jena.riot.langsuite.UnitTestBadSyntax" time="0.001"/>
  <testcase name="trig-syntax-bad-num-05" classname="org.apache.jena.riot.langsuite.UnitTestBadSyntax" time="0.008"/>
  <testcase name="trig-syntax-file-01" classname="org.apache.jena.riot.langsuite.UnitTestSyntax" time="0"/>
  <testcase name="trig-syntax-file-02" classname="org.apache.jena.riot.langsuite.UnitTestSyntax" time="0"/>
  <testcase name="trig-syntax-file-03" classname="org.apache.jena.riot.langsuite.UnitTestSyntax" time="0.015"/>
  <testcase name="trig-syntax-uri-01" classname="org.apache.jena.riot.langsuite.UnitTestSyntax" time="0.012"/>
  <testcase name="trig-syntax-uri-02" classname="org.apache.jena.riot.langsuite.UnitTestSyntax" time="0.007"/>
  <testcase name="trig-syntax-uri-03" classname="org.apache.jena.riot.langsuite.UnitTestSyntax" time="0"/>
  <testcase name="trig-syntax-uri-04" classname="org.apache.jena.riot.langsuite.UnitTestSyntax" time="0.014"/>
  <testcase name="trig-syntax-base-01" classname="org.apache.jena.riot.langsuite.UnitTestSyntax" time="0.001"/>
  <testcase name="trig-syntax-base-02" classname="org.apache.jena.riot.langsuite.UnitTestSyntax" time="0"/>
  <testcase name="trig-syntax-base-03" classname="org.apache.jena.riot.langsuite.UnitTestSyntax" time="0.027"/>
  <testcase name="trig-syntax-base-04" classname="org.apache.jena.riot.langsuite.UnitTestSyntax" time="0.004"/>
  <testcase name="trig-syntax-prefix-01" classname="org.apache.jena.riot.langsuite.UnitTestSyntax" time="0.01"/>
  <testcase name="trig-syntax-prefix-02" classname="org.apache.jena.riot.langsuite.UnitTestSyntax" time="0"/>
  <testcase name="trig-syntax-prefix-03" classname="org.apache.jena.riot.langsuite.UnitTestSyntax" time="0.001"/>
  <testcase name="trig-syntax-prefix-04" classname="org.apache.jena.riot.langsuite.UnitTestSyntax" time="0.006"/>
  <testcase name="trig-syntax-prefix-05" classname="org.apache.jena.riot.langsuite.UnitTestSyntax" time="0.007"/>
  <testcase name="trig-syntax-prefix-06" classname="org.apache.jena.riot.langsuite.UnitTestSyntax" time="0.001"/>
  <testcase name="trig-syntax-prefix-07" classname="org.apache.jena.riot.langsuite.UnitTestSyntax" time="0.011"/>
  <testcase name="trig-syntax-prefix-08" classname="org.apache.jena.riot.langsuite.UnitTestSyntax" time="0.007"/>
  <testcase name="trig-syntax-prefix-09" classname="org.apache.jena.riot.langsuite.UnitTestSyntax" time="0"/>
  <testcase name="trig-syntax-string-01" classname="org.apache.jena.riot.langsuite.UnitTestSyntax" time="0.001"/>
  <testcase name="trig-syntax-string-02" classname="org.apache.jena.riot.langsuite.UnitTestSyntax" time="0.001"/>
  <testcase name="trig-syntax-string-03" classname="org.apache.jena.riot.langsuite.UnitTestSyntax" time="0"/>
  <testcase name="trig-syntax-string-04" classname="org.apache.jena.riot.langsuite.UnitTestSyntax" time="0.001"/>
  <testcase name="trig-syntax-string-05" classname="org.apache.jena.riot.langsuite.UnitTestSyntax" time="0"/>
  <testcase name="trig-syntax-string-06" classname="org.apache.jena.riot.langsuite.UnitTestSyntax" time="0.011"/>
  <testcase name="trig-syntax-string-07" classname="org.apache.jena.riot.langsuite.UnitTestSyntax" time="0.001"/>
  <testcase name="trig-syntax-string-08" classname="org.apache.jena.riot.langsuite.UnitTestSyntax" time="0"/>
  <testcase name="trig-syntax-string-09" classname="org.apache.jena.riot.langsuite.UnitTestSyntax" time="0.013"/>
  <testcase name="trig-syntax-string-10" classname="org.apache.jena.riot.langsuite.UnitTestSyntax" time="0.007"/>
  <testcase name="trig-syntax-string-11" classname="org.apache.jena.riot.langsuite.UnitTestSyntax" time="0.001"/>
  <testcase name="trig-syntax-str-esc-01" classname="org.apache.jena.riot.langsuite.UnitTestSyntax" time="0"/>
  <testcase name="trig-syntax-str-esc-02" classname="org.apache.jena.riot.langsuite.UnitTestSyntax" time="0.006"/>
  <testcase name="trig-syntax-str-esc-03" classname="org.apache.jena.riot.langsuite.UnitTestSyntax" time="0.01"/>
  <testcase name="trig-syntax-pname-esc-01" classname="org.apache.jena.riot.langsuite.UnitTestSyntax" time="0.001"/>
  <testcase name="trig-syntax-pname-esc-02" classname="org.apache.jena.riot.langsuite.UnitTestSyntax" time="0"/>
  <testcase name="trig-syntax-pname-esc-03" classname="org.apache.jena.riot.langsuite.UnitTestSyntax" time="0.001"/>
  <testcase name="trig-syntax-bnode-01" classname="org.apache.jena.riot.langsuite.UnitTestSyntax" time="0"/>
  <testcase name="trig-syntax-bnode-02" classname="org.apache.jena.riot.langsuite.UnitTestSyntax" time="0.012"/>
  <testcase name="trig-syntax-bnode-03" classname="org.apache.jena.riot.langsuite.UnitTestSyntax" time="0.014"/>
  <testcase name="trig-syntax-bnode-04" classname="org.apache.jena.riot.langsuite.UnitTestSyntax" time="0.011"/>
  <testcase name="trig-syntax-bnode-05" classname="org.apache.jena.riot.langsuite.UnitTestSyntax" time="0.012"/>
  <testcase name="trig-syntax-bnode-06" classname="org.apache.jena.riot.langsuite.UnitTestSyntax" time="0.016"/>
  <testcase name="trig-syntax-bnode-07" classname="org.apache.jena.riot.langsuite.UnitTestSyntax" time="0.004"/>
  <testcase name="trig-syntax-bnode-08" classname="org.apache.jena.riot.langsuite.UnitTestSyntax" time="0.006"/>
  <testcase name="trig-syntax-bnode-09" classname="org.apache.jena.riot.langsuite.UnitTestSyntax" time="0.025"/>
  <testcase name="trig-syntax-bnode-10" classname="org.apache.jena.riot.langsuite.UnitTestSyntax" time="0.012"/>
  <testcase name="trig-syntax-number-01" classname="org.apache.jena.riot.langsuite.UnitTestSyntax" time="0.001"/>
  <testcase name="trig-syntax-number-02" classname="org.apache.jena.riot.langsuite.UnitTestSyntax" time="0"/>
  <testcase name="trig-syntax-number-03" classname="org.apache.jena.riot.langsuite.UnitTestSyntax" time="0.013"/>
  <testcase name="trig-syntax-number-04" classname="org.apache.jena.riot.langsuite.UnitTestSyntax" time="0.001"/>
  <testcase name="trig-syntax-number-05" classname="org.apache.jena.riot.langsuite.UnitTestSyntax" time="0.011"/>
  <testcase name="trig-syntax-number-06" classname="org.apache.jena.riot.langsuite.UnitTestSyntax" time="0.001"/>
  <testcase name="trig-syntax-number-07" classname="org.apache.jena.riot.langsuite.UnitTestSyntax" time="0"/>
  <testcase name="trig-syntax-number-08" classname="org.apache.jena.riot.langsuite.UnitTestSyntax" time="0.009"/>
  <testcase name="trig-syntax-number-09" classname="org.apache.jena.riot.langsuite.UnitTestSyntax" time="0.006"/>
  <testcase name="trig-syntax-number-10" classname="org.apache.jena.riot.langsuite.UnitTestSyntax" time="0.032"/>
  <testcase name="trig-syntax-number-11" classname="org.apache.jena.riot.langsuite.UnitTestSyntax" time="0.001"/>
  <testcase name="trig-syntax-datatypes-01" classname="org.apache.jena.riot.langsuite.UnitTestSyntax" time="0.001"/>
  <testcase name="trig-syntax-datatypes-02" classname="org.apache.jena.riot.langsuite.UnitTestSyntax" time="0"/>
  <testcase name="trig-syntax-kw-01" classname="org.apache.jena.riot.langsuite.UnitTestSyntax" time="0.025"/>
  <testcase name="trig-syntax-kw-02" classname="org.apache.jena.riot.langsuite.UnitTestSyntax" time="0.001"/>
  <testcase name="trig-syntax-kw-03" classname="org.apache.jena.riot.langsuite.UnitTestSyntax" time="0.009"/>
  <testcase name="trig-syntax-struct-01" classname="org.apache.jena.riot.langsuite.UnitTestSyntax" time="0.011"/>
  <testcase name="trig-syntax-struct-02" classname="org.apache.jena.riot.langsuite.UnitTestSyntax" time="0.001"/>
  <testcase name="trig-syntax-struct-03" classname="org.apache.jena.riot.langsuite.UnitTestSyntax" time="0"/>
  <testcase name="trig-syntax-struct-04" classname="org.apache.jena.riot.langsuite.UnitTestSyntax" time="0.001"/>
  <testcase name="trig-syntax-struct-05" classname="org.apache.jena.riot.langsuite.UnitTestSyntax" time="0.007"/>
  <testcase name="trig-syntax-lists-01" classname="org.apache.jena.riot.langsuite.UnitTestSyntax" time="0.001"/>
  <testcase name="trig-syntax-lists-02" classname="org.apache.jena.riot.langsuite.UnitTestSyntax" time="0.021"/>
  <testcase name="trig-syntax-lists-03" classname="org.apache.jena.riot.langsuite.UnitTestSyntax" time="0.001"/>
  <testcase name="trig-syntax-lists-04" classname="org.apache.jena.riot.langsuite.UnitTestSyntax" time="0.027"/>
  <testcase name="trig-syntax-lists-05" classname="org.apache.jena.riot.langsuite.UnitTestSyntax" time="0.001"/>
  <testcase name="trig-syntax-bad-uri-01" classname="org.apache.jena.riot.langsuite.UnitTestBadSyntax" time="0.001"/>
  <testcase name="trig-syntax-bad-uri-02" classname="org.apache.jena.riot.langsuite.UnitTestBadSyntax" time="0"/>
  <testcase name="trig-syntax-bad-uri-03" classname="org.apache.jena.riot.langsuite.UnitTestBadSyntax" time="0.001"/>
  <testcase name="trig-syntax-bad-uri-04" classname="org.apache.jena.riot.langsuite.UnitTestBadSyntax" time="0"/>
  <testcase name="trig-syntax-bad-uri-05" classname="org.apache.jena.riot.langsuite.UnitTestBadSyntax" time="0"/>
  <testcase name="trig-syntax-bad-prefix-01" classname="org.apache.jena.riot.langsuite.UnitTestBadSyntax" time="0.021"/>
  <testcase name="trig-syntax-bad-prefix-02" classname="org.apache.jena.riot.langsuite.UnitTestBadSyntax" time="0.008"/>
  <testcase name="trig-syntax-bad-prefix-03" classname="org.apache.jena.riot.langsuite.UnitTestBadSyntax" time="0.01"/>
  <testcase name="trig-syntax-bad-prefix-04" classname="org.apache.jena.riot.langsuite.UnitTestBadSyntax" time="0.002"/>
  <testcase name="trig-syntax-bad-prefix-05" classname="org.apache.jena.riot.langsuite.UnitTestBadSyntax" time="0.042"/>
  <testcase name="trig-syntax-bad-base-01" classname="org.apache.jena.riot.langsuite.UnitTestBadSyntax" time="0.009"/>
  <testcase name="trig-syntax-bad-base-02" classname="org.apache.jena.riot.langsuite.UnitTestBadSyntax" time="0"/>
  <testcase name="trig-syntax-bad-base-03" classname="org.apache.jena.riot.langsuite.UnitTestBadSyntax" time="0.012"/>
  <testcase name="trig-syntax-bad-struct-02" classname="org.apache.jena.riot.langsuite.UnitTestBadSyntax" time="0.001"/>
  <testcase name="trig-syntax-bad-struct-03" classname="org.apache.jena.riot.langsuite.UnitTestBadSyntax" time="0"/>
  <testcase name="trig-syntax-bad-struct-04" classname="org.apache.jena.riot.langsuite.UnitTestBadSyntax" time="0.013"/>
  <testcase name="trig-syntax-bad-struct-05" classname="org.apache.jena.riot.langsuite.UnitTestBadSyntax" time="0.012"/>
  <testcase name="trig-syntax-bad-struct-06" classname="org.apache.jena.riot.langsuite.UnitTestBadSyntax" time="0.009"/>
  <testcase name="trig-syntax-bad-struct-07" classname="org.apache.jena.riot.langsuite.UnitTestBadSyntax" time="0.005"/>
  <testcase name="trig-syntax-bad-kw-01" classname="org.apache.jena.riot.langsuite.UnitTestBadSyntax" time="0.001"/>
  <testcase name="trig-syntax-bad-kw-02" classname="org.apache.jena.riot.langsuite.UnitTestBadSyntax" time="0.001"/>
  <testcase name="trig-syntax-bad-kw-03" classname="org.apache.jena.riot.langsuite.UnitTestBadSyntax" time="0.001"/>
  <testcase name="trig-syntax-bad-kw-04" classname="org.apache.jena.riot.langsuite.UnitTestBadSyntax" time="0.008"/>
  <testcase name="trig-syntax-bad-kw-05" classname="org.apache.jena.riot.langsuite.UnitTestBadSyntax" time="0.004"/>
  <testcase name="trig-syntax-bad-n3-extras-01" classname="org.apache.jena.riot.langsuite.UnitTestBadSyntax" time="0.001"/>
  <testcase name="trig-syntax-bad-n3-extras-02" classname="org.apache.jena.riot.langsuite.UnitTestBadSyntax" time="0.001"/>
  <testcase name="trig-syntax-bad-n3-extras-03" classname="org.apache.jena.riot.langsuite.UnitTestBadSyntax" time="0.001"/>
  <testcase name="trig-syntax-bad-n3-extras-04" classname="org.apache.jena.riot.langsuite.UnitTestBadSyntax" time="0"/>
  <testcase name="trig-syntax-bad-n3-extras-05" classname="org.apache.jena.riot.langsuite.UnitTestBadSyntax" time="0.001"/>
  <testcase name="trig-syntax-bad-n3-extras-06" classname="org.apache.jena.riot.langsuite.UnitTestBadSyntax" time="0.012"/>
  <testcase name="trig-syntax-bad-n3-extras-07" classname="org.apache.jena.riot.langsuite.UnitTestBadSyntax" time="0.016"/>
  <testcase name="trig-syntax-bad-n3-extras-08" classname="org.apache.jena.riot.langsuite.UnitTestBadSyntax" time="0.012"/>
  <testcase name="trig-syntax-bad-n3-extras-09" classname="org.apache.jena.riot.langsuite.UnitTestBadSyntax" time="0.025"/>
  <testcase name="trig-syntax-bad-n3-extras-10" classname="org.apache.jena.riot.langsuite.UnitTestBadSyntax" time="0.012"/>
  <testcase name="trig-syntax-bad-n3-extras-11" classname="org.apache.jena.riot.langsuite.UnitTestBadSyntax" time="0.009"/>
  <testcase name="trig-syntax-bad-n3-extras-12" classname="org.apache.jena.riot.langsuite.UnitTestBadSyntax" time="0.006"/>
  <testcase name="trig-syntax-bad-n3-extras-13" classname="org.apache.jena.riot.langsuite.UnitTestBadSyntax" time="0.004"/>
  <testcase name="trig-syntax-bad-struct-09" classname="org.apache.jena.riot.langsuite.UnitTestBadSyntax" time="0.001"/>
  <testcase name="trig-syntax-bad-struct-10" classname="org.apache.jena.riot.langsuite.UnitTestBadSyntax" time="0.016"/>
  <testcase name="trig-syntax-bad-struct-12" classname="org.apache.jena.riot.langsuite.UnitTestBadSyntax" time="0.014"/>
  <testcase name="trig-syntax-bad-struct-13" classname="org.apache.jena.riot.langsuite.UnitTestBadSyntax" time="0.012"/>
  <testcase name="trig-syntax-bad-struct-14" classname="org.apache.jena.riot.langsuite.UnitTestBadSyntax" time="0.014"/>
  <testcase name="trig-syntax-bad-struct-15" classname="org.apache.jena.riot.langsuite.UnitTestBadSyntax" time="0.012"/>
  <testcase name="trig-syntax-bad-struct-16" classname="org.apache.jena.riot.langsuite.UnitTestBadSyntax" time="0"/>
  <testcase name="trig-syntax-bad-struct-17" classname="org.apache.jena.riot.langsuite.UnitTestBadSyntax" time="0.015"/>
  <testcase name="trig-syntax-bad-lang-01" classname="org.apache.jena.riot.langsuite.UnitTestBadSyntax" time="0.009"/>
  <testcase name="trig-syntax-bad-esc-01" classname="org.apache.jena.riot.langsuite.UnitTestBadSyntax" time="0.006"/>
  <testcase name="trig-syntax-bad-esc-02" classname="org.apache.jena.riot.langsuite.UnitTestBadSyntax" time="0.001"/>
  <testcase name="trig-syntax-bad-esc-03" classname="org.apache.jena.riot.langsuite.UnitTestBadSyntax" time="0.009"/>
  <testcase name="trig-syntax-bad-esc-04" classname="org.apache.jena.riot.langsuite.UnitTestBadSyntax" time="0.001"/>
  <testcase name="trig-syntax-bad-pname-01" classname="org.apache.jena.riot.langsuite.UnitTestBadSyntax" time="0.006"/>
  <testcase name="trig-syntax-bad-pname-02" classname="org.apache.jena.riot.langsuite.UnitTestBadSyntax" time="0"/>
  <testcase name="trig-syntax-bad-pname-03" classname="org.apache.jena.riot.langsuite.UnitTestBadSyntax" time="0.014"/>
  <testcase name="trig-syntax-bad-string-01" classname="org.apache.jena.riot.langsuite.UnitTestBadSyntax" time="0.001"/>
  <testcase name="trig-syntax-bad-string-02" classname="org.apache.jena.riot.langsuite.UnitTestBadSyntax" time="0.014"/>
  <testcase name="trig-syntax-bad-string-03" classname="org.apache.jena.riot.langsuite.UnitTestBadSyntax" time="0.011"/>
  <testcase name="trig-syntax-bad-string-04" classname="org.apache.jena.riot.langsuite.UnitTestBadSyntax" time="0.01"/>
  <testcase name="trig-syntax-bad-string-05" classname="org.apache.jena.riot.langsuite.UnitTestBadSyntax" time="0.006"/>
  <testcase name="trig-syntax-bad-string-06" classname="org.apache.jena.riot.langsuite.UnitTestBadSyntax" time="0.016"/>
  <testcase name="trig-syntax-bad-string-07" classname="org.apache.jena.riot.langsuite.UnitTestBadSyntax" time="0.006"/>
  <testcase name="trig-syntax-bad-num-01" classname="org.apache.jena.riot.langsuite.UnitTestBadSyntax" time="0.001"/>
  <testcase name="trig-syntax-bad-num-02" classname="org.apache.jena.riot.langsuite.UnitTestBadSyntax" time="0.001"/>
  <testcase name="trig-syntax-bad-num-03" classname="org.apache.jena.riot.langsuite.UnitTestBadSyntax" time="0"/>
  <testcase name="trig-syntax-bad-num-04" classname="org.apache.jena.riot.langsuite.UnitTestBadSyntax" time="0.001"/>
  <testcase name="trig-eval-struct-01" classname="org.apache.jena.riot.langsuite.UnitTestEval" time="0.014"/>
  <testcase name="trig-eval-struct-02" classname="org.apache.jena.riot.langsuite.UnitTestEval" time="0.012"/>
  <testcase name="trig-subm-01" classname="org.apache.jena.riot.langsuite.UnitTestEval" time="0.014"/>
  <testcase name="trig-subm-02" classname="org.apache.jena.riot.langsuite.UnitTestEval" time="0.01"/>
  <testcase name="trig-subm-03" classname="org.apache.jena.riot.langsuite.UnitTestEval" time="0.025"/>
  <testcase name="trig-subm-04" classname="org.apache.jena.riot.langsuite.UnitTestEval" time="0.017"/>
  <testcase name="trig-subm-05" classname="org.apache.jena.riot.langsuite.UnitTestEval" time="0.01"/>
  <testcase name="trig-subm-06" classname="org.apache.jena.riot.langsuite.UnitTestEval" time="0.009"/>
  <testcase name="trig-subm-07" classname="org.apache.jena.riot.langsuite.UnitTestEval" time="0.002"/>
  <testcase name="trig-subm-08" classname="org.apache.jena.riot.langsuite.UnitTestEval" time="0.001"/>
  <testcase name="trig-subm-09" classname="org.apache.jena.riot.langsuite.UnitTestEval" time="0.015"/>
  <testcase name="trig-subm-10" classname="org.apache.jena.riot.langsuite.UnitTestEval" time="0.001"/>
  <testcase name="trig-subm-11" classname="org.apache.jena.riot.langsuite.UnitTestEval" time="0.002"/>
  <testcase name="trig-subm-12" classname="org.apache.jena.riot.langsuite.UnitTestEval" time="0.001"/>
  <testcase name="trig-subm-13" classname="org.apache.jena.riot.langsuite.UnitTestEval" time="0.002"/>
  <testcase name="trig-subm-14" classname="org.apache.jena.riot.langsuite.UnitTestEval" time="0.004"/>
  <testcase name="trig-subm-15" classname="org.apache.jena.riot.langsuite.UnitTestEval" time="0.025"/>
  <testcase name="trig-subm-16" classname="org.apache.jena.riot.langsuite.UnitTestEval" time="0.02"/>
  <testcase name="trig-subm-17" classname="org.apache.jena.riot.langsuite.UnitTestEval" time="0.002"/>
  <testcase name="trig-subm-18" classname="org.apache.jena.riot.langsuite.UnitTestEval" time="0.015"/>
  <testcase name="trig-subm-19" classname="org.apache.jena.riot.langsuite.UnitTestEval" time="0.002"/>
  <testcase name="trig-subm-20" classname="org.apache.jena.riot.langsuite.UnitTestEval" time="0.002"/>
  <testcase name="trig-subm-21" classname="org.apache.jena.riot.langsuite.UnitTestEval" time="0.024"/>
  <testcase name="trig-subm-22" classname="org.apache.jena.riot.langsuite.UnitTestEval" time="0.01"/>
  <testcase name="trig-subm-23" classname="org.apache.jena.riot.langsuite.UnitTestEval" time="0.015"/>
  <testcase name="trig-subm-24" classname="org.apache.jena.riot.langsuite.UnitTestEval" time="0.015"/>
  <testcase name="trig-subm-25" classname="org.apache.jena.riot.langsuite.UnitTestEval" time="0.012"/>
  <testcase name="trig-subm-26" classname="org.apache.jena.riot.langsuite.UnitTestEval" time="0.012"/>
  <testcase name="trig-subm-27" classname="org.apache.jena.riot.langsuite.UnitTestEval" time="0.011"/>
  <testcase name="trig-eval-bad-01" classname="org.apache.jena.riot.langsuite.UnitTestBadEval" time="0.011"/>
  <testcase name="trig-eval-bad-02" classname="org.apache.jena.riot.langsuite.UnitTestBadEval" time="0.014"/>
  <testcase name="trig-eval-bad-03" classname="org.apache.jena.riot.langsuite.UnitTestBadEval" time="0"/>
  <testcase name="trig-eval-bad-04" classname="org.apache.jena.riot.langsuite.UnitTestBadEval" time="0.001"/>
  <testcase name="trig-syntax-bad-blank-label-dot-end" classname="org.apache.jena.riot.langsuite.UnitTestBadSyntax" time="0.035"/>
  <testcase name="trig-syntax-bad-ln-dash-start" classname="org.apache.jena.riot.langsuite.UnitTestBadSyntax" time="0.001"/>
  <testcase name="trig-syntax-bad-ln-escape-start" classname="org.apache.jena.riot.langsuite.UnitTestBadSyntax" time="0.003"/>
  <testcase name="trig-syntax-bad-ln-escape" classname="org.apache.jena.riot.langsuite.UnitTestBadSyntax" time="0.001"/>
  <testcase name="trig-syntax-bad-missing-ns-dot-end" classname="org.apache.jena.riot.langsuite.UnitTestBadSyntax" time="0.008"/>
  <testcase name="trig-syntax-bad-missing-ns-dot-start" classname="org.apache.jena.riot.langsuite.UnitTestBadSyntax" time="0.012"/>
  <testcase name="trig-syntax-bad-ns-dot-end" classname="org.apache.jena.riot.langsuite.UnitTestBadSyntax" time="0.001"/>
  <testcase name="trig-syntax-bad-ns-dot-start" classname="org.apache.jena.riot.langsuite.UnitTestBadSyntax" time="0.001"/>
  <testcase name="trig-syntax-bad-number-dot-in-anon" classname="org.apache.jena.riot.langsuite.UnitTestBadSyntax" time="0.001"/>
  <testcase name="trig-syntax-bad-list-01" classname="org.apache.jena.riot.langsuite.UnitTestBadSyntax" time="0.001"/>
  <testcase name="trig-syntax-bad-list-02" classname="org.apache.jena.riot.langsuite.UnitTestBadSyntax" time="0.011"/>
  <testcase name="trig-syntax-bad-list-03" classname="org.apache.jena.riot.langsuite.UnitTestBadSyntax" time="0.001"/>
  <testcase name="trig-syntax-bad-list-04" classname="org.apache.jena.riot.langsuite.UnitTestBadSyntax" time="0"/>
  <testcase name="trig-syntax-blank-label" classname="org.apache.jena.riot.langsuite.UnitTestSyntax" time="0.014"/>
  <testcase name="trig-syntax-ln-colons" classname="org.apache.jena.riot.langsuite.UnitTestSyntax" time="0.001"/>
  <testcase name="trig-syntax-ln-dots" classname="org.apache.jena.riot.langsuite.UnitTestSyntax" time="0.001"/>
  <testcase name="trig-syntax-ns-dots" classname="org.apache.jena.riot.langsuite.UnitTestSyntax" time="0.015"/>
  <testcase name="trig-kw-graph-01" classname="org.apache.jena.riot.langsuite.UnitTestSyntax" time="0.001"/>
  <testcase name="trig-kw-graph-02" classname="org.apache.jena.riot.langsuite.UnitTestSyntax" time="0"/>
  <testcase name="trig-kw-graph-03" classname="org.apache.jena.riot.langsuite.UnitTestSyntax" time="0.017"/>
  <testcase name="trig-kw-graph-04" classname="org.apache.jena.riot.langsuite.UnitTestSyntax" time="0.014"/>
  <testcase name="trig-kw-graph-05" classname="org.apache.jena.riot.langsuite.UnitTestSyntax" time="0.017"/>
  <testcase name="trig-kw-graph-06" classname="org.apache.jena.riot.langsuite.UnitTestSyntax" time="0"/>
  <testcase name="trig-kw-graph-07" classname="org.apache.jena.riot.langsuite.UnitTestSyntax" time="0.008"/>
  <testcase name="trig-kw-graph-08" classname="org.apache.jena.riot.langsuite.UnitTestSyntax" time="0.006"/>
  <testcase name="trig-kw-graph-09" classname="org.apache.jena.riot.langsuite.UnitTestSyntax" time="0.01"/>
  <testcase name="trig-kw-graph-10" classname="org.apache.jena.riot.langsuite.UnitTestSyntax" time="0.014"/>
  <testcase name="trig-graph-bad-01" classname="org.apache.jena.riot.langsuite.UnitTestBadSyntax" time="0.011"/>
  <testcase name="trig-graph-bad-02" classname="org.apache.jena.riot.langsuite.UnitTestBadSyntax" time="0.001"/>
  <testcase name="trig-graph-bad-03" classname="org.apache.jena.riot.langsuite.UnitTestBadSyntax" time="0"/>
  <testcase name="trig-graph-bad-04" classname="org.apache.jena.riot.langsuite.UnitTestBadSyntax" time="0.001"/>
  <testcase name="trig-graph-bad-05" classname="org.apache.jena.riot.langsuite.UnitTestBadSyntax" time="0.012"/>
  <testcase name="trig-graph-bad-06" classname="org.apache.jena.riot.langsuite.UnitTestBadSyntax" time="0.016"/>
  <testcase name="trig-graph-bad-07" classname="org.apache.jena.riot.langsuite.UnitTestBadSyntax" time="0.013"/>
  <testcase name="trig-graph-bad-08" classname="org.apache.jena.riot.langsuite.UnitTestBadSyntax" time="0.007"/>
  <testcase name="trig-graph-bad-09" classname="org.apache.jena.riot.langsuite.UnitTestBadSyntax" time="0.001"/>
  <testcase name="trig-graph-bad-10" classname="org.apache.jena.riot.langsuite.UnitTestBadSyntax" time="0.007"/>
  <testcase name="trig-graph-bad-11" classname="org.apache.jena.riot.langsuite.UnitTestBadSyntax" time="0.007"/>
  <testcase name="trig-bnodeplist-graph-bad-01" classname="org.apache.jena.riot.langsuite.UnitTestBadSyntax" time="0.001"/>
  <testcase name="trig-collection-graph-bad-01" classname="org.apache.jena.riot.langsuite.UnitTestBadSyntax" time="0.001"/>
  <testcase name="trig-collection-graph-bad-02" classname="org.apache.jena.riot.langsuite.UnitTestBadSyntax" time="0.001"/>
  <testcase name="trig-turtle-01" classname="org.apache.jena.riot.langsuite.UnitTestSyntax" time="0.001"/>
  <testcase name="trig-turtle-02" classname="org.apache.jena.riot.langsuite.UnitTestSyntax" time="0.027"/>
  <testcase name="trig-turtle-03" classname="org.apache.jena.riot.langsuite.UnitTestSyntax" time="0.009"/>
  <testcase name="trig-turtle-04" classname="org.apache.jena.riot.langsuite.UnitTestSyntax" time="0"/>
  <testcase name="trig-turtle-05" classname="org.apache.jena.riot.langsuite.UnitTestSyntax" time="0.03"/>
  <testcase name="trig-turtle-06" classname="org.apache.jena.riot.langsuite.UnitTestSyntax" time="0.007"/>
  <testcase name="trig-turtle-bad-01" classname="org.apache.jena.riot.langsuite.UnitTestBadSyntax" time="0.012"/>
  <testcase name="trig-turtle-bad-02" classname="org.apache.jena.riot.langsuite.UnitTestBadSyntax" time="0.013"/>
</testsuite>