<?xml version="1.0" encoding="UTF-8"?>
<testsuite xmlns:xsi="http://www.w3.org/2001/XMLSchema-instance" xsi:schemaLocation="https://maven.apache.org/surefire/maven-surefire-plugin/xsd/surefire-test-report.xsd" name="org.apache.jena.sparql.expr.TS_Expr" time="1.232" tests="1341" errors="0" skipped="0" failures="0">
  <properties>
    <property name="java.runtime.name" value="Java(TM) SE Runtime Environment"/>
    <property name="sun.boot.library.path" value="/Library/Java/JavaVirtualMachines/jdk1.8.0_102.jdk/Contents/Home/jre/lib"/>
    <property name="java.vm.version" value="25.102-b14"/>
    <property name="user.country.format" value="FR"/>
    <property name="gopherProxySet" value="false"/>
    <property name="java.vm.vendor" value="Oracle Corporation"/>
    <property name="java.vendor.url" value="http://java.oracle.com/"/>
    <property name="path.separator" value=":"/>
    <property name="guice.disable.misplaced.annotation.check" value="true"/>
    <property name="java.vm.name" value="Java HotSpot(TM) 64-Bit Server VM"/>
    <property name="file.encoding.pkg" value="sun.io"/>
    <property name="user.country" value="US"/>
    <property name="sun.java.launcher" value="SUN_STANDARD"/>
    <property name="sun.os.patch.level" value="unknown"/>
    <property name="java.vm.specification.name" value="Java Virtual Machine Specification"/>
    <property name="user.dir" value="/Users/Sejal/Desktop/Internship/jena-3.3.0/jena-arq"/>
    <property name="java.runtime.version" value="1.8.0_102-b14"/>
    <property name="java.awt.graphicsenv" value="sun.awt.CGraphicsEnvironment"/>
    <property name="java.endorsed.dirs" value="/Library/Java/JavaVirtualMachines/jdk1.8.0_102.jdk/Contents/Home/jre/lib/endorsed"/>
    <property name="os.arch" value="x86_64"/>
    <property name="java.io.tmpdir" value="/var/folders/wy/dyqvnk8n7tsdv7bhf0vwwdl00000gn/T/"/>
    <property name="line.separator" value="&#10;"/>
    <property name="java.vm.specification.vendor" value="Oracle Corporation"/>
    <property name="os.name" value="Mac OS X"/>
    <property name="maven.ext.class.path" value="/Applications/NetBeans/NetBeans 8.2.app/Contents/Resources/NetBeans/java/maven-nblib/netbeans-eventspy.jar"/>
    <property name="classworlds.conf" value="/Applications/NetBeans/NetBeans 8.2.app/Contents/Resources/NetBeans/java/maven/bin/m2.conf"/>
    <property name="sun.jnu.encoding" value="UTF-8"/>
    <property name="java.library.path" value="/Users/Sejal/Library/Java/Extensions:/Library/Java/Extensions:/Network/Library/Java/Extensions:/System/Library/Java/Extensions:/usr/lib/java:."/>
    <property name="java.specification.name" value="Java Platform API Specification"/>
    <property name="java.class.version" value="52.0"/>
    <property name="sun.management.compiler" value="HotSpot 64-Bit Tiered Compilers"/>
    <property name="os.version" value="10.12.3"/>
    <property name="http.nonProxyHosts" value="local|*.local|169.254/16|*.169.254/16"/>
    <property name="user.home" value="/Users/Sejal"/>
    <property name="user.timezone" value="Europe/Paris"/>
    <property name="java.awt.printerjob" value="sun.lwawt.macosx.CPrinterJob"/>
    <property name="java.specification.version" value="1.8"/>
    <property name="file.encoding" value="UTF-8"/>
    <property name="user.name" value="Sejal"/>
    <property name="java.class.path" value="/Applications/NetBeans/NetBeans 8.2.app/Contents/Resources/NetBeans/java/maven/boot/plexus-classworlds-2.4.jar"/>
    <property name="java.vm.specification.version" value="1.8"/>
    <property name="sun.arch.data.model" value="64"/>
    <property name="java.home" value="/Library/Java/JavaVirtualMachines/jdk1.8.0_102.jdk/Contents/Home/jre"/>
    <property name="sun.java.command" value="org.codehaus.plexus.classworlds.launcher.Launcher -Dmaven.ext.class.path=/Applications/NetBeans/NetBeans 8.2.app/Contents/Resources/NetBeans/java/maven-nblib/netbeans-eventspy.jar clean install"/>
    <property name="java.specification.vendor" value="Oracle Corporation"/>
    <property name="user.language" value="en"/>
    <property name="awt.toolkit" value="sun.lwawt.macosx.LWCToolkit"/>
    <property name="java.vm.info" value="mixed mode"/>
    <property name="java.version" value="1.8.0_102"/>
    <property name="java.ext.dirs" value="/Users/Sejal/Library/Java/Extensions:/Library/Java/JavaVirtualMachines/jdk1.8.0_102.jdk/Contents/Home/jre/lib/ext:/Library/Java/Extensions:/Network/Library/Java/Extensions:/System/Library/Java/Extensions:/usr/lib/java"/>
    <property name="sun.boot.class.path" value="/Library/Java/JavaVirtualMachines/jdk1.8.0_102.jdk/Contents/Home/jre/lib/resources.jar:/Library/Java/JavaVirtualMachines/jdk1.8.0_102.jdk/Contents/Home/jre/lib/rt.jar:/Library/Java/JavaVirtualMachines/jdk1.8.0_102.jdk/Contents/Home/jre/lib/sunrsasign.jar:/Library/Java/JavaVirtualMachines/jdk1.8.0_102.jdk/Contents/Home/jre/lib/jsse.jar:/Library/Java/JavaVirtualMachines/jdk1.8.0_102.jdk/Contents/Home/jre/lib/jce.jar:/Library/Java/JavaVirtualMachines/jdk1.8.0_102.jdk/Contents/Home/jre/lib/charsets.jar:/Library/Java/JavaVirtualMachines/jdk1.8.0_102.jdk/Contents/Home/jre/lib/jfr.jar:/Library/Java/JavaVirtualMachines/jdk1.8.0_102.jdk/Contents/Home/jre/classes"/>
    <property name="java.vendor" value="Oracle Corporation"/>
    <property name="maven.home" value="/Applications/NetBeans/NetBeans 8.2.app/Contents/Resources/NetBeans/java/maven"/>
    <property name="file.separator" value="/"/>
    <property name="java.vendor.url.bug" value="http://bugreport.sun.com/bugreport/"/>
    <property name="sun.cpu.endian" value="little"/>
    <property name="sun.io.unicode.encoding" value="UnicodeBig"/>
    <property name="socksNonProxyHosts" value="local|*.local|169.254/16|*.169.254/16"/>
    <property name="ftp.nonProxyHosts" value="local|*.local|169.254/16|*.169.254/16"/>
    <property name="sun.cpu.isalist" value=""/>
  </properties>
  <testcase name="testEquals1" classname="org.apache.jena.sparql.expr.TestNodeValue" time="0"/>
  <testcase name="testEquals2" classname="org.apache.jena.sparql.expr.TestNodeValue" time="0"/>
  <testcase name="testEquals3" classname="org.apache.jena.sparql.expr.TestNodeValue" time="0"/>
  <testcase name="testEquals4" classname="org.apache.jena.sparql.expr.TestNodeValue" time="0"/>
  <testcase name="testNodeString1" classname="org.apache.jena.sparql.expr.TestNodeValue" time="0"/>
  <testcase name="testNodeString2" classname="org.apache.jena.sparql.expr.TestNodeValue" time="0"/>
  <testcase name="testNodeString3" classname="org.apache.jena.sparql.expr.TestNodeValue" time="0"/>
  <testcase name="testDate1" classname="org.apache.jena.sparql.expr.TestNodeValue" time="0.001"/>
  <testcase name="testDate2" classname="org.apache.jena.sparql.expr.TestNodeValue" time="0"/>
  <testcase name="testDate3" classname="org.apache.jena.sparql.expr.TestNodeValue" time="0.001"/>
  <testcase name="testDate4" classname="org.apache.jena.sparql.expr.TestNodeValue" time="0.019"/>
  <testcase name="testDate5" classname="org.apache.jena.sparql.expr.TestNodeValue" time="0"/>
  <testcase name="testLang1" classname="org.apache.jena.sparql.expr.TestNodeValue" time="0.001"/>
  <testcase name="testLang2" classname="org.apache.jena.sparql.expr.TestNodeValue" time="0"/>
  <testcase name="testLang3" classname="org.apache.jena.sparql.expr.TestNodeValue" time="0"/>
  <testcase name="testLang4" classname="org.apache.jena.sparql.expr.TestNodeValue" time="0"/>
  <testcase name="testEBV1" classname="org.apache.jena.sparql.expr.TestNodeValue" time="0"/>
  <testcase name="testEBV2" classname="org.apache.jena.sparql.expr.TestNodeValue" time="0"/>
  <testcase name="testEBV3" classname="org.apache.jena.sparql.expr.TestNodeValue" time="0"/>
  <testcase name="testEBV4" classname="org.apache.jena.sparql.expr.TestNodeValue" time="0"/>
  <testcase name="testEBV5" classname="org.apache.jena.sparql.expr.TestNodeValue" time="0"/>
  <testcase name="testEBV6" classname="org.apache.jena.sparql.expr.TestNodeValue" time="0"/>
  <testcase name="testEBV7" classname="org.apache.jena.sparql.expr.TestNodeValue" time="0"/>
  <testcase name="testEBV8" classname="org.apache.jena.sparql.expr.TestNodeValue" time="0"/>
  <testcase name="testInt1" classname="org.apache.jena.sparql.expr.TestNodeValue" time="0"/>
  <testcase name="testInt2" classname="org.apache.jena.sparql.expr.TestNodeValue" time="0"/>
  <testcase name="testInt3" classname="org.apache.jena.sparql.expr.TestNodeValue" time="0"/>
  <testcase name="gregorian_01" classname="org.apache.jena.sparql.expr.TestNodeValue" time="0"/>
  <testcase name="gregorian_02" classname="org.apache.jena.sparql.expr.TestNodeValue" time="0"/>
  <testcase name="gregorian_03" classname="org.apache.jena.sparql.expr.TestNodeValue" time="0.001"/>
  <testcase name="gregorian_04" classname="org.apache.jena.sparql.expr.TestNodeValue" time="0"/>
  <testcase name="gregorian_05" classname="org.apache.jena.sparql.expr.TestNodeValue" time="0"/>
  <testcase name="testBadLexcial1" classname="org.apache.jena.sparql.expr.TestNodeValue" time="0"/>
  <testcase name="testBadLexcial2" classname="org.apache.jena.sparql.expr.TestNodeValue" time="0"/>
  <testcase name="testBadLexcial3" classname="org.apache.jena.sparql.expr.TestNodeValue" time="0"/>
  <testcase name="testBadLexcial4" classname="org.apache.jena.sparql.expr.TestNodeValue" time="0.001"/>
  <testcase name="testNodeFloat1" classname="org.apache.jena.sparql.expr.TestNodeValue" time="0"/>
  <testcase name="testDateTime1" classname="org.apache.jena.sparql.expr.TestNodeValue" time="0"/>
  <testcase name="testDateTime2" classname="org.apache.jena.sparql.expr.TestNodeValue" time="0"/>
  <testcase name="testDateTime3" classname="org.apache.jena.sparql.expr.TestNodeValue" time="0.001"/>
  <testcase name="testDateTime4" classname="org.apache.jena.sparql.expr.TestNodeValue" time="0"/>
  <testcase name="testDateTime5" classname="org.apache.jena.sparql.expr.TestNodeValue" time="0"/>
  <testcase name="testDateTime6" classname="org.apache.jena.sparql.expr.TestNodeValue" time="0.001"/>
  <testcase name="testDateTime7" classname="org.apache.jena.sparql.expr.TestNodeValue" time="0.001"/>
  <testcase name="testDateTime8" classname="org.apache.jena.sparql.expr.TestNodeValue" time="0.001"/>
  <testcase name="testFloatDouble1" classname="org.apache.jena.sparql.expr.TestNodeValue" time="0"/>
  <testcase name="testFloatDouble5" classname="org.apache.jena.sparql.expr.TestNodeValue" time="0.001"/>
  <testcase name="testNotEquals1" classname="org.apache.jena.sparql.expr.TestNodeValue" time="0"/>
  <testcase name="testNotEquals2" classname="org.apache.jena.sparql.expr.TestNodeValue" time="0"/>
  <testcase name="testNotEquals3" classname="org.apache.jena.sparql.expr.TestNodeValue" time="0"/>
  <testcase name="langString_01" classname="org.apache.jena.sparql.expr.TestNodeValue" time="0"/>
  <testcase name="langString_02" classname="org.apache.jena.sparql.expr.TestNodeValue" time="0"/>
  <testcase name="testNodeBool1" classname="org.apache.jena.sparql.expr.TestNodeValue" time="0"/>
  <testcase name="testNodeBool2" classname="org.apache.jena.sparql.expr.TestNodeValue" time="0"/>
  <testcase name="testNodeBool3" classname="org.apache.jena.sparql.expr.TestNodeValue" time="0"/>
  <testcase name="testNodeBool4" classname="org.apache.jena.sparql.expr.TestNodeValue" time="0"/>
  <testcase name="testDecimal1" classname="org.apache.jena.sparql.expr.TestNodeValue" time="0.016"/>
  <testcase name="testDecimal2" classname="org.apache.jena.sparql.expr.TestNodeValue" time="0"/>
  <testcase name="testDecimal3" classname="org.apache.jena.sparql.expr.TestNodeValue" time="0"/>
  <testcase name="testFloat1" classname="org.apache.jena.sparql.expr.TestNodeValue" time="0.001"/>
  <testcase name="testFloat2" classname="org.apache.jena.sparql.expr.TestNodeValue" time="0"/>
  <testcase name="testFloat3" classname="org.apache.jena.sparql.expr.TestNodeValue" time="0"/>
  <testcase name="testDouble1" classname="org.apache.jena.sparql.expr.TestNodeValue" time="0"/>
  <testcase name="testDouble2" classname="org.apache.jena.sparql.expr.TestNodeValue" time="0"/>
  <testcase name="testDouble3" classname="org.apache.jena.sparql.expr.TestNodeValue" time="0"/>
  <testcase name="testNodeInt1" classname="org.apache.jena.sparql.expr.TestNodeValue" time="0"/>
  <testcase name="testNodeInt2" classname="org.apache.jena.sparql.expr.TestNodeValue" time="0"/>
  <testcase name="testNodeInt3" classname="org.apache.jena.sparql.expr.TestNodeValue" time="0.001"/>
  <testcase name="testNodeInt4" classname="org.apache.jena.sparql.expr.TestNodeValue" time="0"/>
  <testcase name="testNodeInt5" classname="org.apache.jena.sparql.expr.TestNodeValue" time="0"/>
  <testcase name="testNodeInt6" classname="org.apache.jena.sparql.expr.TestNodeValue" time="0"/>
  <testcase name="testNodeInt7" classname="org.apache.jena.sparql.expr.TestNodeValue" time="0"/>
  <testcase name="testNodeInt8" classname="org.apache.jena.sparql.expr.TestNodeValue" time="0"/>
  <testcase name="testSameValue1" classname="org.apache.jena.sparql.expr.TestNodeValue" time="0"/>
  <testcase name="testSameValue2" classname="org.apache.jena.sparql.expr.TestNodeValue" time="0"/>
  <testcase name="testSameValue3" classname="org.apache.jena.sparql.expr.TestNodeValue" time="0.001"/>
  <testcase name="testSameValue4" classname="org.apache.jena.sparql.expr.TestNodeValue" time="0"/>
  <testcase name="testSameValue5" classname="org.apache.jena.sparql.expr.TestNodeValue" time="0"/>
  <testcase name="testSameValue6" classname="org.apache.jena.sparql.expr.TestNodeValue" time="0"/>
  <testcase name="testSameValue7" classname="org.apache.jena.sparql.expr.TestNodeValue" time="0"/>
  <testcase name="testNodeDouble1" classname="org.apache.jena.sparql.expr.TestNodeValue" time="0"/>
  <testcase name="testNodeDouble2" classname="org.apache.jena.sparql.expr.TestNodeValue" time="0.001"/>
  <testcase name="testNodeDouble3" classname="org.apache.jena.sparql.expr.TestNodeValue" time="0"/>
  <testcase name="testNodeDouble4" classname="org.apache.jena.sparql.expr.TestNodeValue" time="0"/>
  <testcase name="testString1" classname="org.apache.jena.sparql.expr.TestNodeValue" time="0"/>
  <testcase name="testNumeric_1" classname="org.apache.jena.sparql.expr.TestExpressions" time="0.001"/>
  <testcase name="testNumeric_2" classname="org.apache.jena.sparql.expr.TestExpressions" time="0"/>
  <testcase name="testNumeric_3" classname="org.apache.jena.sparql.expr.TestExpressions" time="0.001"/>
  <testcase name="testNumeric_4" classname="org.apache.jena.sparql.expr.TestExpressions" time="0"/>
  <testcase name="testNumeric_5" classname="org.apache.jena.sparql.expr.TestExpressions" time="0.001"/>
  <testcase name="testNumeric_6" classname="org.apache.jena.sparql.expr.TestExpressions" time="0.012"/>
  <testcase name="testNumeric_7" classname="org.apache.jena.sparql.expr.TestExpressions" time="0"/>
  <testcase name="testNumeric_8" classname="org.apache.jena.sparql.expr.TestExpressions" time="0"/>
  <testcase name="testNumeric_9" classname="org.apache.jena.sparql.expr.TestExpressions" time="0"/>
  <testcase name="testString_1" classname="org.apache.jena.sparql.expr.TestExpressions" time="0.001"/>
  <testcase name="testString_2" classname="org.apache.jena.sparql.expr.TestExpressions" time="0"/>
  <testcase name="testString_3" classname="org.apache.jena.sparql.expr.TestExpressions" time="0"/>
  <testcase name="testString_4" classname="org.apache.jena.sparql.expr.TestExpressions" time="0"/>
  <testcase name="testString_5" classname="org.apache.jena.sparql.expr.TestExpressions" time="0"/>
  <testcase name="testString_6" classname="org.apache.jena.sparql.expr.TestExpressions" time="0"/>
  <testcase name="testString_7" classname="org.apache.jena.sparql.expr.TestExpressions" time="0"/>
  <testcase name="testString_8" classname="org.apache.jena.sparql.expr.TestExpressions" time="0"/>
  <testcase name="testString_9" classname="org.apache.jena.sparql.expr.TestExpressions" time="0"/>
  <testcase name="testSyntax_1" classname="org.apache.jena.sparql.expr.TestExpressions" time="0"/>
  <testcase name="testSyntax_2" classname="org.apache.jena.sparql.expr.TestExpressions" time="0.001"/>
  <testcase name="testSyntax_3" classname="org.apache.jena.sparql.expr.TestExpressions" time="0"/>
  <testcase name="testSyntax_4" classname="org.apache.jena.sparql.expr.TestExpressions" time="0"/>
  <testcase name="testSyntax_5" classname="org.apache.jena.sparql.expr.TestExpressions" time="0.001"/>
  <testcase name="testSyntax_6" classname="org.apache.jena.sparql.expr.TestExpressions" time="0"/>
  <testcase name="testBoolean_1" classname="org.apache.jena.sparql.expr.TestExpressions" time="0"/>
  <testcase name="testBoolean_2" classname="org.apache.jena.sparql.expr.TestExpressions" time="0.001"/>
  <testcase name="testBoolean_3" classname="org.apache.jena.sparql.expr.TestExpressions" time="0"/>
  <testcase name="testBoolean_4" classname="org.apache.jena.sparql.expr.TestExpressions" time="0"/>
  <testcase name="testBoolean_5" classname="org.apache.jena.sparql.expr.TestExpressions" time="0.004"/>
  <testcase name="testBoolean_6" classname="org.apache.jena.sparql.expr.TestExpressions" time="0"/>
  <testcase name="testBoolean_7" classname="org.apache.jena.sparql.expr.TestExpressions" time="0.001"/>
  <testcase name="testBoolean_8" classname="org.apache.jena.sparql.expr.TestExpressions" time="0"/>
  <testcase name="testBoolean_9" classname="org.apache.jena.sparql.expr.TestExpressions" time="0"/>
  <testcase name="testBoolean_10" classname="org.apache.jena.sparql.expr.TestExpressions" time="0"/>
  <testcase name="testBoolean_11" classname="org.apache.jena.sparql.expr.TestExpressions" time="0.001"/>
  <testcase name="testBoolean_12" classname="org.apache.jena.sparql.expr.TestExpressions" time="0"/>
  <testcase name="testBoolean_13" classname="org.apache.jena.sparql.expr.TestExpressions" time="0"/>
  <testcase name="testBoolean_14" classname="org.apache.jena.sparql.expr.TestExpressions" time="0"/>
  <testcase name="testBoolean_15" classname="org.apache.jena.sparql.expr.TestExpressions" time="0.001"/>
  <testcase name="testBoolean_16" classname="org.apache.jena.sparql.expr.TestExpressions" time="0"/>
  <testcase name="testBoolean_17" classname="org.apache.jena.sparql.expr.TestExpressions" time="0"/>
  <testcase name="testBoolean_18" classname="org.apache.jena.sparql.expr.TestExpressions" time="0"/>
  <testcase name="testBoolean_19" classname="org.apache.jena.sparql.expr.TestExpressions" time="0.001"/>
  <testcase name="testBoolean_20" classname="org.apache.jena.sparql.expr.TestExpressions" time="0"/>
  <testcase name="testBoolean_21" classname="org.apache.jena.sparql.expr.TestExpressions" time="0"/>
  <testcase name="testBoolean_22" classname="org.apache.jena.sparql.expr.TestExpressions" time="0.001"/>
  <testcase name="testBoolean_23" classname="org.apache.jena.sparql.expr.TestExpressions" time="0"/>
  <testcase name="testBoolean_24" classname="org.apache.jena.sparql.expr.TestExpressions" time="0"/>
  <testcase name="testBoolean_25" classname="org.apache.jena.sparql.expr.TestExpressions" time="0"/>
  <testcase name="testBoolean_26" classname="org.apache.jena.sparql.expr.TestExpressions" time="0"/>
  <testcase name="testBoolean_27" classname="org.apache.jena.sparql.expr.TestExpressions" time="0"/>
  <testcase name="testBoolean_28" classname="org.apache.jena.sparql.expr.TestExpressions" time="0"/>
  <testcase name="testBoolean_29" classname="org.apache.jena.sparql.expr.TestExpressions" time="0.001"/>
  <testcase name="testBoolean_30" classname="org.apache.jena.sparql.expr.TestExpressions" time="0"/>
  <testcase name="testBoolean_31" classname="org.apache.jena.sparql.expr.TestExpressions" time="0"/>
  <testcase name="testBoolean_32" classname="org.apache.jena.sparql.expr.TestExpressions" time="0"/>
  <testcase name="testBoolean_33" classname="org.apache.jena.sparql.expr.TestExpressions" time="0"/>
  <testcase name="testBoolean_34" classname="org.apache.jena.sparql.expr.TestExpressions" time="0"/>
  <testcase name="testBoolean_35" classname="org.apache.jena.sparql.expr.TestExpressions" time="0"/>
  <testcase name="testBoolean_36" classname="org.apache.jena.sparql.expr.TestExpressions" time="0"/>
  <testcase name="testBoolean_37" classname="org.apache.jena.sparql.expr.TestExpressions" time="0"/>
  <testcase name="testBoolean_38" classname="org.apache.jena.sparql.expr.TestExpressions" time="0.001"/>
  <testcase name="testBoolean_39" classname="org.apache.jena.sparql.expr.TestExpressions" time="0"/>
  <testcase name="testBoolean_40" classname="org.apache.jena.sparql.expr.TestExpressions" time="0"/>
  <testcase name="testBoolean_41" classname="org.apache.jena.sparql.expr.TestExpressions" time="0"/>
  <testcase name="testBoolean_42" classname="org.apache.jena.sparql.expr.TestExpressions" time="0"/>
  <testcase name="testBoolean_43" classname="org.apache.jena.sparql.expr.TestExpressions" time="0"/>
  <testcase name="testBoolean_44" classname="org.apache.jena.sparql.expr.TestExpressions" time="0"/>
  <testcase name="testBoolean_45" classname="org.apache.jena.sparql.expr.TestExpressions" time="0"/>
  <testcase name="testBoolean_46" classname="org.apache.jena.sparql.expr.TestExpressions" time="0"/>
  <testcase name="testBoolean_47" classname="org.apache.jena.sparql.expr.TestExpressions" time="0"/>
  <testcase name="testBoolean_48" classname="org.apache.jena.sparql.expr.TestExpressions" time="0.001"/>
  <testcase name="testBoolean_49" classname="org.apache.jena.sparql.expr.TestExpressions" time="0"/>
  <testcase name="testBoolean_50" classname="org.apache.jena.sparql.expr.TestExpressions" time="0"/>
  <testcase name="testBoolean_51" classname="org.apache.jena.sparql.expr.TestExpressions" time="0"/>
  <testcase name="testBoolean_52" classname="org.apache.jena.sparql.expr.TestExpressions" time="0"/>
  <testcase name="testBoolean_53" classname="org.apache.jena.sparql.expr.TestExpressions" time="0.001"/>
  <testcase name="testBoolean_54" classname="org.apache.jena.sparql.expr.TestExpressions" time="0"/>
  <testcase name="testBoolean_55" classname="org.apache.jena.sparql.expr.TestExpressions" time="0.001"/>
  <testcase name="testBoolean_56" classname="org.apache.jena.sparql.expr.TestExpressions" time="0"/>
  <testcase name="testBoolean_57" classname="org.apache.jena.sparql.expr.TestExpressions" time="0"/>
  <testcase name="testBoolean_58" classname="org.apache.jena.sparql.expr.TestExpressions" time="0.001"/>
  <testcase name="testBoolean_59" classname="org.apache.jena.sparql.expr.TestExpressions" time="0"/>
  <testcase name="testBoolean_60" classname="org.apache.jena.sparql.expr.TestExpressions" time="0"/>
  <testcase name="testBoolean_61" classname="org.apache.jena.sparql.expr.TestExpressions" time="0.001"/>
  <testcase name="testBoolean_62" classname="org.apache.jena.sparql.expr.TestExpressions" time="0"/>
  <testcase name="testBoolean_63" classname="org.apache.jena.sparql.expr.TestExpressions" time="0"/>
  <testcase name="testBoolean_64" classname="org.apache.jena.sparql.expr.TestExpressions" time="0.001"/>
  <testcase name="testBoolean_65" classname="org.apache.jena.sparql.expr.TestExpressions" time="0"/>
  <testcase name="testBoolean_66" classname="org.apache.jena.sparql.expr.TestExpressions" time="0"/>
  <testcase name="testBoolean_67" classname="org.apache.jena.sparql.expr.TestExpressions" time="0"/>
  <testcase name="testBoolean_68" classname="org.apache.jena.sparql.expr.TestExpressions" time="0.013"/>
  <testcase name="testBoolean_69" classname="org.apache.jena.sparql.expr.TestExpressions" time="0"/>
  <testcase name="testBoolean_70" classname="org.apache.jena.sparql.expr.TestExpressions" time="0"/>
  <testcase name="testBoolean_71" classname="org.apache.jena.sparql.expr.TestExpressions" time="0.001"/>
  <testcase name="testBoolean_72" classname="org.apache.jena.sparql.expr.TestExpressions" time="0"/>
  <testcase name="testBoolean_76" classname="org.apache.jena.sparql.expr.TestExpressions" time="0"/>
  <testcase name="testBoolean_77" classname="org.apache.jena.sparql.expr.TestExpressions" time="0"/>
  <testcase name="testBoolean_78" classname="org.apache.jena.sparql.expr.TestExpressions" time="0.001"/>
  <testcase name="testBoolean_79" classname="org.apache.jena.sparql.expr.TestExpressions" time="0"/>
  <testcase name="testBoolean_80" classname="org.apache.jena.sparql.expr.TestExpressions" time="0"/>
  <testcase name="testBoolean_81" classname="org.apache.jena.sparql.expr.TestExpressions" time="0"/>
  <testcase name="testBoolean_82" classname="org.apache.jena.sparql.expr.TestExpressions" time="0"/>
  <testcase name="testBoolean_83" classname="org.apache.jena.sparql.expr.TestExpressions" time="0"/>
  <testcase name="testBoolean_84" classname="org.apache.jena.sparql.expr.TestExpressions" time="0.001"/>
  <testcase name="testBoolean_85" classname="org.apache.jena.sparql.expr.TestExpressions" time="0"/>
  <testcase name="testBoolean_86" classname="org.apache.jena.sparql.expr.TestExpressions" time="0"/>
  <testcase name="testBoolean_87" classname="org.apache.jena.sparql.expr.TestExpressions" time="0"/>
  <testcase name="testBoolean_88" classname="org.apache.jena.sparql.expr.TestExpressions" time="0"/>
  <testcase name="testBoolean_89" classname="org.apache.jena.sparql.expr.TestExpressions" time="0.001"/>
  <testcase name="testBoolean_90" classname="org.apache.jena.sparql.expr.TestExpressions" time="0"/>
  <testcase name="testBoolean_91" classname="org.apache.jena.sparql.expr.TestExpressions" time="0"/>
  <testcase name="testBoolean_92" classname="org.apache.jena.sparql.expr.TestExpressions" time="0"/>
  <testcase name="testBoolean_93" classname="org.apache.jena.sparql.expr.TestExpressions" time="0.001"/>
  <testcase name="testBoolean_94" classname="org.apache.jena.sparql.expr.TestExpressions" time="0"/>
  <testcase name="testBoolean_95" classname="org.apache.jena.sparql.expr.TestExpressions" time="0"/>
  <testcase name="testBoolean_96" classname="org.apache.jena.sparql.expr.TestExpressions" time="0.001"/>
  <testcase name="testBoolean_97" classname="org.apache.jena.sparql.expr.TestExpressions" time="0"/>
  <testcase name="testBoolean_98" classname="org.apache.jena.sparql.expr.TestExpressions" time="0"/>
  <testcase name="testBoolean_99" classname="org.apache.jena.sparql.expr.TestExpressions" time="0"/>
  <testcase name="testURI_1" classname="org.apache.jena.sparql.expr.TestExpressions" time="0"/>
  <testcase name="testURI_2" classname="org.apache.jena.sparql.expr.TestExpressions" time="0.001"/>
  <testcase name="testURI_3" classname="org.apache.jena.sparql.expr.TestExpressions" time="0"/>
  <testcase name="testURI_4" classname="org.apache.jena.sparql.expr.TestExpressions" time="0"/>
  <testcase name="testURI_5" classname="org.apache.jena.sparql.expr.TestExpressions" time="0"/>
  <testcase name="testURI_6" classname="org.apache.jena.sparql.expr.TestExpressions" time="0"/>
  <testcase name="testURI_7" classname="org.apache.jena.sparql.expr.TestExpressions" time="0"/>
  <testcase name="testURI_8" classname="org.apache.jena.sparql.expr.TestExpressions" time="0"/>
  <testcase name="testURI_9" classname="org.apache.jena.sparql.expr.TestExpressions" time="0"/>
  <testcase name="testVar_1" classname="org.apache.jena.sparql.expr.TestExpressions" time="0"/>
  <testcase name="testVar_2" classname="org.apache.jena.sparql.expr.TestExpressions" time="0"/>
  <testcase name="testVar_3" classname="org.apache.jena.sparql.expr.TestExpressions" time="0"/>
  <testcase name="testVar_4" classname="org.apache.jena.sparql.expr.TestExpressions" time="0"/>
  <testcase name="testVar_5" classname="org.apache.jena.sparql.expr.TestExpressions" time="0.001"/>
  <testcase name="testVar_6" classname="org.apache.jena.sparql.expr.TestExpressions" time="0"/>
  <testcase name="testVar_7" classname="org.apache.jena.sparql.expr.TestExpressions" time="0"/>
  <testcase name="testVar_8" classname="org.apache.jena.sparql.expr.TestExpressions" time="0"/>
  <testcase name="testVar_9" classname="org.apache.jena.sparql.expr.TestExpressions" time="0"/>
  <testcase name="testDuration_01" classname="org.apache.jena.sparql.expr.TestExpressions" time="0.003"/>
  <testcase name="testDuration_02" classname="org.apache.jena.sparql.expr.TestExpressions" time="0.002"/>
  <testcase name="testDuration_03" classname="org.apache.jena.sparql.expr.TestExpressions" time="0.001"/>
  <testcase name="testDuration_04" classname="org.apache.jena.sparql.expr.TestExpressions" time="0.001"/>
  <testcase name="testDuration_05" classname="org.apache.jena.sparql.expr.TestExpressions" time="0.001"/>
  <testcase name="testDuration_06" classname="org.apache.jena.sparql.expr.TestExpressions" time="0.001"/>
  <testcase name="testDuration_07" classname="org.apache.jena.sparql.expr.TestExpressions" time="0"/>
  <testcase name="testDuration_09" classname="org.apache.jena.sparql.expr.TestExpressions" time="0.002"/>
  <testcase name="testString_10" classname="org.apache.jena.sparql.expr.TestExpressions" time="0"/>
  <testcase name="testString_11" classname="org.apache.jena.sparql.expr.TestExpressions" time="0"/>
  <testcase name="testString_12" classname="org.apache.jena.sparql.expr.TestExpressions" time="0"/>
  <testcase name="testString_13" classname="org.apache.jena.sparql.expr.TestExpressions" time="0"/>
  <testcase name="testString_14" classname="org.apache.jena.sparql.expr.TestExpressions" time="0"/>
  <testcase name="testString_15" classname="org.apache.jena.sparql.expr.TestExpressions" time="0"/>
  <testcase name="testString_16" classname="org.apache.jena.sparql.expr.TestExpressions" time="0"/>
  <testcase name="testString_17" classname="org.apache.jena.sparql.expr.TestExpressions" time="0"/>
  <testcase name="testString_18" classname="org.apache.jena.sparql.expr.TestExpressions" time="0.001"/>
  <testcase name="testString_19" classname="org.apache.jena.sparql.expr.TestExpressions" time="0"/>
  <testcase name="testString_20" classname="org.apache.jena.sparql.expr.TestExpressions" time="0"/>
  <testcase name="testString_21" classname="org.apache.jena.sparql.expr.TestExpressions" time="0"/>
  <testcase name="testString_22" classname="org.apache.jena.sparql.expr.TestExpressions" time="0"/>
  <testcase name="testString_23" classname="org.apache.jena.sparql.expr.TestExpressions" time="0"/>
  <testcase name="testString_24" classname="org.apache.jena.sparql.expr.TestExpressions" time="0.006"/>
  <testcase name="testURI_10" classname="org.apache.jena.sparql.expr.TestExpressions" time="0.001"/>
  <testcase name="testURI_11" classname="org.apache.jena.sparql.expr.TestExpressions" time="0"/>
  <testcase name="testURI_12" classname="org.apache.jena.sparql.expr.TestExpressions" time="0"/>
  <testcase name="testURI_13" classname="org.apache.jena.sparql.expr.TestExpressions" time="0"/>
  <testcase name="testURI_14" classname="org.apache.jena.sparql.expr.TestExpressions" time="0"/>
  <testcase name="testURI_15" classname="org.apache.jena.sparql.expr.TestExpressions" time="0"/>
  <testcase name="testURI_16" classname="org.apache.jena.sparql.expr.TestExpressions" time="0"/>
  <testcase name="testURI_17" classname="org.apache.jena.sparql.expr.TestExpressions" time="0"/>
  <testcase name="testURI_18" classname="org.apache.jena.sparql.expr.TestExpressions" time="0"/>
  <testcase name="testURI_19" classname="org.apache.jena.sparql.expr.TestExpressions" time="0"/>
  <testcase name="testURI_20" classname="org.apache.jena.sparql.expr.TestExpressions" time="0.001"/>
  <testcase name="testVar_10" classname="org.apache.jena.sparql.expr.TestExpressions" time="0"/>
  <testcase name="testVar_11" classname="org.apache.jena.sparql.expr.TestExpressions" time="0"/>
  <testcase name="testVar_12" classname="org.apache.jena.sparql.expr.TestExpressions" time="0"/>
  <testcase name="testBoolean_100" classname="org.apache.jena.sparql.expr.TestExpressions" time="0"/>
  <testcase name="testBoolean_101" classname="org.apache.jena.sparql.expr.TestExpressions" time="0.001"/>
  <testcase name="testBoolean_102" classname="org.apache.jena.sparql.expr.TestExpressions" time="0"/>
  <testcase name="testBoolean_103" classname="org.apache.jena.sparql.expr.TestExpressions" time="0"/>
  <testcase name="testBoolean_104" classname="org.apache.jena.sparql.expr.TestExpressions" time="0.001"/>
  <testcase name="testBoolean_105" classname="org.apache.jena.sparql.expr.TestExpressions" time="0"/>
  <testcase name="testBoolean_106" classname="org.apache.jena.sparql.expr.TestExpressions" time="0"/>
  <testcase name="testBoolean_107" classname="org.apache.jena.sparql.expr.TestExpressions" time="0.001"/>
  <testcase name="testBoolean_108" classname="org.apache.jena.sparql.expr.TestExpressions" time="0"/>
  <testcase name="testBoolean_111" classname="org.apache.jena.sparql.expr.TestExpressions" time="0"/>
  <testcase name="testBoolean_112" classname="org.apache.jena.sparql.expr.TestExpressions" time="0"/>
  <testcase name="testBoolean_113" classname="org.apache.jena.sparql.expr.TestExpressions" time="0"/>
  <testcase name="testBoolean_114" classname="org.apache.jena.sparql.expr.TestExpressions" time="0"/>
  <testcase name="testBoolean_115" classname="org.apache.jena.sparql.expr.TestExpressions" time="0.001"/>
  <testcase name="testBoolean_116" classname="org.apache.jena.sparql.expr.TestExpressions" time="0"/>
  <testcase name="testBoolean_117" classname="org.apache.jena.sparql.expr.TestExpressions" time="0"/>
  <testcase name="testBoolean_118" classname="org.apache.jena.sparql.expr.TestExpressions" time="0"/>
  <testcase name="testBoolean_119" classname="org.apache.jena.sparql.expr.TestExpressions" time="0"/>
  <testcase name="testBoolean_120" classname="org.apache.jena.sparql.expr.TestExpressions" time="0.001"/>
  <testcase name="testBoolean_121" classname="org.apache.jena.sparql.expr.TestExpressions" time="0"/>
  <testcase name="testBoolean_122" classname="org.apache.jena.sparql.expr.TestExpressions" time="0"/>
  <testcase name="testBoolean_123" classname="org.apache.jena.sparql.expr.TestExpressions" time="0"/>
  <testcase name="testBoolean_124" classname="org.apache.jena.sparql.expr.TestExpressions" time="0.001"/>
  <testcase name="testBoolean_125" classname="org.apache.jena.sparql.expr.TestExpressions" time="0"/>
  <testcase name="testBoolean_126" classname="org.apache.jena.sparql.expr.TestExpressions" time="0.009"/>
  <testcase name="testBoolean_127" classname="org.apache.jena.sparql.expr.TestExpressions" time="0.001"/>
  <testcase name="testBoolean_128" classname="org.apache.jena.sparql.expr.TestExpressions" time="0"/>
  <testcase name="testBoolean_129" classname="org.apache.jena.sparql.expr.TestExpressions" time="0"/>
  <testcase name="testBoolean_130" classname="org.apache.jena.sparql.expr.TestExpressions" time="0"/>
  <testcase name="testBoolean_131" classname="org.apache.jena.sparql.expr.TestExpressions" time="0.001"/>
  <testcase name="testBoolean_132" classname="org.apache.jena.sparql.expr.TestExpressions" time="0"/>
  <testcase name="testBoolean_133" classname="org.apache.jena.sparql.expr.TestExpressions" time="0"/>
  <testcase name="testBoolean_134" classname="org.apache.jena.sparql.expr.TestExpressions" time="0"/>
  <testcase name="testBoolean_135" classname="org.apache.jena.sparql.expr.TestExpressions" time="0.033"/>
  <testcase name="testBoolean_136" classname="org.apache.jena.sparql.expr.TestExpressions" time="0"/>
  <testcase name="testBoolean_137" classname="org.apache.jena.sparql.expr.TestExpressions" time="0"/>
  <testcase name="testBoolean_138" classname="org.apache.jena.sparql.expr.TestExpressions" time="0.001"/>
  <testcase name="testBoolean_139" classname="org.apache.jena.sparql.expr.TestExpressions" time="0.005"/>
  <testcase name="testBoolean_140" classname="org.apache.jena.sparql.expr.TestExpressions" time="0"/>
  <testcase name="testBoolean_141" classname="org.apache.jena.sparql.expr.TestExpressions" time="0"/>
  <testcase name="testBoolean_142" classname="org.apache.jena.sparql.expr.TestExpressions" time="0"/>
  <testcase name="testBoolean_143" classname="org.apache.jena.sparql.expr.TestExpressions" time="0.006"/>
  <testcase name="testBoolean_144" classname="org.apache.jena.sparql.expr.TestExpressions" time="0"/>
  <testcase name="testBoolean_145" classname="org.apache.jena.sparql.expr.TestExpressions" time="0"/>
  <testcase name="testBoolean_146" classname="org.apache.jena.sparql.expr.TestExpressions" time="0"/>
  <testcase name="testBoolean_147" classname="org.apache.jena.sparql.expr.TestExpressions" time="0"/>
  <testcase name="testBoolean_148" classname="org.apache.jena.sparql.expr.TestExpressions" time="0"/>
  <testcase name="testBoolean_149" classname="org.apache.jena.sparql.expr.TestExpressions" time="0"/>
  <testcase name="testBoolean_150" classname="org.apache.jena.sparql.expr.TestExpressions" time="0.001"/>
  <testcase name="testBoolean_151" classname="org.apache.jena.sparql.expr.TestExpressions" time="0"/>
  <testcase name="testBoolean_152" classname="org.apache.jena.sparql.expr.TestExpressions" time="0"/>
  <testcase name="testNumeric_10" classname="org.apache.jena.sparql.expr.TestExpressions" time="0"/>
  <testcase name="testNumeric_11" classname="org.apache.jena.sparql.expr.TestExpressions" time="0"/>
  <testcase name="testNumeric_12" classname="org.apache.jena.sparql.expr.TestExpressions" time="0"/>
  <testcase name="testNumeric_13" classname="org.apache.jena.sparql.expr.TestExpressions" time="0"/>
  <testcase name="testNumeric_14" classname="org.apache.jena.sparql.expr.TestExpressions" time="0"/>
  <testcase name="testNumeric_15" classname="org.apache.jena.sparql.expr.TestExpressions" time="0.001"/>
  <testcase name="testNumeric_16" classname="org.apache.jena.sparql.expr.TestExpressions" time="0"/>
  <testcase name="testNumeric_17" classname="org.apache.jena.sparql.expr.TestExpressions" time="0"/>
  <testcase name="testNumeric_18" classname="org.apache.jena.sparql.expr.TestExpressions" time="0"/>
  <testcase name="testNumeric_19" classname="org.apache.jena.sparql.expr.TestExpressions" time="0"/>
  <testcase name="testNumeric_20" classname="org.apache.jena.sparql.expr.TestExpressions" time="0.001"/>
  <testcase name="testNumeric_21" classname="org.apache.jena.sparql.expr.TestExpressions" time="0"/>
  <testcase name="testNumeric_22" classname="org.apache.jena.sparql.expr.TestExpressions" time="0"/>
  <testcase name="testNumeric_23" classname="org.apache.jena.sparql.expr.TestExpressions" time="0.001"/>
  <testcase name="testNumeric_24" classname="org.apache.jena.sparql.expr.TestExpressions" time="0"/>
  <testcase name="testNumeric_25" classname="org.apache.jena.sparql.expr.TestExpressions" time="0"/>
  <testcase name="testNumeric_26" classname="org.apache.jena.sparql.expr.TestExpressions" time="0"/>
  <testcase name="testNumeric_27" classname="org.apache.jena.sparql.expr.TestExpressions" time="0.001"/>
  <testcase name="testNumeric_28" classname="org.apache.jena.sparql.expr.TestExpressions" time="0"/>
  <testcase name="testNumeric_29" classname="org.apache.jena.sparql.expr.TestExpressions" time="0"/>
  <testcase name="testNumeric_30" classname="org.apache.jena.sparql.expr.TestExpressions" time="0"/>
  <testcase name="testNumeric_31" classname="org.apache.jena.sparql.expr.TestExpressions" time="0.001"/>
  <testcase name="testNumeric_50" classname="org.apache.jena.sparql.expr.TestExpressions" time="0"/>
  <testcase name="testNumeric_51" classname="org.apache.jena.sparql.expr.TestExpressions" time="0"/>
  <testcase name="testNumeric_52" classname="org.apache.jena.sparql.expr.TestExpressions" time="0"/>
  <testcase name="testNumeric_53" classname="org.apache.jena.sparql.expr.TestExpressions" time="0"/>
  <testcase name="testNumeric_54" classname="org.apache.jena.sparql.expr.TestExpressions" time="0.002"/>
  <testcase name="term_constructor_bnode_01" classname="org.apache.jena.sparql.expr.TestExpressions2" time="0"/>
  <testcase name="term_constructor_bnode_02" classname="org.apache.jena.sparql.expr.TestExpressions2" time="0.001"/>
  <testcase name="term_constructor_bnode_03" classname="org.apache.jena.sparql.expr.TestExpressions2" time="0"/>
  <testcase name="term_constructor_bnode_04" classname="org.apache.jena.sparql.expr.TestExpressions2" time="0"/>
  <testcase name="term_constructor_bnode_05" classname="org.apache.jena.sparql.expr.TestExpressions2" time="0.001"/>
  <testcase name="term_constructor_strdt_01" classname="org.apache.jena.sparql.expr.TestExpressions2" time="0.001"/>
  <testcase name="term_constructor_strdt_02" classname="org.apache.jena.sparql.expr.TestExpressions2" time="0.001"/>
  <testcase name="term_constructor_strdt_03" classname="org.apache.jena.sparql.expr.TestExpressions2" time="0"/>
  <testcase name="term_constructor_strdt_04" classname="org.apache.jena.sparql.expr.TestExpressions2" time="0"/>
  <testcase name="term_constructor_iri_01" classname="org.apache.jena.sparql.expr.TestExpressions2" time="0.005"/>
  <testcase name="term_constructor_iri_02" classname="org.apache.jena.sparql.expr.TestExpressions2" time="0"/>
  <testcase name="term_constructor_iri_03" classname="org.apache.jena.sparql.expr.TestExpressions2" time="0"/>
  <testcase name="term_constructor_iri_04" classname="org.apache.jena.sparql.expr.TestExpressions2" time="0"/>
  <testcase name="term_constructor_iri_05" classname="org.apache.jena.sparql.expr.TestExpressions2" time="0.001"/>
  <testcase name="gregorian_cmp_01" classname="org.apache.jena.sparql.expr.TestExpressions2" time="0.001"/>
  <testcase name="gregorian_cmp_02" classname="org.apache.jena.sparql.expr.TestExpressions2" time="0"/>
  <testcase name="gregorian_cmp_03" classname="org.apache.jena.sparql.expr.TestExpressions2" time="0.001"/>
  <testcase name="gregorian_cmp_04" classname="org.apache.jena.sparql.expr.TestExpressions2" time="0"/>
  <testcase name="gregorian_eq_01" classname="org.apache.jena.sparql.expr.TestExpressions2" time="0.001"/>
  <testcase name="gregorian_eq_02" classname="org.apache.jena.sparql.expr.TestExpressions2" time="0"/>
  <testcase name="gregorian_eq_03" classname="org.apache.jena.sparql.expr.TestExpressions2" time="0.001"/>
  <testcase name="gregorian_eq_04" classname="org.apache.jena.sparql.expr.TestExpressions2" time="0"/>
  <testcase name="gregorian_eq_05" classname="org.apache.jena.sparql.expr.TestExpressions2" time="0"/>
  <testcase name="gregorian_eq_06" classname="org.apache.jena.sparql.expr.TestExpressions2" time="0"/>
  <testcase name="gregorian_eq_07" classname="org.apache.jena.sparql.expr.TestExpressions2" time="0.001"/>
  <testcase name="gregorian_eq_08" classname="org.apache.jena.sparql.expr.TestExpressions2" time="0"/>
  <testcase name="gregorian_eq_09" classname="org.apache.jena.sparql.expr.TestExpressions2" time="0"/>
  <testcase name="dynamic_call_01" classname="org.apache.jena.sparql.expr.TestExpressions2" time="0"/>
  <testcase name="dynamic_call_02" classname="org.apache.jena.sparql.expr.TestExpressions2" time="0.011"/>
  <testcase name="dynamic_call_03" classname="org.apache.jena.sparql.expr.TestExpressions2" time="0.001"/>
  <testcase name="dynamic_call_10" classname="org.apache.jena.sparql.expr.TestExpressions2" time="0"/>
  <testcase name="dynamic_call_11" classname="org.apache.jena.sparql.expr.TestExpressions2" time="0.001"/>
  <testcase name="if_01" classname="org.apache.jena.sparql.expr.TestExpressions2" time="0.013"/>
  <testcase name="if_02" classname="org.apache.jena.sparql.expr.TestExpressions2" time="0.001"/>
  <testcase name="if_03" classname="org.apache.jena.sparql.expr.TestExpressions2" time="0"/>
  <testcase name="if_04" classname="org.apache.jena.sparql.expr.TestExpressions2" time="0"/>
  <testcase name="in_01" classname="org.apache.jena.sparql.expr.TestExpressions2" time="0"/>
  <testcase name="in_02" classname="org.apache.jena.sparql.expr.TestExpressions2" time="0.001"/>
  <testcase name="in_03" classname="org.apache.jena.sparql.expr.TestExpressions2" time="0"/>
  <testcase name="in_04" classname="org.apache.jena.sparql.expr.TestExpressions2" time="0"/>
  <testcase name="xsd_cast_01" classname="org.apache.jena.sparql.expr.TestExpressions2" time="0"/>
  <testcase name="xsd_cast_02" classname="org.apache.jena.sparql.expr.TestExpressions2" time="0"/>
  <testcase name="xsd_cast_03" classname="org.apache.jena.sparql.expr.TestExpressions2" time="0.001"/>
  <testcase name="xsd_cast_04" classname="org.apache.jena.sparql.expr.TestExpressions2" time="0"/>
  <testcase name="xsd_cast_10" classname="org.apache.jena.sparql.expr.TestExpressions2" time="0"/>
  <testcase name="xsd_cast_11" classname="org.apache.jena.sparql.expr.TestExpressions2" time="0"/>
  <testcase name="xsd_cast_12" classname="org.apache.jena.sparql.expr.TestExpressions2" time="0.001"/>
  <testcase name="xsd_cast_13" classname="org.apache.jena.sparql.expr.TestExpressions2" time="0"/>
  <testcase name="coalesce_01" classname="org.apache.jena.sparql.expr.TestExpressions2" time="0"/>
  <testcase name="coalesce_02" classname="org.apache.jena.sparql.expr.TestExpressions2" time="0"/>
  <testcase name="coalesce_03" classname="org.apache.jena.sparql.expr.TestExpressions2" time="0.001"/>
  <testcase name="coalesce_04" classname="org.apache.jena.sparql.expr.TestExpressions2" time="0"/>
  <testcase name="term_constructor_strlang_01" classname="org.apache.jena.sparql.expr.TestExpressions2" time="0.001"/>
  <testcase name="term_constructor_strlang_02" classname="org.apache.jena.sparql.expr.TestExpressions2" time="0"/>
  <testcase name="term_constructor_strlang_03" classname="org.apache.jena.sparql.expr.TestExpressions2" time="0"/>
  <testcase name="not_in_01" classname="org.apache.jena.sparql.expr.TestExpressions2" time="0.001"/>
  <testcase name="not_in_02" classname="org.apache.jena.sparql.expr.TestExpressions2" time="0"/>
  <testcase name="not_in_03" classname="org.apache.jena.sparql.expr.TestExpressions2" time="0"/>
  <testcase name="not_in_04" classname="org.apache.jena.sparql.expr.TestExpressions2" time="0"/>
  <testcase name="bound_01" classname="org.apache.jena.sparql.expr.TestExpressions3" time="0.001"/>
  <testcase name="bound_02" classname="org.apache.jena.sparql.expr.TestExpressions3" time="0"/>
  <testcase name="bound_03" classname="org.apache.jena.sparql.expr.TestExpressions3" time="0.001"/>
  <testcase name="bound_04" classname="org.apache.jena.sparql.expr.TestExpressions3" time="0"/>
  <testcase name="bound_05" classname="org.apache.jena.sparql.expr.TestExpressions3" time="0"/>
  <testcase name="bound_06" classname="org.apache.jena.sparql.expr.TestExpressions3" time="0"/>
  <testcase name="bound_07" classname="org.apache.jena.sparql.expr.TestExpressions3" time="0.001"/>
  <testcase name="bound_08" classname="org.apache.jena.sparql.expr.TestExpressions3" time="0"/>
  <testcase name="cast_to_temporal_01" classname="org.apache.jena.sparql.expr.TestCastXSD" time="0.001"/>
  <testcase name="cast_to_temporal_02" classname="org.apache.jena.sparql.expr.TestCastXSD" time="0.001"/>
  <testcase name="cast_to_temporal_03" classname="org.apache.jena.sparql.expr.TestCastXSD" time="0"/>
  <testcase name="cast_to_temporal_04" classname="org.apache.jena.sparql.expr.TestCastXSD" time="0.001"/>
  <testcase name="cast_to_temporal_05" classname="org.apache.jena.sparql.expr.TestCastXSD" time="0.001"/>
  <testcase name="cast_to_temporal_06" classname="org.apache.jena.sparql.expr.TestCastXSD" time="0"/>
  <testcase name="cast_to_integer_01" classname="org.apache.jena.sparql.expr.TestCastXSD" time="0"/>
  <testcase name="cast_to_integer_02" classname="org.apache.jena.sparql.expr.TestCastXSD" time="0.001"/>
  <testcase name="cast_to_integer_03" classname="org.apache.jena.sparql.expr.TestCastXSD" time="0"/>
  <testcase name="cast_to_integer_04" classname="org.apache.jena.sparql.expr.TestCastXSD" time="0.001"/>
  <testcase name="cast_to_integer_05" classname="org.apache.jena.sparql.expr.TestCastXSD" time="0"/>
  <testcase name="cast_to_integer_06" classname="org.apache.jena.sparql.expr.TestCastXSD" time="0"/>
  <testcase name="cast_to_integer_07" classname="org.apache.jena.sparql.expr.TestCastXSD" time="0"/>
  <testcase name="cast_to_integer_08" classname="org.apache.jena.sparql.expr.TestCastXSD" time="0"/>
  <testcase name="cast_to_integer_09" classname="org.apache.jena.sparql.expr.TestCastXSD" time="0.001"/>
  <testcase name="cast_to_integer_10" classname="org.apache.jena.sparql.expr.TestCastXSD" time="0.001"/>
  <testcase name="cast_to_integer_11" classname="org.apache.jena.sparql.expr.TestCastXSD" time="0"/>
  <testcase name="cast_to_integer_12" classname="org.apache.jena.sparql.expr.TestCastXSD" time="0.001"/>
  <testcase name="cast_to_integer_13" classname="org.apache.jena.sparql.expr.TestCastXSD" time="0"/>
  <testcase name="cast_to_integer_14" classname="org.apache.jena.sparql.expr.TestCastXSD" time="0"/>
  <testcase name="cast_to_integer_15" classname="org.apache.jena.sparql.expr.TestCastXSD" time="0.001"/>
  <testcase name="cast_to_integer_16" classname="org.apache.jena.sparql.expr.TestCastXSD" time="0"/>
  <testcase name="cast_to_integer_17" classname="org.apache.jena.sparql.expr.TestCastXSD" time="0.001"/>
  <testcase name="cast_to_integer_18" classname="org.apache.jena.sparql.expr.TestCastXSD" time="0"/>
  <testcase name="cast_to_integer_19" classname="org.apache.jena.sparql.expr.TestCastXSD" time="0"/>
  <testcase name="cast_to_integer_20" classname="org.apache.jena.sparql.expr.TestCastXSD" time="0.002"/>
  <testcase name="cast_to_integer_21" classname="org.apache.jena.sparql.expr.TestCastXSD" time="0"/>
  <testcase name="cast_to_integer_22" classname="org.apache.jena.sparql.expr.TestCastXSD" time="0.001"/>
  <testcase name="cast_to_integer_23" classname="org.apache.jena.sparql.expr.TestCastXSD" time="0"/>
  <testcase name="cast_to_integer_24" classname="org.apache.jena.sparql.expr.TestCastXSD" time="0.001"/>
  <testcase name="cast_to_integer_25" classname="org.apache.jena.sparql.expr.TestCastXSD" time="0"/>
  <testcase name="cast_to_integer_26" classname="org.apache.jena.sparql.expr.TestCastXSD" time="0"/>
  <testcase name="cast_decimal_10" classname="org.apache.jena.sparql.expr.TestCastXSD" time="0.001"/>
  <testcase name="cast_decimal_11" classname="org.apache.jena.sparql.expr.TestCastXSD" time="0.001"/>
  <testcase name="cast_decimal_12" classname="org.apache.jena.sparql.expr.TestCastXSD" time="0"/>
  <testcase name="cast_decimal_13" classname="org.apache.jena.sparql.expr.TestCastXSD" time="0"/>
  <testcase name="cast_decimal_14" classname="org.apache.jena.sparql.expr.TestCastXSD" time="0.001"/>
  <testcase name="cast_decimal_15" classname="org.apache.jena.sparql.expr.TestCastXSD" time="0"/>
  <testcase name="cast_decimal_16" classname="org.apache.jena.sparql.expr.TestCastXSD" time="0.001"/>
  <testcase name="cast_to_gregorian_01" classname="org.apache.jena.sparql.expr.TestCastXSD" time="0"/>
  <testcase name="cast_to_gregorian_02" classname="org.apache.jena.sparql.expr.TestCastXSD" time="0.001"/>
  <testcase name="cast_to_gregorian_03" classname="org.apache.jena.sparql.expr.TestCastXSD" time="0"/>
  <testcase name="cast_to_gregorian_04" classname="org.apache.jena.sparql.expr.TestCastXSD" time="0.001"/>
  <testcase name="cast_from_boolean_01" classname="org.apache.jena.sparql.expr.TestCastXSD" time="0"/>
  <testcase name="cast_from_boolean_02" classname="org.apache.jena.sparql.expr.TestCastXSD" time="0"/>
  <testcase name="cast_from_boolean_03" classname="org.apache.jena.sparql.expr.TestCastXSD" time="0.001"/>
  <testcase name="cast_from_boolean_04" classname="org.apache.jena.sparql.expr.TestCastXSD" time="0"/>
  <testcase name="cast_from_boolean_05" classname="org.apache.jena.sparql.expr.TestCastXSD" time="0.001"/>
  <testcase name="cast_to_duration_01" classname="org.apache.jena.sparql.expr.TestCastXSD" time="0"/>
  <testcase name="cast_to_duration_02" classname="org.apache.jena.sparql.expr.TestCastXSD" time="0.001"/>
  <testcase name="cast_to_duration_03" classname="org.apache.jena.sparql.expr.TestCastXSD" time="0"/>
  <testcase name="cast_to_duration_04" classname="org.apache.jena.sparql.expr.TestCastXSD" time="0"/>
  <testcase name="cast_to_duration_05" classname="org.apache.jena.sparql.expr.TestCastXSD" time="0"/>
  <testcase name="cast_to_duration_06" classname="org.apache.jena.sparql.expr.TestCastXSD" time="0.001"/>
  <testcase name="cast_to_duration_07" classname="org.apache.jena.sparql.expr.TestCastXSD" time="0"/>
  <testcase name="cast_to_duration_08" classname="org.apache.jena.sparql.expr.TestCastXSD" time="0.001"/>
  <testcase name="cast_to_duration_09" classname="org.apache.jena.sparql.expr.TestCastXSD" time="0"/>
  <testcase name="cast_to_duration_10" classname="org.apache.jena.sparql.expr.TestCastXSD" time="0.001"/>
  <testcase name="cast_from_string_01" classname="org.apache.jena.sparql.expr.TestCastXSD" time="0"/>
  <testcase name="cast_from_string_02" classname="org.apache.jena.sparql.expr.TestCastXSD" time="0"/>
  <testcase name="cast_from_string_03" classname="org.apache.jena.sparql.expr.TestCastXSD" time="0.001"/>
  <testcase name="cast_from_string_04" classname="org.apache.jena.sparql.expr.TestCastXSD" time="0"/>
  <testcase name="cast_from_string_05" classname="org.apache.jena.sparql.expr.TestCastXSD" time="0.001"/>
  <testcase name="testLangMatches1" classname="org.apache.jena.sparql.expr.TestNodeFunctions" time="0"/>
  <testcase name="testLangMatches2" classname="org.apache.jena.sparql.expr.TestNodeFunctions" time="0"/>
  <testcase name="testLangMatches3" classname="org.apache.jena.sparql.expr.TestNodeFunctions" time="0"/>
  <testcase name="testLangMatches4" classname="org.apache.jena.sparql.expr.TestNodeFunctions" time="0"/>
  <testcase name="testLangMatches5" classname="org.apache.jena.sparql.expr.TestNodeFunctions" time="0"/>
  <testcase name="testLangMatches6" classname="org.apache.jena.sparql.expr.TestNodeFunctions" time="0"/>
  <testcase name="testLangMatches7" classname="org.apache.jena.sparql.expr.TestNodeFunctions" time="0"/>
  <testcase name="testLangMatches8" classname="org.apache.jena.sparql.expr.TestNodeFunctions" time="0"/>
  <testcase name="testLangMatches9" classname="org.apache.jena.sparql.expr.TestNodeFunctions" time="0"/>
  <testcase name="testCheckAndGetStringLiteral1" classname="org.apache.jena.sparql.expr.TestNodeFunctions" time="0.001"/>
  <testcase name="testCheckAndGetStringLiteral2" classname="org.apache.jena.sparql.expr.TestNodeFunctions" time="0"/>
  <testcase name="testCheckAndGetStringLiteral3" classname="org.apache.jena.sparql.expr.TestNodeFunctions" time="0"/>
  <testcase name="testCheckAndGetStringLiteral4" classname="org.apache.jena.sparql.expr.TestNodeFunctions" time="0"/>
  <testcase name="testLang1" classname="org.apache.jena.sparql.expr.TestNodeFunctions" time="0"/>
  <testcase name="testLang2" classname="org.apache.jena.sparql.expr.TestNodeFunctions" time="0"/>
  <testcase name="testLang3" classname="org.apache.jena.sparql.expr.TestNodeFunctions" time="0"/>
  <testcase name="testLang4" classname="org.apache.jena.sparql.expr.TestNodeFunctions" time="0"/>
  <testcase name="testLang5" classname="org.apache.jena.sparql.expr.TestNodeFunctions" time="0"/>
  <testcase name="testStr1" classname="org.apache.jena.sparql.expr.TestNodeFunctions" time="0"/>
  <testcase name="testStr2" classname="org.apache.jena.sparql.expr.TestNodeFunctions" time="0"/>
  <testcase name="testStr3" classname="org.apache.jena.sparql.expr.TestNodeFunctions" time="0"/>
  <testcase name="testStr4" classname="org.apache.jena.sparql.expr.TestNodeFunctions" time="0"/>
  <testcase name="testLangMatches10" classname="org.apache.jena.sparql.expr.TestNodeFunctions" time="0"/>
  <testcase name="testRDFtermEquals1" classname="org.apache.jena.sparql.expr.TestNodeFunctions" time="0"/>
  <testcase name="testRDFtermEquals2" classname="org.apache.jena.sparql.expr.TestNodeFunctions" time="0"/>
  <testcase name="testRDFtermEquals3" classname="org.apache.jena.sparql.expr.TestNodeFunctions" time="0"/>
  <testcase name="testIsLiteral1" classname="org.apache.jena.sparql.expr.TestNodeFunctions" time="0"/>
  <testcase name="testIsLiteral2" classname="org.apache.jena.sparql.expr.TestNodeFunctions" time="0"/>
  <testcase name="testIsBlank1" classname="org.apache.jena.sparql.expr.TestNodeFunctions" time="0"/>
  <testcase name="testIsBlank2" classname="org.apache.jena.sparql.expr.TestNodeFunctions" time="0"/>
  <testcase name="testIsBlank3" classname="org.apache.jena.sparql.expr.TestNodeFunctions" time="0"/>
  <testcase name="testDatatype1" classname="org.apache.jena.sparql.expr.TestNodeFunctions" time="0"/>
  <testcase name="testDatatype2" classname="org.apache.jena.sparql.expr.TestNodeFunctions" time="0"/>
  <testcase name="testDatatype3" classname="org.apache.jena.sparql.expr.TestNodeFunctions" time="0"/>
  <testcase name="testDatatype4" classname="org.apache.jena.sparql.expr.TestNodeFunctions" time="0"/>
  <testcase name="testDatatype5" classname="org.apache.jena.sparql.expr.TestNodeFunctions" time="0.001"/>
  <testcase name="testDatatype6" classname="org.apache.jena.sparql.expr.TestNodeFunctions" time="0"/>
  <testcase name="testSameTerm1" classname="org.apache.jena.sparql.expr.TestNodeFunctions" time="0"/>
  <testcase name="testSameTerm2" classname="org.apache.jena.sparql.expr.TestNodeFunctions" time="0"/>
  <testcase name="testSameTerm3" classname="org.apache.jena.sparql.expr.TestNodeFunctions" time="0"/>
  <testcase name="testSameTerm4" classname="org.apache.jena.sparql.expr.TestNodeFunctions" time="0"/>
  <testcase name="testSameTerm5" classname="org.apache.jena.sparql.expr.TestNodeFunctions" time="0"/>
  <testcase name="testSameTerm6" classname="org.apache.jena.sparql.expr.TestNodeFunctions" time="0"/>
  <testcase name="testIsIRI_1" classname="org.apache.jena.sparql.expr.TestNodeFunctions" time="0"/>
  <testcase name="testIsIRI_2" classname="org.apache.jena.sparql.expr.TestNodeFunctions" time="0"/>
  <testcase name="exp10_01" classname="org.apache.jena.sparql.expr.TestExpressionsMath" time="0.025"/>
  <testcase name="exp10_02" classname="org.apache.jena.sparql.expr.TestExpressionsMath" time="0"/>
  <testcase name="exp10_03" classname="org.apache.jena.sparql.expr.TestExpressionsMath" time="0"/>
  <testcase name="exp10_04" classname="org.apache.jena.sparql.expr.TestExpressionsMath" time="0.001"/>
  <testcase name="exp10_05" classname="org.apache.jena.sparql.expr.TestExpressionsMath" time="0.019"/>
  <testcase name="sqrt_01" classname="org.apache.jena.sparql.expr.TestExpressionsMath" time="0"/>
  <testcase name="sqrt_02" classname="org.apache.jena.sparql.expr.TestExpressionsMath" time="0.001"/>
  <testcase name="sqrt_03" classname="org.apache.jena.sparql.expr.TestExpressionsMath" time="0"/>
  <testcase name="sqrt_04" classname="org.apache.jena.sparql.expr.TestExpressionsMath" time="0"/>
  <testcase name="sqrt_10" classname="org.apache.jena.sparql.expr.TestExpressionsMath" time="0.001"/>
  <testcase name="sqrt_11" classname="org.apache.jena.sparql.expr.TestExpressionsMath" time="0"/>
  <testcase name="sqrt_12" classname="org.apache.jena.sparql.expr.TestExpressionsMath" time="0"/>
  <testcase name="exp_01" classname="org.apache.jena.sparql.expr.TestExpressionsMath" time="0.001"/>
  <testcase name="exp_02" classname="org.apache.jena.sparql.expr.TestExpressionsMath" time="0"/>
  <testcase name="exp_03" classname="org.apache.jena.sparql.expr.TestExpressionsMath" time="0"/>
  <testcase name="exp_04" classname="org.apache.jena.sparql.expr.TestExpressionsMath" time="0"/>
  <testcase name="exp_05" classname="org.apache.jena.sparql.expr.TestExpressionsMath" time="0"/>
  <testcase name="exp_06" classname="org.apache.jena.sparql.expr.TestExpressionsMath" time="0.001"/>
  <testcase name="exp_07" classname="org.apache.jena.sparql.expr.TestExpressionsMath" time="0"/>
  <testcase name="log_01" classname="org.apache.jena.sparql.expr.TestExpressionsMath" time="0"/>
  <testcase name="log_02" classname="org.apache.jena.sparql.expr.TestExpressionsMath" time="0.001"/>
  <testcase name="log_03" classname="org.apache.jena.sparql.expr.TestExpressionsMath" time="0"/>
  <testcase name="log_04" classname="org.apache.jena.sparql.expr.TestExpressionsMath" time="0"/>
  <testcase name="log_05" classname="org.apache.jena.sparql.expr.TestExpressionsMath" time="0"/>
  <testcase name="log_06" classname="org.apache.jena.sparql.expr.TestExpressionsMath" time="0.001"/>
  <testcase name="log_07" classname="org.apache.jena.sparql.expr.TestExpressionsMath" time="0"/>
  <testcase name="pow_01" classname="org.apache.jena.sparql.expr.TestExpressionsMath" time="0.015"/>
  <testcase name="pow_02" classname="org.apache.jena.sparql.expr.TestExpressionsMath" time="0"/>
  <testcase name="pow_03" classname="org.apache.jena.sparql.expr.TestExpressionsMath" time="0"/>
  <testcase name="pow_10" classname="org.apache.jena.sparql.expr.TestExpressionsMath" time="0.001"/>
  <testcase name="pow_11" classname="org.apache.jena.sparql.expr.TestExpressionsMath" time="0"/>
  <testcase name="pow_12" classname="org.apache.jena.sparql.expr.TestExpressionsMath" time="0"/>
  <testcase name="pow_13" classname="org.apache.jena.sparql.expr.TestExpressionsMath" time="0"/>
  <testcase name="pow_14" classname="org.apache.jena.sparql.expr.TestExpressionsMath" time="0.001"/>
  <testcase name="pow_15" classname="org.apache.jena.sparql.expr.TestExpressionsMath" time="0"/>
  <testcase name="pow_16" classname="org.apache.jena.sparql.expr.TestExpressionsMath" time="0"/>
  <testcase name="atan2_01" classname="org.apache.jena.sparql.expr.TestExpressionsMath" time="0.024"/>
  <testcase name="atan2_02" classname="org.apache.jena.sparql.expr.TestExpressionsMath" time="0"/>
  <testcase name="atan2_03" classname="org.apache.jena.sparql.expr.TestExpressionsMath" time="0"/>
  <testcase name="atan2_04" classname="org.apache.jena.sparql.expr.TestExpressionsMath" time="0"/>
  <testcase name="pi_01" classname="org.apache.jena.sparql.expr.TestExpressionsMath" time="0.001"/>
  <testcase name="pi_02" classname="org.apache.jena.sparql.expr.TestExpressionsMath" time="0"/>
  <testcase name="exprIRI1" classname="org.apache.jena.sparql.expr.TestFunctions" time="0"/>
  <testcase name="exprStrBefore0" classname="org.apache.jena.sparql.expr.TestFunctions" time="0.018"/>
  <testcase name="exprStrBefore1" classname="org.apache.jena.sparql.expr.TestFunctions" time="0.001"/>
  <testcase name="exprStrBefore2" classname="org.apache.jena.sparql.expr.TestFunctions" time="0"/>
  <testcase name="exprStrBefore3" classname="org.apache.jena.sparql.expr.TestFunctions" time="0"/>
  <testcase name="exprStrBefore4" classname="org.apache.jena.sparql.expr.TestFunctions" time="0"/>
  <testcase name="exprStrBefore5" classname="org.apache.jena.sparql.expr.TestFunctions" time="0"/>
  <testcase name="exprStrBefore6" classname="org.apache.jena.sparql.expr.TestFunctions" time="0.001"/>
  <testcase name="exprStrBefore7" classname="org.apache.jena.sparql.expr.TestFunctions" time="0"/>
  <testcase name="exprStrBefore8" classname="org.apache.jena.sparql.expr.TestFunctions" time="0"/>
  <testcase name="exprStrBefore9" classname="org.apache.jena.sparql.expr.TestFunctions" time="0"/>
  <testcase name="exprBoolean10" classname="org.apache.jena.sparql.expr.TestFunctions" time="0.001"/>
  <testcase name="exprStrNormalizeUnicode0" classname="org.apache.jena.sparql.expr.TestFunctions" time="0"/>
  <testcase name="exprStrNormalizeUnicode1" classname="org.apache.jena.sparql.expr.TestFunctions" time="0"/>
  <testcase name="exprStrNormalizeUnicode2" classname="org.apache.jena.sparql.expr.TestFunctions" time="0"/>
  <testcase name="exprStrNormalizeUnicode3" classname="org.apache.jena.sparql.expr.TestFunctions" time="0"/>
  <testcase name="exprStrNormalizeUnicode4" classname="org.apache.jena.sparql.expr.TestFunctions" time="0"/>
  <testcase name="exprStrNormalizeUnicode5" classname="org.apache.jena.sparql.expr.TestFunctions" time="0"/>
  <testcase name="exprStrNormalizeUnicode6" classname="org.apache.jena.sparql.expr.TestFunctions" time="0"/>
  <testcase name="exprStrNormalizeUnicode7" classname="org.apache.jena.sparql.expr.TestFunctions" time="0.001"/>
  <testcase name="exprStrNormalizeUnicode8" classname="org.apache.jena.sparql.expr.TestFunctions" time="0"/>
  <testcase name="exprStrNormalizeUnicode9" classname="org.apache.jena.sparql.expr.TestFunctions" time="0"/>
  <testcase name="exprStrNormalizeSpace0" classname="org.apache.jena.sparql.expr.TestFunctions" time="0"/>
  <testcase name="exprStrNormalizeSpace1" classname="org.apache.jena.sparql.expr.TestFunctions" time="0.001"/>
  <testcase name="exprStrNormalizeSpace2" classname="org.apache.jena.sparql.expr.TestFunctions" time="0"/>
  <testcase name="exprStrNormalizeSpace3" classname="org.apache.jena.sparql.expr.TestFunctions" time="0"/>
  <testcase name="exprRound_01" classname="org.apache.jena.sparql.expr.TestFunctions" time="0.001"/>
  <testcase name="exprRound_02" classname="org.apache.jena.sparql.expr.TestFunctions" time="0"/>
  <testcase name="exprRound_03" classname="org.apache.jena.sparql.expr.TestFunctions" time="0"/>
  <testcase name="exprRound_04" classname="org.apache.jena.sparql.expr.TestFunctions" time="0"/>
  <testcase name="exprRound_05" classname="org.apache.jena.sparql.expr.TestFunctions" time="0.001"/>
  <testcase name="exprRound_06" classname="org.apache.jena.sparql.expr.TestFunctions" time="0"/>
  <testcase name="exprRound_07" classname="org.apache.jena.sparql.expr.TestFunctions" time="0"/>
  <testcase name="exprRound_08" classname="org.apache.jena.sparql.expr.TestFunctions" time="0.001"/>
  <testcase name="exprRound_09" classname="org.apache.jena.sparql.expr.TestFunctions" time="0"/>
  <testcase name="exprStrAfter0" classname="org.apache.jena.sparql.expr.TestFunctions" time="0.001"/>
  <testcase name="exprStrAfter1" classname="org.apache.jena.sparql.expr.TestFunctions" time="0"/>
  <testcase name="exprStrAfter2" classname="org.apache.jena.sparql.expr.TestFunctions" time="0.001"/>
  <testcase name="exprStrAfter3" classname="org.apache.jena.sparql.expr.TestFunctions" time="0"/>
  <testcase name="exprStrAfter4" classname="org.apache.jena.sparql.expr.TestFunctions" time="0"/>
  <testcase name="exprStrAfter5" classname="org.apache.jena.sparql.expr.TestFunctions" time="0"/>
  <testcase name="exprStrAfter6" classname="org.apache.jena.sparql.expr.TestFunctions" time="0"/>
  <testcase name="exprStrAfter7" classname="org.apache.jena.sparql.expr.TestFunctions" time="0"/>
  <testcase name="exprStrAfter8" classname="org.apache.jena.sparql.expr.TestFunctions" time="0"/>
  <testcase name="exprStrAfter9" classname="org.apache.jena.sparql.expr.TestFunctions" time="0.001"/>
  <testcase name="exprStrNormalizeUnicode12" classname="org.apache.jena.sparql.expr.TestFunctions" time="0"/>
  <testcase name="exprStrNormalizeUnicode13" classname="org.apache.jena.sparql.expr.TestFunctions" time="0"/>
  <testcase name="exprStrEnds10" classname="org.apache.jena.sparql.expr.TestFunctions" time="0.01"/>
  <testcase name="exprStrEnds11" classname="org.apache.jena.sparql.expr.TestFunctions" time="0"/>
  <testcase name="exprStrEnds12" classname="org.apache.jena.sparql.expr.TestFunctions" time="0"/>
  <testcase name="exprStrEnds13" classname="org.apache.jena.sparql.expr.TestFunctions" time="0"/>
  <testcase name="exprStrEnds14" classname="org.apache.jena.sparql.expr.TestFunctions" time="0"/>
  <testcase name="exprStrEnds15" classname="org.apache.jena.sparql.expr.TestFunctions" time="0"/>
  <testcase name="exprStrEnds16" classname="org.apache.jena.sparql.expr.TestFunctions" time="0"/>
  <testcase name="exprStrEnds17" classname="org.apache.jena.sparql.expr.TestFunctions" time="0"/>
  <testcase name="exprStrEnds18" classname="org.apache.jena.sparql.expr.TestFunctions" time="0"/>
  <testcase name="exprSubstring1" classname="org.apache.jena.sparql.expr.TestFunctions" time="0.001"/>
  <testcase name="exprSubstring2" classname="org.apache.jena.sparql.expr.TestFunctions" time="0"/>
  <testcase name="exprSubstring3" classname="org.apache.jena.sparql.expr.TestFunctions" time="0"/>
  <testcase name="exprSubstring4" classname="org.apache.jena.sparql.expr.TestFunctions" time="0"/>
  <testcase name="exprSubstring5" classname="org.apache.jena.sparql.expr.TestFunctions" time="0"/>
  <testcase name="exprSubstring6" classname="org.apache.jena.sparql.expr.TestFunctions" time="0.001"/>
  <testcase name="exprSubstring7" classname="org.apache.jena.sparql.expr.TestFunctions" time="0"/>
  <testcase name="exprSubstring8" classname="org.apache.jena.sparql.expr.TestFunctions" time="0"/>
  <testcase name="exprSubstring9" classname="org.apache.jena.sparql.expr.TestFunctions" time="0"/>
  <testcase name="exprStrStart0" classname="org.apache.jena.sparql.expr.TestFunctions" time="0"/>
  <testcase name="exprStrStart1" classname="org.apache.jena.sparql.expr.TestFunctions" time="0"/>
  <testcase name="exprStrStart2" classname="org.apache.jena.sparql.expr.TestFunctions" time="0"/>
  <testcase name="exprStrStart3" classname="org.apache.jena.sparql.expr.TestFunctions" time="0"/>
  <testcase name="exprStrStart4" classname="org.apache.jena.sparql.expr.TestFunctions" time="0"/>
  <testcase name="exprJavaSubstring1" classname="org.apache.jena.sparql.expr.TestFunctions" time="0.013"/>
  <testcase name="exprJavaSubstring2" classname="org.apache.jena.sparql.expr.TestFunctions" time="0"/>
  <testcase name="exprJavaSubstring3" classname="org.apache.jena.sparql.expr.TestFunctions" time="0"/>
  <testcase name="exprJavaSubstring4" classname="org.apache.jena.sparql.expr.TestFunctions" time="0"/>
  <testcase name="exprJavaSubstring5" classname="org.apache.jena.sparql.expr.TestFunctions" time="0"/>
  <testcase name="exprReplace01" classname="org.apache.jena.sparql.expr.TestFunctions" time="0.014"/>
  <testcase name="exprReplace02" classname="org.apache.jena.sparql.expr.TestFunctions" time="0"/>
  <testcase name="exprReplace03" classname="org.apache.jena.sparql.expr.TestFunctions" time="0"/>
  <testcase name="exprReplace04" classname="org.apache.jena.sparql.expr.TestFunctions" time="0"/>
  <testcase name="exprReplace05" classname="org.apache.jena.sparql.expr.TestFunctions" time="0"/>
  <testcase name="exprReplace06" classname="org.apache.jena.sparql.expr.TestFunctions" time="0"/>
  <testcase name="exprReplace07" classname="org.apache.jena.sparql.expr.TestFunctions" time="0.001"/>
  <testcase name="exprReplace08" classname="org.apache.jena.sparql.expr.TestFunctions" time="0"/>
  <testcase name="exprReplace09" classname="org.apache.jena.sparql.expr.TestFunctions" time="0"/>
  <testcase name="exprReplace10" classname="org.apache.jena.sparql.expr.TestFunctions" time="0"/>
  <testcase name="exprReplace11" classname="org.apache.jena.sparql.expr.TestFunctions" time="0"/>
  <testcase name="exprReplace12" classname="org.apache.jena.sparql.expr.TestFunctions" time="0"/>
  <testcase name="exprReplace13" classname="org.apache.jena.sparql.expr.TestFunctions" time="0.001"/>
  <testcase name="exprAdjustTimeToTz_01" classname="org.apache.jena.sparql.expr.TestFunctions" time="0.001"/>
  <testcase name="exprAdjustTimeToTz_02" classname="org.apache.jena.sparql.expr.TestFunctions" time="0.001"/>
  <testcase name="exprAdjustTimeToTz_03" classname="org.apache.jena.sparql.expr.TestFunctions" time="0.001"/>
  <testcase name="exprAdjustTimeToTz_04" classname="org.apache.jena.sparql.expr.TestFunctions" time="0"/>
  <testcase name="exprAdjustTimeToTz_05" classname="org.apache.jena.sparql.expr.TestFunctions" time="0.001"/>
  <testcase name="exprAdjustTimeToTz_06" classname="org.apache.jena.sparql.expr.TestFunctions" time="0"/>
  <testcase name="exprAdjustTimeToTz_07" classname="org.apache.jena.sparql.expr.TestFunctions" time="0"/>
  <testcase name="expr1" classname="org.apache.jena.sparql.expr.TestFunctions" time="0.001"/>
  <testcase name="exprNotOneOf_01" classname="org.apache.jena.sparql.expr.TestFunctions" time="0"/>
  <testcase name="exprNotOneOf_02" classname="org.apache.jena.sparql.expr.TestFunctions" time="0"/>
  <testcase name="exprNotOneOf_03" classname="org.apache.jena.sparql.expr.TestFunctions" time="0"/>
  <testcase name="exprNotOneOf_04" classname="org.apache.jena.sparql.expr.TestFunctions" time="0"/>
  <testcase name="exprNotOneOf_05" classname="org.apache.jena.sparql.expr.TestFunctions" time="0.001"/>
  <testcase name="exprNotOneOf_06" classname="org.apache.jena.sparql.expr.TestFunctions" time="0"/>
  <testcase name="exprContains10" classname="org.apache.jena.sparql.expr.TestFunctions" time="0"/>
  <testcase name="exprContains11" classname="org.apache.jena.sparql.expr.TestFunctions" time="0"/>
  <testcase name="exprContains12" classname="org.apache.jena.sparql.expr.TestFunctions" time="0"/>
  <testcase name="exprContains13" classname="org.apache.jena.sparql.expr.TestFunctions" time="0.001"/>
  <testcase name="exprContains14" classname="org.apache.jena.sparql.expr.TestFunctions" time="0"/>
  <testcase name="exprContains15" classname="org.apache.jena.sparql.expr.TestFunctions" time="0"/>
  <testcase name="exprContains16" classname="org.apache.jena.sparql.expr.TestFunctions" time="0"/>
  <testcase name="exprContains17" classname="org.apache.jena.sparql.expr.TestFunctions" time="0"/>
  <testcase name="exprContains18" classname="org.apache.jena.sparql.expr.TestFunctions" time="0"/>
  <testcase name="exprRoundHalfEven_01" classname="org.apache.jena.sparql.expr.TestFunctions" time="0.001"/>
  <testcase name="exprRoundHalfEven_02" classname="org.apache.jena.sparql.expr.TestFunctions" time="0"/>
  <testcase name="exprRoundHalfEven_03" classname="org.apache.jena.sparql.expr.TestFunctions" time="0"/>
  <testcase name="exprRoundHalfEven_04" classname="org.apache.jena.sparql.expr.TestFunctions" time="0.001"/>
  <testcase name="exprRoundHalfEven_05" classname="org.apache.jena.sparql.expr.TestFunctions" time="0"/>
  <testcase name="exprRoundHalfEven_06" classname="org.apache.jena.sparql.expr.TestFunctions" time="0"/>
  <testcase name="exprRoundHalfEven_07" classname="org.apache.jena.sparql.expr.TestFunctions" time="0.001"/>
  <testcase name="exprRoundHalfEven_08" classname="org.apache.jena.sparql.expr.TestFunctions" time="0"/>
  <testcase name="exprAdjustDateToTz_01" classname="org.apache.jena.sparql.expr.TestFunctions" time="0.001"/>
  <testcase name="exprAdjustDateToTz_02" classname="org.apache.jena.sparql.expr.TestFunctions" time="0"/>
  <testcase name="exprAdjustDateToTz_03" classname="org.apache.jena.sparql.expr.TestFunctions" time="0.001"/>
  <testcase name="exprAdjustDateToTz_04" classname="org.apache.jena.sparql.expr.TestFunctions" time="0"/>
  <testcase name="exprAdjustDateToTz_05" classname="org.apache.jena.sparql.expr.TestFunctions" time="0.001"/>
  <testcase name="exprAdjustDateToTz_06" classname="org.apache.jena.sparql.expr.TestFunctions" time="0.001"/>
  <testcase name="exprFnReplace01" classname="org.apache.jena.sparql.expr.TestFunctions" time="0"/>
  <testcase name="exprFnReplace02" classname="org.apache.jena.sparql.expr.TestFunctions" time="0"/>
  <testcase name="exprFnReplace03" classname="org.apache.jena.sparql.expr.TestFunctions" time="0.001"/>
  <testcase name="exprFnReplace04" classname="org.apache.jena.sparql.expr.TestFunctions" time="0"/>
  <testcase name="exprFnReplace05" classname="org.apache.jena.sparql.expr.TestFunctions" time="0"/>
  <testcase name="exprFnReplace06" classname="org.apache.jena.sparql.expr.TestFunctions" time="0"/>
  <testcase name="exprStrCase1" classname="org.apache.jena.sparql.expr.TestFunctions" time="0.001"/>
  <testcase name="exprStrCase2" classname="org.apache.jena.sparql.expr.TestFunctions" time="0"/>
  <testcase name="exprStrCase3" classname="org.apache.jena.sparql.expr.TestFunctions" time="0"/>
  <testcase name="exprStrCase4" classname="org.apache.jena.sparql.expr.TestFunctions" time="0"/>
  <testcase name="exprStrEnds0" classname="org.apache.jena.sparql.expr.TestFunctions" time="0"/>
  <testcase name="exprStrEnds1" classname="org.apache.jena.sparql.expr.TestFunctions" time="0.001"/>
  <testcase name="exprStrEnds2" classname="org.apache.jena.sparql.expr.TestFunctions" time="0"/>
  <testcase name="exprStrEnds3" classname="org.apache.jena.sparql.expr.TestFunctions" time="0"/>
  <testcase name="exprStrEnds4" classname="org.apache.jena.sparql.expr.TestFunctions" time="0"/>
  <testcase name="exprStrLang1" classname="org.apache.jena.sparql.expr.TestFunctions" time="0"/>
  <testcase name="exprStrStart10" classname="org.apache.jena.sparql.expr.TestFunctions" time="0.017"/>
  <testcase name="exprStrStart11" classname="org.apache.jena.sparql.expr.TestFunctions" time="0"/>
  <testcase name="exprStrStart12" classname="org.apache.jena.sparql.expr.TestFunctions" time="0"/>
  <testcase name="exprStrStart13" classname="org.apache.jena.sparql.expr.TestFunctions" time="0"/>
  <testcase name="exprStrStart14" classname="org.apache.jena.sparql.expr.TestFunctions" time="0"/>
  <testcase name="exprStrStart15" classname="org.apache.jena.sparql.expr.TestFunctions" time="0"/>
  <testcase name="exprStrStart16" classname="org.apache.jena.sparql.expr.TestFunctions" time="0"/>
  <testcase name="exprStrStart17" classname="org.apache.jena.sparql.expr.TestFunctions" time="0"/>
  <testcase name="exprStrStart18" classname="org.apache.jena.sparql.expr.TestFunctions" time="0"/>
  <testcase name="formatNumber_01" classname="org.apache.jena.sparql.expr.TestFunctions" time="0.001"/>
  <testcase name="formatNumber_02" classname="org.apache.jena.sparql.expr.TestFunctions" time="0"/>
  <testcase name="formatNumber_03" classname="org.apache.jena.sparql.expr.TestFunctions" time="0.001"/>
  <testcase name="formatNumber_04" classname="org.apache.jena.sparql.expr.TestFunctions" time="0"/>
  <testcase name="formatNumber_05" classname="org.apache.jena.sparql.expr.TestFunctions" time="0"/>
  <testcase name="formatNumber_06" classname="org.apache.jena.sparql.expr.TestFunctions" time="0.001"/>
  <testcase name="formatNumber_08" classname="org.apache.jena.sparql.expr.TestFunctions" time="0"/>
  <testcase name="formatNumber_11" classname="org.apache.jena.sparql.expr.TestFunctions" time="0.018"/>
  <testcase name="formatNumber_12" classname="org.apache.jena.sparql.expr.TestFunctions" time="0"/>
  <testcase name="formatNumber_13" classname="org.apache.jena.sparql.expr.TestFunctions" time="0.001"/>
  <testcase name="formatNumber_14" classname="org.apache.jena.sparql.expr.TestFunctions" time="0.001"/>
  <testcase name="formatNumber_15" classname="org.apache.jena.sparql.expr.TestFunctions" time="0"/>
  <testcase name="formatNumber_20" classname="org.apache.jena.sparql.expr.TestFunctions" time="0"/>
  <testcase name="formatNumber_21" classname="org.apache.jena.sparql.expr.TestFunctions" time="0"/>
  <testcase name="formatNumber_22" classname="org.apache.jena.sparql.expr.TestFunctions" time="0"/>
  <testcase name="exprSubstring10" classname="org.apache.jena.sparql.expr.TestFunctions" time="0.001"/>
  <testcase name="exprSubstring11" classname="org.apache.jena.sparql.expr.TestFunctions" time="0"/>
  <testcase name="exprSubstring12" classname="org.apache.jena.sparql.expr.TestFunctions" time="0"/>
  <testcase name="exprOneOf_01" classname="org.apache.jena.sparql.expr.TestFunctions" time="0"/>
  <testcase name="exprOneOf_02" classname="org.apache.jena.sparql.expr.TestFunctions" time="0"/>
  <testcase name="exprOneOf_03" classname="org.apache.jena.sparql.expr.TestFunctions" time="0.001"/>
  <testcase name="exprOneOf_04" classname="org.apache.jena.sparql.expr.TestFunctions" time="0"/>
  <testcase name="exprOneOf_05" classname="org.apache.jena.sparql.expr.TestFunctions" time="0"/>
  <testcase name="exprOneOf_06" classname="org.apache.jena.sparql.expr.TestFunctions" time="0"/>
  <testcase name="exprBoolean1" classname="org.apache.jena.sparql.expr.TestFunctions" time="0"/>
  <testcase name="exprBoolean2" classname="org.apache.jena.sparql.expr.TestFunctions" time="0"/>
  <testcase name="exprBoolean3" classname="org.apache.jena.sparql.expr.TestFunctions" time="0.001"/>
  <testcase name="exprBoolean4" classname="org.apache.jena.sparql.expr.TestFunctions" time="0"/>
  <testcase name="exprBoolean5" classname="org.apache.jena.sparql.expr.TestFunctions" time="0"/>
  <testcase name="exprBoolean6" classname="org.apache.jena.sparql.expr.TestFunctions" time="0"/>
  <testcase name="exprBoolean7" classname="org.apache.jena.sparql.expr.TestFunctions" time="0"/>
  <testcase name="exprBoolean8" classname="org.apache.jena.sparql.expr.TestFunctions" time="0"/>
  <testcase name="exprBoolean9" classname="org.apache.jena.sparql.expr.TestFunctions" time="0"/>
  <testcase name="exprAdjustDatetimeToTz_01" classname="org.apache.jena.sparql.expr.TestFunctions" time="0.001"/>
  <testcase name="exprAdjustDatetimeToTz_02" classname="org.apache.jena.sparql.expr.TestFunctions" time="0.001"/>
  <testcase name="exprAdjustDatetimeToTz_03" classname="org.apache.jena.sparql.expr.TestFunctions" time="0"/>
  <testcase name="exprAdjustDatetimeToTz_04" classname="org.apache.jena.sparql.expr.TestFunctions" time="0.001"/>
  <testcase name="exprAdjustDatetimeToTz_05" classname="org.apache.jena.sparql.expr.TestFunctions" time="0"/>
  <testcase name="exprAdjustDatetimeToTz_06" classname="org.apache.jena.sparql.expr.TestFunctions" time="0"/>
  <testcase name="exprAdjustDatetimeToTz_07" classname="org.apache.jena.sparql.expr.TestFunctions" time="0.001"/>
  <testcase name="exprAdjustDatetimeToTz_08" classname="org.apache.jena.sparql.expr.TestFunctions" time="0"/>
  <testcase name="exprStrContains0" classname="org.apache.jena.sparql.expr.TestFunctions" time="0"/>
  <testcase name="exprStrContains1" classname="org.apache.jena.sparql.expr.TestFunctions" time="0.001"/>
  <testcase name="exprStrContains2" classname="org.apache.jena.sparql.expr.TestFunctions" time="0"/>
  <testcase name="exprStrContains3" classname="org.apache.jena.sparql.expr.TestFunctions" time="0"/>
  <testcase name="exprStrContains4" classname="org.apache.jena.sparql.expr.TestFunctions" time="0"/>
  <testcase name="exprStrContains5" classname="org.apache.jena.sparql.expr.TestFunctions" time="0"/>
  <testcase name="exprStrContains6" classname="org.apache.jena.sparql.expr.TestFunctions" time="0.001"/>
  <testcase name="exprStrContains7" classname="org.apache.jena.sparql.expr.TestFunctions" time="0"/>
  <testcase name="exprStrContains8" classname="org.apache.jena.sparql.expr.TestFunctions" time="0"/>
  <testcase name="exprStrDatatype1" classname="org.apache.jena.sparql.expr.TestFunctions" time="0"/>
  <testcase name="exprStrDatatype2" classname="org.apache.jena.sparql.expr.TestFunctions" time="0"/>
  <testcase name="exprStrDatatype3" classname="org.apache.jena.sparql.expr.TestFunctions" time="0"/>
  <testcase name="exprSameTerm1" classname="org.apache.jena.sparql.expr.TestFunctions" time="0.001"/>
  <testcase name="exprSameTerm2" classname="org.apache.jena.sparql.expr.TestFunctions" time="0"/>
  <testcase name="exprSameTerm3" classname="org.apache.jena.sparql.expr.TestFunctions" time="0"/>
  <testcase name="exprSameTerm4" classname="org.apache.jena.sparql.expr.TestFunctions" time="0"/>
  <testcase name="exprSameTerm5" classname="org.apache.jena.sparql.expr.TestFunctions" time="0"/>
  <testcase name="exprSameTerm6" classname="org.apache.jena.sparql.expr.TestFunctions" time="0"/>
  <testcase name="exprStrLen1" classname="org.apache.jena.sparql.expr.TestFunctions" time="0.001"/>
  <testcase name="exprStrLen2" classname="org.apache.jena.sparql.expr.TestFunctions" time="0"/>
  <testcase name="exprStrLen3" classname="org.apache.jena.sparql.expr.TestFunctions" time="0"/>
  <testcase name="exprStrAfter10" classname="org.apache.jena.sparql.expr.TestFunctions" time="0"/>
  <testcase name="exprSprintf_01" classname="org.apache.jena.sparql.expr.TestFunctions" time="0.016"/>
  <testcase name="exprSprintf_02" classname="org.apache.jena.sparql.expr.TestFunctions" time="0"/>
  <testcase name="exprSprintf_03" classname="org.apache.jena.sparql.expr.TestFunctions" time="0"/>
  <testcase name="exprSprintf_04" classname="org.apache.jena.sparql.expr.TestFunctions" time="0.001"/>
  <testcase name="exprSprintf_06" classname="org.apache.jena.sparql.expr.TestFunctions" time="0.001"/>
  <testcase name="exprSprintf_07" classname="org.apache.jena.sparql.expr.TestFunctions" time="0.018"/>
  <testcase name="exprSprintf_08" classname="org.apache.jena.sparql.expr.TestFunctions" time="0.001"/>
  <testcase name="exprSprintf_09" classname="org.apache.jena.sparql.expr.TestFunctions" time="0"/>
  <testcase name="exprSprintf_10" classname="org.apache.jena.sparql.expr.TestFunctions" time="0"/>
  <testcase name="exprSprintf_11" classname="org.apache.jena.sparql.expr.TestFunctions" time="0"/>
  <testcase name="exprSprintf_12" classname="org.apache.jena.sparql.expr.TestFunctions" time="0.001"/>
  <testcase name="exprSprintf_20" classname="org.apache.jena.sparql.expr.TestFunctions" time="0.002"/>
  <testcase name="exprSprintf_21" classname="org.apache.jena.sparql.expr.TestFunctions" time="0.001"/>
  <testcase name="exprSprintf_22" classname="org.apache.jena.sparql.expr.TestFunctions" time="0.001"/>
  <testcase name="exprSprintf_23" classname="org.apache.jena.sparql.expr.TestFunctions" time="0.001"/>
  <testcase name="exprSprintf_24" classname="org.apache.jena.sparql.expr.TestFunctions" time="0.001"/>
  <testcase name="exprSprintf_25" classname="org.apache.jena.sparql.expr.TestFunctions" time="0"/>
  <testcase name="exprStrBefore10" classname="org.apache.jena.sparql.expr.TestFunctions" time="0.001"/>
  <testcase name="month_dur_01" classname="org.apache.jena.sparql.expr.TestFunctions2" time="0.018"/>
  <testcase name="year_dur_01" classname="org.apache.jena.sparql.expr.TestFunctions2" time="0.017"/>
  <testcase name="minutes_dur_01" classname="org.apache.jena.sparql.expr.TestFunctions2" time="0.013"/>
  <testcase name="ucase_01" classname="org.apache.jena.sparql.expr.TestFunctions2" time="0"/>
  <testcase name="ucase_02" classname="org.apache.jena.sparql.expr.TestFunctions2" time="0.001"/>
  <testcase name="ucase_03" classname="org.apache.jena.sparql.expr.TestFunctions2" time="0"/>
  <testcase name="ucase_04" classname="org.apache.jena.sparql.expr.TestFunctions2" time="0"/>
  <testcase name="abs_01" classname="org.apache.jena.sparql.expr.TestFunctions2" time="0"/>
  <testcase name="abs_02" classname="org.apache.jena.sparql.expr.TestFunctions2" time="0"/>
  <testcase name="abs_03" classname="org.apache.jena.sparql.expr.TestFunctions2" time="0.001"/>
  <testcase name="abs_04" classname="org.apache.jena.sparql.expr.TestFunctions2" time="0"/>
  <testcase name="abs_05" classname="org.apache.jena.sparql.expr.TestFunctions2" time="0"/>
  <testcase name="abs_06" classname="org.apache.jena.sparql.expr.TestFunctions2" time="0"/>
  <testcase name="day_01" classname="org.apache.jena.sparql.expr.TestFunctions2" time="0.001"/>
  <testcase name="day_02" classname="org.apache.jena.sparql.expr.TestFunctions2" time="0"/>
  <testcase name="day_03" classname="org.apache.jena.sparql.expr.TestFunctions2" time="0.001"/>
  <testcase name="day_04" classname="org.apache.jena.sparql.expr.TestFunctions2" time="0"/>
  <testcase name="day_05" classname="org.apache.jena.sparql.expr.TestFunctions2" time="0"/>
  <testcase name="day_06" classname="org.apache.jena.sparql.expr.TestFunctions2" time="0"/>
  <testcase name="day_07" classname="org.apache.jena.sparql.expr.TestFunctions2" time="0"/>
  <testcase name="day_11" classname="org.apache.jena.sparql.expr.TestFunctions2" time="0.001"/>
  <testcase name="day_12" classname="org.apache.jena.sparql.expr.TestFunctions2" time="0"/>
  <testcase name="day_13" classname="org.apache.jena.sparql.expr.TestFunctions2" time="0"/>
  <testcase name="day_14" classname="org.apache.jena.sparql.expr.TestFunctions2" time="0"/>
  <testcase name="day_15" classname="org.apache.jena.sparql.expr.TestFunctions2" time="0.001"/>
  <testcase name="day_16" classname="org.apache.jena.sparql.expr.TestFunctions2" time="0"/>
  <testcase name="day_17" classname="org.apache.jena.sparql.expr.TestFunctions2" time="0"/>
  <testcase name="day_21" classname="org.apache.jena.sparql.expr.TestFunctions2" time="0"/>
  <testcase name="day_22" classname="org.apache.jena.sparql.expr.TestFunctions2" time="0.001"/>
  <testcase name="day_23" classname="org.apache.jena.sparql.expr.TestFunctions2" time="0"/>
  <testcase name="day_24" classname="org.apache.jena.sparql.expr.TestFunctions2" time="0"/>
  <testcase name="day_25" classname="org.apache.jena.sparql.expr.TestFunctions2" time="0"/>
  <testcase name="day_26" classname="org.apache.jena.sparql.expr.TestFunctions2" time="0"/>
  <testcase name="day_27" classname="org.apache.jena.sparql.expr.TestFunctions2" time="0.001"/>
  <testcase name="year_01" classname="org.apache.jena.sparql.expr.TestFunctions2" time="0"/>
  <testcase name="year_02" classname="org.apache.jena.sparql.expr.TestFunctions2" time="0"/>
  <testcase name="year_03" classname="org.apache.jena.sparql.expr.TestFunctions2" time="0"/>
  <testcase name="year_04" classname="org.apache.jena.sparql.expr.TestFunctions2" time="0"/>
  <testcase name="year_05" classname="org.apache.jena.sparql.expr.TestFunctions2" time="0"/>
  <testcase name="year_06" classname="org.apache.jena.sparql.expr.TestFunctions2" time="0"/>
  <testcase name="year_07" classname="org.apache.jena.sparql.expr.TestFunctions2" time="0"/>
  <testcase name="year_11" classname="org.apache.jena.sparql.expr.TestFunctions2" time="0"/>
  <testcase name="year_12" classname="org.apache.jena.sparql.expr.TestFunctions2" time="0.001"/>
  <testcase name="year_13" classname="org.apache.jena.sparql.expr.TestFunctions2" time="0"/>
  <testcase name="year_14" classname="org.apache.jena.sparql.expr.TestFunctions2" time="0"/>
  <testcase name="year_15" classname="org.apache.jena.sparql.expr.TestFunctions2" time="0"/>
  <testcase name="year_16" classname="org.apache.jena.sparql.expr.TestFunctions2" time="0"/>
  <testcase name="year_17" classname="org.apache.jena.sparql.expr.TestFunctions2" time="0"/>
  <testcase name="year_21" classname="org.apache.jena.sparql.expr.TestFunctions2" time="0"/>
  <testcase name="year_22" classname="org.apache.jena.sparql.expr.TestFunctions2" time="0"/>
  <testcase name="year_23" classname="org.apache.jena.sparql.expr.TestFunctions2" time="0"/>
  <testcase name="year_24" classname="org.apache.jena.sparql.expr.TestFunctions2" time="0.001"/>
  <testcase name="year_25" classname="org.apache.jena.sparql.expr.TestFunctions2" time="0"/>
  <testcase name="year_26" classname="org.apache.jena.sparql.expr.TestFunctions2" time="0"/>
  <testcase name="year_27" classname="org.apache.jena.sparql.expr.TestFunctions2" time="0"/>
  <testcase name="md5_01" classname="org.apache.jena.sparql.expr.TestFunctions2" time="0.012"/>
  <testcase name="md5_02" classname="org.apache.jena.sparql.expr.TestFunctions2" time="0"/>
  <testcase name="md5_03" classname="org.apache.jena.sparql.expr.TestFunctions2" time="0.001"/>
  <testcase name="md5_04" classname="org.apache.jena.sparql.expr.TestFunctions2" time="0"/>
  <testcase name="timezone_01" classname="org.apache.jena.sparql.expr.TestFunctions2" time="0.011"/>
  <testcase name="timezone_02" classname="org.apache.jena.sparql.expr.TestFunctions2" time="0"/>
  <testcase name="timezone_03" classname="org.apache.jena.sparql.expr.TestFunctions2" time="0.001"/>
  <testcase name="timezone_04" classname="org.apache.jena.sparql.expr.TestFunctions2" time="0.001"/>
  <testcase name="timezone_05" classname="org.apache.jena.sparql.expr.TestFunctions2" time="0"/>
  <testcase name="timezone_09" classname="org.apache.jena.sparql.expr.TestFunctions2" time="0.003"/>
  <testcase name="timezone_10" classname="org.apache.jena.sparql.expr.TestFunctions2" time="0"/>
  <testcase name="timezone_11" classname="org.apache.jena.sparql.expr.TestFunctions2" time="0"/>
  <testcase name="concat_01" classname="org.apache.jena.sparql.expr.TestFunctions2" time="0"/>
  <testcase name="concat_02" classname="org.apache.jena.sparql.expr.TestFunctions2" time="0"/>
  <testcase name="concat_03" classname="org.apache.jena.sparql.expr.TestFunctions2" time="0"/>
  <testcase name="concat_04" classname="org.apache.jena.sparql.expr.TestFunctions2" time="0"/>
  <testcase name="concat_05" classname="org.apache.jena.sparql.expr.TestFunctions2" time="0"/>
  <testcase name="concat_06" classname="org.apache.jena.sparql.expr.TestFunctions2" time="0"/>
  <testcase name="concat_07" classname="org.apache.jena.sparql.expr.TestFunctions2" time="0"/>
  <testcase name="concat_08" classname="org.apache.jena.sparql.expr.TestFunctions2" time="0"/>
  <testcase name="concat_09" classname="org.apache.jena.sparql.expr.TestFunctions2" time="0"/>
  <testcase name="concat_10" classname="org.apache.jena.sparql.expr.TestFunctions2" time="0"/>
  <testcase name="concat_11" classname="org.apache.jena.sparql.expr.TestFunctions2" time="0"/>
  <testcase name="concat_90" classname="org.apache.jena.sparql.expr.TestFunctions2" time="0"/>
  <testcase name="concat_91" classname="org.apache.jena.sparql.expr.TestFunctions2" time="0"/>
  <testcase name="encodeURI_01" classname="org.apache.jena.sparql.expr.TestFunctions2" time="0.007"/>
  <testcase name="encodeURI_02" classname="org.apache.jena.sparql.expr.TestFunctions2" time="0"/>
  <testcase name="encodeURI_03" classname="org.apache.jena.sparql.expr.TestFunctions2" time="0"/>
  <testcase name="encodeURI_04" classname="org.apache.jena.sparql.expr.TestFunctions2" time="0"/>
  <testcase name="encodeURI_05" classname="org.apache.jena.sparql.expr.TestFunctions2" time="0"/>
  <testcase name="encodeURI_09" classname="org.apache.jena.sparql.expr.TestFunctions2" time="0"/>
  <testcase name="strends_01" classname="org.apache.jena.sparql.expr.TestFunctions2" time="0.001"/>
  <testcase name="strends_02" classname="org.apache.jena.sparql.expr.TestFunctions2" time="0"/>
  <testcase name="strends_03" classname="org.apache.jena.sparql.expr.TestFunctions2" time="0"/>
  <testcase name="strends_04" classname="org.apache.jena.sparql.expr.TestFunctions2" time="0"/>
  <testcase name="strends_05" classname="org.apache.jena.sparql.expr.TestFunctions2" time="0"/>
  <testcase name="strends_06" classname="org.apache.jena.sparql.expr.TestFunctions2" time="0.001"/>
  <testcase name="strends_10" classname="org.apache.jena.sparql.expr.TestFunctions2" time="0"/>
  <testcase name="strends_12" classname="org.apache.jena.sparql.expr.TestFunctions2" time="0"/>
  <testcase name="strends_13" classname="org.apache.jena.sparql.expr.TestFunctions2" time="0.002"/>
  <testcase name="strends_14" classname="org.apache.jena.sparql.expr.TestFunctions2" time="0"/>
  <testcase name="strends_15" classname="org.apache.jena.sparql.expr.TestFunctions2" time="0"/>
  <testcase name="strends_16" classname="org.apache.jena.sparql.expr.TestFunctions2" time="0"/>
  <testcase name="strends_17" classname="org.apache.jena.sparql.expr.TestFunctions2" time="0"/>
  <testcase name="strends_18" classname="org.apache.jena.sparql.expr.TestFunctions2" time="0.001"/>
  <testcase name="strends_20" classname="org.apache.jena.sparql.expr.TestFunctions2" time="0.001"/>
  <testcase name="strends_21" classname="org.apache.jena.sparql.expr.TestFunctions2" time="0"/>
  <testcase name="month_01" classname="org.apache.jena.sparql.expr.TestFunctions2" time="0"/>
  <testcase name="month_02" classname="org.apache.jena.sparql.expr.TestFunctions2" time="0"/>
  <testcase name="month_03" classname="org.apache.jena.sparql.expr.TestFunctions2" time="0"/>
  <testcase name="month_04" classname="org.apache.jena.sparql.expr.TestFunctions2" time="0.001"/>
  <testcase name="month_05" classname="org.apache.jena.sparql.expr.TestFunctions2" time="0"/>
  <testcase name="month_06" classname="org.apache.jena.sparql.expr.TestFunctions2" time="0"/>
  <testcase name="month_07" classname="org.apache.jena.sparql.expr.TestFunctions2" time="0.001"/>
  <testcase name="month_11" classname="org.apache.jena.sparql.expr.TestFunctions2" time="0.004"/>
  <testcase name="month_12" classname="org.apache.jena.sparql.expr.TestFunctions2" time="0"/>
  <testcase name="month_13" classname="org.apache.jena.sparql.expr.TestFunctions2" time="0"/>
  <testcase name="month_14" classname="org.apache.jena.sparql.expr.TestFunctions2" time="0"/>
  <testcase name="month_15" classname="org.apache.jena.sparql.expr.TestFunctions2" time="0"/>
  <testcase name="month_16" classname="org.apache.jena.sparql.expr.TestFunctions2" time="0"/>
  <testcase name="month_17" classname="org.apache.jena.sparql.expr.TestFunctions2" time="0"/>
  <testcase name="month_21" classname="org.apache.jena.sparql.expr.TestFunctions2" time="0"/>
  <testcase name="month_22" classname="org.apache.jena.sparql.expr.TestFunctions2" time="0"/>
  <testcase name="month_23" classname="org.apache.jena.sparql.expr.TestFunctions2" time="0"/>
  <testcase name="month_24" classname="org.apache.jena.sparql.expr.TestFunctions2" time="0"/>
  <testcase name="month_25" classname="org.apache.jena.sparql.expr.TestFunctions2" time="0"/>
  <testcase name="month_27" classname="org.apache.jena.sparql.expr.TestFunctions2" time="0"/>
  <testcase name="strends11" classname="org.apache.jena.sparql.expr.TestFunctions2" time="0"/>
  <testcase name="hours_01" classname="org.apache.jena.sparql.expr.TestFunctions2" time="0.005"/>
  <testcase name="hours_02" classname="org.apache.jena.sparql.expr.TestFunctions2" time="0.002"/>
  <testcase name="hours_03" classname="org.apache.jena.sparql.expr.TestFunctions2" time="0.001"/>
  <testcase name="hours_10" classname="org.apache.jena.sparql.expr.TestFunctions2" time="0.004"/>
  <testcase name="hours_11" classname="org.apache.jena.sparql.expr.TestFunctions2" time="0"/>
  <testcase name="hours_20" classname="org.apache.jena.sparql.expr.TestFunctions2" time="0"/>
  <testcase name="hours_21" classname="org.apache.jena.sparql.expr.TestFunctions2" time="0"/>
  <testcase name="lcase_01" classname="org.apache.jena.sparql.expr.TestFunctions2" time="0.004"/>
  <testcase name="lcase_02" classname="org.apache.jena.sparql.expr.TestFunctions2" time="0"/>
  <testcase name="lcase_03" classname="org.apache.jena.sparql.expr.TestFunctions2" time="0"/>
  <testcase name="lcase_04" classname="org.apache.jena.sparql.expr.TestFunctions2" time="0"/>
  <testcase name="seconds_dur_01" classname="org.apache.jena.sparql.expr.TestFunctions2" time="0.01"/>
  <testcase name="strlen_01" classname="org.apache.jena.sparql.expr.TestFunctions2" time="0.001"/>
  <testcase name="strlen_02" classname="org.apache.jena.sparql.expr.TestFunctions2" time="0"/>
  <testcase name="round_01" classname="org.apache.jena.sparql.expr.TestFunctions2" time="0.003"/>
  <testcase name="round_02" classname="org.apache.jena.sparql.expr.TestFunctions2" time="0.001"/>
  <testcase name="round_03" classname="org.apache.jena.sparql.expr.TestFunctions2" time="0"/>
  <testcase name="round_04" classname="org.apache.jena.sparql.expr.TestFunctions2" time="0.001"/>
  <testcase name="round_05" classname="org.apache.jena.sparql.expr.TestFunctions2" time="0"/>
  <testcase name="tz_01" classname="org.apache.jena.sparql.expr.TestFunctions2" time="0.001"/>
  <testcase name="tz_02" classname="org.apache.jena.sparql.expr.TestFunctions2" time="0"/>
  <testcase name="tz_03" classname="org.apache.jena.sparql.expr.TestFunctions2" time="0"/>
  <testcase name="tz_04" classname="org.apache.jena.sparql.expr.TestFunctions2" time="0.001"/>
  <testcase name="tz_05" classname="org.apache.jena.sparql.expr.TestFunctions2" time="0"/>
  <testcase name="tz_06" classname="org.apache.jena.sparql.expr.TestFunctions2" time="0"/>
  <testcase name="tz_10" classname="org.apache.jena.sparql.expr.TestFunctions2" time="0"/>
  <testcase name="tz_11" classname="org.apache.jena.sparql.expr.TestFunctions2" time="0.001"/>
  <testcase name="day_dur_01" classname="org.apache.jena.sparql.expr.TestFunctions2" time="0"/>
  <testcase name="contains_01" classname="org.apache.jena.sparql.expr.TestFunctions2" time="0"/>
  <testcase name="contains_02" classname="org.apache.jena.sparql.expr.TestFunctions2" time="0"/>
  <testcase name="contains_03" classname="org.apache.jena.sparql.expr.TestFunctions2" time="0.001"/>
  <testcase name="contains_04" classname="org.apache.jena.sparql.expr.TestFunctions2" time="0"/>
  <testcase name="contains_05" classname="org.apache.jena.sparql.expr.TestFunctions2" time="0"/>
  <testcase name="contains_06" classname="org.apache.jena.sparql.expr.TestFunctions2" time="0"/>
  <testcase name="contains_07" classname="org.apache.jena.sparql.expr.TestFunctions2" time="0"/>
  <testcase name="contains_08" classname="org.apache.jena.sparql.expr.TestFunctions2" time="0"/>
  <testcase name="contains_10" classname="org.apache.jena.sparql.expr.TestFunctions2" time="0"/>
  <testcase name="contains_11" classname="org.apache.jena.sparql.expr.TestFunctions2" time="0.001"/>
  <testcase name="contains_12" classname="org.apache.jena.sparql.expr.TestFunctions2" time="0"/>
  <testcase name="contains_13" classname="org.apache.jena.sparql.expr.TestFunctions2" time="0"/>
  <testcase name="contains_14" classname="org.apache.jena.sparql.expr.TestFunctions2" time="0"/>
  <testcase name="contains_15" classname="org.apache.jena.sparql.expr.TestFunctions2" time="0"/>
  <testcase name="contains_16" classname="org.apache.jena.sparql.expr.TestFunctions2" time="0"/>
  <testcase name="contains_17" classname="org.apache.jena.sparql.expr.TestFunctions2" time="0.001"/>
  <testcase name="contains_18" classname="org.apache.jena.sparql.expr.TestFunctions2" time="0"/>
  <testcase name="contains_20" classname="org.apache.jena.sparql.expr.TestFunctions2" time="0"/>
  <testcase name="contains_21" classname="org.apache.jena.sparql.expr.TestFunctions2" time="0"/>
  <testcase name="seconds_01" classname="org.apache.jena.sparql.expr.TestFunctions2" time="0.001"/>
  <testcase name="seconds_02" classname="org.apache.jena.sparql.expr.TestFunctions2" time="0"/>
  <testcase name="seconds_03" classname="org.apache.jena.sparql.expr.TestFunctions2" time="0"/>
  <testcase name="seconds_10" classname="org.apache.jena.sparql.expr.TestFunctions2" time="0"/>
  <testcase name="seconds_11" classname="org.apache.jena.sparql.expr.TestFunctions2" time="0.001"/>
  <testcase name="seconds_20" classname="org.apache.jena.sparql.expr.TestFunctions2" time="0"/>
  <testcase name="seconds_21" classname="org.apache.jena.sparql.expr.TestFunctions2" time="0"/>
  <testcase name="substr_01" classname="org.apache.jena.sparql.expr.TestFunctions2" time="0.015"/>
  <testcase name="substr_02" classname="org.apache.jena.sparql.expr.TestFunctions2" time="0"/>
  <testcase name="substr_03" classname="org.apache.jena.sparql.expr.TestFunctions2" time="0.001"/>
  <testcase name="substr_04" classname="org.apache.jena.sparql.expr.TestFunctions2" time="0"/>
  <testcase name="substr_05" classname="org.apache.jena.sparql.expr.TestFunctions2" time="0"/>
  <testcase name="substr_06" classname="org.apache.jena.sparql.expr.TestFunctions2" time="0"/>
  <testcase name="substr_10" classname="org.apache.jena.sparql.expr.TestFunctions2" time="0"/>
  <testcase name="substr_11" classname="org.apache.jena.sparql.expr.TestFunctions2" time="0"/>
  <testcase name="substr_12" classname="org.apache.jena.sparql.expr.TestFunctions2" time="0.001"/>
  <testcase name="substr_13" classname="org.apache.jena.sparql.expr.TestFunctions2" time="0"/>
  <testcase name="substr_14" classname="org.apache.jena.sparql.expr.TestFunctions2" time="0"/>
  <testcase name="substr_15" classname="org.apache.jena.sparql.expr.TestFunctions2" time="0"/>
  <testcase name="substr_16" classname="org.apache.jena.sparql.expr.TestFunctions2" time="0.001"/>
  <testcase name="substr_17" classname="org.apache.jena.sparql.expr.TestFunctions2" time="0"/>
  <testcase name="substr_18" classname="org.apache.jena.sparql.expr.TestFunctions2" time="0"/>
  <testcase name="substr_20" classname="org.apache.jena.sparql.expr.TestFunctions2" time="0.001"/>
  <testcase name="substr_21" classname="org.apache.jena.sparql.expr.TestFunctions2" time="0"/>
  <testcase name="substr_22" classname="org.apache.jena.sparql.expr.TestFunctions2" time="0"/>
  <testcase name="ceil_01" classname="org.apache.jena.sparql.expr.TestFunctions2" time="0.024"/>
  <testcase name="ceil_02" classname="org.apache.jena.sparql.expr.TestFunctions2" time="0"/>
  <testcase name="ceil_03" classname="org.apache.jena.sparql.expr.TestFunctions2" time="0.001"/>
  <testcase name="ceil_04" classname="org.apache.jena.sparql.expr.TestFunctions2" time="0"/>
  <testcase name="ceil_05" classname="org.apache.jena.sparql.expr.TestFunctions2" time="0"/>
  <testcase name="ceil_06" classname="org.apache.jena.sparql.expr.TestFunctions2" time="0"/>
  <testcase name="ceil_07" classname="org.apache.jena.sparql.expr.TestFunctions2" time="0.001"/>
  <testcase name="ceil_08" classname="org.apache.jena.sparql.expr.TestFunctions2" time="0"/>
  <testcase name="sha256_01" classname="org.apache.jena.sparql.expr.TestFunctions2" time="0.01"/>
  <testcase name="sha256_02" classname="org.apache.jena.sparql.expr.TestFunctions2" time="0"/>
  <testcase name="sha256_03" classname="org.apache.jena.sparql.expr.TestFunctions2" time="0"/>
  <testcase name="sha256_04" classname="org.apache.jena.sparql.expr.TestFunctions2" time="0.001"/>
  <testcase name="sha384_01" classname="org.apache.jena.sparql.expr.TestFunctions2" time="0.017"/>
  <testcase name="sha384_02" classname="org.apache.jena.sparql.expr.TestFunctions2" time="0"/>
  <testcase name="sha384_03" classname="org.apache.jena.sparql.expr.TestFunctions2" time="0.001"/>
  <testcase name="sha384_04" classname="org.apache.jena.sparql.expr.TestFunctions2" time="0"/>
  <testcase name="strstarts_01" classname="org.apache.jena.sparql.expr.TestFunctions2" time="0"/>
  <testcase name="strstarts_02" classname="org.apache.jena.sparql.expr.TestFunctions2" time="0"/>
  <testcase name="strstarts_03" classname="org.apache.jena.sparql.expr.TestFunctions2" time="0.001"/>
  <testcase name="strstarts_04" classname="org.apache.jena.sparql.expr.TestFunctions2" time="0"/>
  <testcase name="strstarts_05" classname="org.apache.jena.sparql.expr.TestFunctions2" time="0"/>
  <testcase name="strstarts_06" classname="org.apache.jena.sparql.expr.TestFunctions2" time="0"/>
  <testcase name="strstarts_10" classname="org.apache.jena.sparql.expr.TestFunctions2" time="0"/>
  <testcase name="strstarts_11" classname="org.apache.jena.sparql.expr.TestFunctions2" time="0"/>
  <testcase name="strstarts_12" classname="org.apache.jena.sparql.expr.TestFunctions2" time="0.001"/>
  <testcase name="strstarts_13" classname="org.apache.jena.sparql.expr.TestFunctions2" time="0"/>
  <testcase name="strstarts_14" classname="org.apache.jena.sparql.expr.TestFunctions2" time="0"/>
  <testcase name="strstarts_15" classname="org.apache.jena.sparql.expr.TestFunctions2" time="0"/>
  <testcase name="strstarts_16" classname="org.apache.jena.sparql.expr.TestFunctions2" time="0"/>
  <testcase name="strstarts_17" classname="org.apache.jena.sparql.expr.TestFunctions2" time="0.001"/>
  <testcase name="strstarts_18" classname="org.apache.jena.sparql.expr.TestFunctions2" time="0"/>
  <testcase name="strstarts_20" classname="org.apache.jena.sparql.expr.TestFunctions2" time="0"/>
  <testcase name="strstarts_21" classname="org.apache.jena.sparql.expr.TestFunctions2" time="0"/>
  <testcase name="sha512_01" classname="org.apache.jena.sparql.expr.TestFunctions2" time="0.002"/>
  <testcase name="sha512_02" classname="org.apache.jena.sparql.expr.TestFunctions2" time="0.001"/>
  <testcase name="sha512_03" classname="org.apache.jena.sparql.expr.TestFunctions2" time="0"/>
  <testcase name="sha512_04" classname="org.apache.jena.sparql.expr.TestFunctions2" time="0"/>
  <testcase name="hours_dur_01" classname="org.apache.jena.sparql.expr.TestFunctions2" time="0.001"/>
  <testcase name="minutes_01" classname="org.apache.jena.sparql.expr.TestFunctions2" time="0"/>
  <testcase name="minutes_02" classname="org.apache.jena.sparql.expr.TestFunctions2" time="0"/>
  <testcase name="minutes_03" classname="org.apache.jena.sparql.expr.TestFunctions2" time="0.001"/>
  <testcase name="minutes_10" classname="org.apache.jena.sparql.expr.TestFunctions2" time="0"/>
  <testcase name="minutes_11" classname="org.apache.jena.sparql.expr.TestFunctions2" time="0"/>
  <testcase name="minutes_20" classname="org.apache.jena.sparql.expr.TestFunctions2" time="0"/>
  <testcase name="minutes_21" classname="org.apache.jena.sparql.expr.TestFunctions2" time="0"/>
  <testcase name="floor_01" classname="org.apache.jena.sparql.expr.TestFunctions2" time="0.015"/>
  <testcase name="floor_02" classname="org.apache.jena.sparql.expr.TestFunctions2" time="0"/>
  <testcase name="floor_03" classname="org.apache.jena.sparql.expr.TestFunctions2" time="0"/>
  <testcase name="floor_04" classname="org.apache.jena.sparql.expr.TestFunctions2" time="0"/>
  <testcase name="floor_05" classname="org.apache.jena.sparql.expr.TestFunctions2" time="0"/>
  <testcase name="floor_06" classname="org.apache.jena.sparql.expr.TestFunctions2" time="0"/>
  <testcase name="floor_07" classname="org.apache.jena.sparql.expr.TestFunctions2" time="0"/>
  <testcase name="floor_08" classname="org.apache.jena.sparql.expr.TestFunctions2" time="0"/>
  <testcase name="sha1_01" classname="org.apache.jena.sparql.expr.TestFunctions2" time="0.001"/>
  <testcase name="sha1_02" classname="org.apache.jena.sparql.expr.TestFunctions2" time="0.001"/>
  <testcase name="sha1_03" classname="org.apache.jena.sparql.expr.TestFunctions2" time="0"/>
  <testcase name="sha1_04" classname="org.apache.jena.sparql.expr.TestFunctions2" time="0"/>
  <testcase name="sqrt_01" classname="org.apache.jena.sparql.expr.TestLeviathanFunctions" time="0.008"/>
  <testcase name="sqrt_02" classname="org.apache.jena.sparql.expr.TestLeviathanFunctions" time="0.001"/>
  <testcase name="cos_01" classname="org.apache.jena.sparql.expr.TestLeviathanFunctions" time="0.039"/>
  <testcase name="acos_01" classname="org.apache.jena.sparql.expr.TestLeviathanFunctions" time="0.024"/>
  <testcase name="log_01" classname="org.apache.jena.sparql.expr.TestLeviathanFunctions" time="0.001"/>
  <testcase name="log_02" classname="org.apache.jena.sparql.expr.TestLeviathanFunctions" time="0"/>
  <testcase name="log_03" classname="org.apache.jena.sparql.expr.TestLeviathanFunctions" time="0"/>
  <testcase name="log_04" classname="org.apache.jena.sparql.expr.TestLeviathanFunctions" time="0.001"/>
  <testcase name="log_05" classname="org.apache.jena.sparql.expr.TestLeviathanFunctions" time="0"/>
  <testcase name="log_06" classname="org.apache.jena.sparql.expr.TestLeviathanFunctions" time="0"/>
  <testcase name="reciprocal_01" classname="org.apache.jena.sparql.expr.TestLeviathanFunctions" time="0.012"/>
  <testcase name="reciprocal_02" classname="org.apache.jena.sparql.expr.TestLeviathanFunctions" time="0"/>
  <testcase name="reciprocal_03" classname="org.apache.jena.sparql.expr.TestLeviathanFunctions" time="0.001"/>
  <testcase name="pow_01" classname="org.apache.jena.sparql.expr.TestLeviathanFunctions" time="0.015"/>
  <testcase name="pow_02" classname="org.apache.jena.sparql.expr.TestLeviathanFunctions" time="0"/>
  <testcase name="cartesian_01" classname="org.apache.jena.sparql.expr.TestLeviathanFunctions" time="0.006"/>
  <testcase name="cartesian_02" classname="org.apache.jena.sparql.expr.TestLeviathanFunctions" time="0.001"/>
  <testcase name="cartesian_03" classname="org.apache.jena.sparql.expr.TestLeviathanFunctions" time="0"/>
  <testcase name="cartesian_04" classname="org.apache.jena.sparql.expr.TestLeviathanFunctions" time="0"/>
  <testcase name="cartesian_05" classname="org.apache.jena.sparql.expr.TestLeviathanFunctions" time="0"/>
  <testcase name="e_01" classname="org.apache.jena.sparql.expr.TestLeviathanFunctions" time="0.014"/>
  <testcase name="sq_01" classname="org.apache.jena.sparql.expr.TestLeviathanFunctions" time="0.025"/>
  <testcase name="sq_02" classname="org.apache.jena.sparql.expr.TestLeviathanFunctions" time="0"/>
  <testcase name="sq_03" classname="org.apache.jena.sparql.expr.TestLeviathanFunctions" time="0"/>
  <testcase name="cube_01" classname="org.apache.jena.sparql.expr.TestLeviathanFunctions" time="0.013"/>
  <testcase name="cube_02" classname="org.apache.jena.sparql.expr.TestLeviathanFunctions" time="0"/>
  <testcase name="cube_03" classname="org.apache.jena.sparql.expr.TestLeviathanFunctions" time="0.001"/>
  <testcase name="root_01" classname="org.apache.jena.sparql.expr.TestLeviathanFunctions" time="0.012"/>
  <testcase name="root_02" classname="org.apache.jena.sparql.expr.TestLeviathanFunctions" time="0"/>
  <testcase name="root_03" classname="org.apache.jena.sparql.expr.TestLeviathanFunctions" time="0"/>
  <testcase name="factorial_01" classname="org.apache.jena.sparql.expr.TestLeviathanFunctions" time="0.013"/>
  <testcase name="factorial_02" classname="org.apache.jena.sparql.expr.TestLeviathanFunctions" time="0"/>
  <testcase name="factorial_03" classname="org.apache.jena.sparql.expr.TestLeviathanFunctions" time="0"/>
  <testcase name="factorial_04" classname="org.apache.jena.sparql.expr.TestLeviathanFunctions" time="0"/>
  <testcase name="factorial_05" classname="org.apache.jena.sparql.expr.TestLeviathanFunctions" time="0"/>
  <testcase name="factorial_06" classname="org.apache.jena.sparql.expr.TestLeviathanFunctions" time="0.001"/>
  <testcase name="nv_add_1" classname="org.apache.jena.sparql.expr.TestNodeValueOps" time="0"/>
  <testcase name="nv_add_2" classname="org.apache.jena.sparql.expr.TestNodeValueOps" time="0"/>
  <testcase name="nv_add_3" classname="org.apache.jena.sparql.expr.TestNodeValueOps" time="0"/>
  <testcase name="nv_add_4" classname="org.apache.jena.sparql.expr.TestNodeValueOps" time="0"/>
  <testcase name="nv_div_1" classname="org.apache.jena.sparql.expr.TestNodeValueOps" time="0"/>
  <testcase name="nv_div_2" classname="org.apache.jena.sparql.expr.TestNodeValueOps" time="0"/>
  <testcase name="nv_sub_1" classname="org.apache.jena.sparql.expr.TestNodeValueOps" time="0"/>
  <testcase name="nv_sub_2" classname="org.apache.jena.sparql.expr.TestNodeValueOps" time="0"/>
  <testcase name="nv_sub_3" classname="org.apache.jena.sparql.expr.TestNodeValueOps" time="0"/>
  <testcase name="nv_add_10" classname="org.apache.jena.sparql.expr.TestNodeValueOps" time="0"/>
  <testcase name="nv_add_20" classname="org.apache.jena.sparql.expr.TestNodeValueOps" time="0"/>
  <testcase name="nv_add_21" classname="org.apache.jena.sparql.expr.TestNodeValueOps" time="0"/>
  <testcase name="nv_add_22" classname="org.apache.jena.sparql.expr.TestNodeValueOps" time="0"/>
  <testcase name="nv_add_23" classname="org.apache.jena.sparql.expr.TestNodeValueOps" time="0.001"/>
  <testcase name="nv_add_24" classname="org.apache.jena.sparql.expr.TestNodeValueOps" time="0"/>
  <testcase name="nv_add_25" classname="org.apache.jena.sparql.expr.TestNodeValueOps" time="0"/>
  <testcase name="nv_add_26" classname="org.apache.jena.sparql.expr.TestNodeValueOps" time="0"/>
  <testcase name="nv_add_50" classname="org.apache.jena.sparql.expr.TestNodeValueOps" time="0"/>
  <testcase name="nv_add_51" classname="org.apache.jena.sparql.expr.TestNodeValueOps" time="0.001"/>
  <testcase name="nv_add_52" classname="org.apache.jena.sparql.expr.TestNodeValueOps" time="0"/>
  <testcase name="nv_mult_1" classname="org.apache.jena.sparql.expr.TestNodeValueOps" time="0"/>
  <testcase name="nv_mult_2" classname="org.apache.jena.sparql.expr.TestNodeValueOps" time="0"/>
  <testcase name="nv_mult_3" classname="org.apache.jena.sparql.expr.TestNodeValueOps" time="0"/>
  <testcase name="nv_sub_20" classname="org.apache.jena.sparql.expr.TestNodeValueOps" time="0"/>
  <testcase name="nv_sub_21" classname="org.apache.jena.sparql.expr.TestNodeValueOps" time="0.001"/>
  <testcase name="nv_sub_22" classname="org.apache.jena.sparql.expr.TestNodeValueOps" time="0"/>
  <testcase name="nv_sub_23" classname="org.apache.jena.sparql.expr.TestNodeValueOps" time="0"/>
  <testcase name="nv_sub_30" classname="org.apache.jena.sparql.expr.TestNodeValueOps" time="0"/>
  <testcase name="nv_sub_31" classname="org.apache.jena.sparql.expr.TestNodeValueOps" time="0"/>
  <testcase name="nv_sub_32" classname="org.apache.jena.sparql.expr.TestNodeValueOps" time="0.001"/>
  <testcase name="nv_sub_33" classname="org.apache.jena.sparql.expr.TestNodeValueOps" time="0"/>
  <testcase name="nv_sub_50" classname="org.apache.jena.sparql.expr.TestNodeValueOps" time="0"/>
  <testcase name="test_xsd_string1" classname="org.apache.jena.sparql.expr.TestOrdering" time="0"/>
  <testcase name="test_xsd_string2" classname="org.apache.jena.sparql.expr.TestOrdering" time="0"/>
  <testcase name="test_xsd_string3" classname="org.apache.jena.sparql.expr.TestOrdering" time="0"/>
  <testcase name="test_xsd_string4" classname="org.apache.jena.sparql.expr.TestOrdering" time="0"/>
  <testcase name="test_xsd_string5" classname="org.apache.jena.sparql.expr.TestOrdering" time="0"/>
  <testcase name="testComp_byte_double_1" classname="org.apache.jena.sparql.expr.TestOrdering" time="0"/>
  <testcase name="testComp_int_float_1" classname="org.apache.jena.sparql.expr.TestOrdering" time="0"/>
  <testcase name="testComp_3_str3" classname="org.apache.jena.sparql.expr.TestOrdering" time="0"/>
  <testcase name="test_variable1" classname="org.apache.jena.sparql.expr.TestOrdering" time="0"/>
  <testcase name="test_variable2" classname="org.apache.jena.sparql.expr.TestOrdering" time="0"/>
  <testcase name="test_variable3" classname="org.apache.jena.sparql.expr.TestOrdering" time="0"/>
  <testcase name="test_variable4" classname="org.apache.jena.sparql.expr.TestOrdering" time="0"/>
  <testcase name="test_variable5" classname="org.apache.jena.sparql.expr.TestOrdering" time="0"/>
  <testcase name="testComp_2_3" classname="org.apache.jena.sparql.expr.TestOrdering" time="0"/>
  <testcase name="testComp_int_posint_1" classname="org.apache.jena.sparql.expr.TestOrdering" time="0"/>
  <testcase name="testComp_int_posint_2" classname="org.apache.jena.sparql.expr.TestOrdering" time="0"/>
  <testcase name="testComp_int_double_1" classname="org.apache.jena.sparql.expr.TestOrdering" time="0"/>
  <testcase name="test_lang1" classname="org.apache.jena.sparql.expr.TestOrdering" time="0"/>
  <testcase name="test_lang2" classname="org.apache.jena.sparql.expr.TestOrdering" time="0"/>
  <testcase name="test_lang3" classname="org.apache.jena.sparql.expr.TestOrdering" time="0"/>
  <testcase name="test_lang4" classname="org.apache.jena.sparql.expr.TestOrdering" time="0"/>
  <testcase name="test_lang5" classname="org.apache.jena.sparql.expr.TestOrdering" time="0"/>
  <testcase name="test_lang6" classname="org.apache.jena.sparql.expr.TestOrdering" time="0"/>
  <testcase name="test_lang7" classname="org.apache.jena.sparql.expr.TestOrdering" time="0"/>
  <testcase name="test_lang8" classname="org.apache.jena.sparql.expr.TestOrdering" time="0"/>
  <testcase name="testComp_03_str3" classname="org.apache.jena.sparql.expr.TestOrdering" time="0"/>
  <testcase name="testRegexErr1" classname="org.apache.jena.sparql.expr.TestRegex" time="0"/>
  <testcase name="testRegexErr2" classname="org.apache.jena.sparql.expr.TestRegex" time="0"/>
  <testcase name="testRegex1" classname="org.apache.jena.sparql.expr.TestRegex" time="0"/>
  <testcase name="testRegex2" classname="org.apache.jena.sparql.expr.TestRegex" time="0.001"/>
  <testcase name="testRegex3" classname="org.apache.jena.sparql.expr.TestRegex" time="0"/>
  <testcase name="testRegex4" classname="org.apache.jena.sparql.expr.TestRegex" time="0"/>
  <testcase name="testRegex5" classname="org.apache.jena.sparql.expr.TestRegex" time="0"/>
  <testcase name="testRegex6" classname="org.apache.jena.sparql.expr.TestRegex" time="0"/>
  <testcase name="testRegex7" classname="org.apache.jena.sparql.expr.TestRegex" time="0"/>
  <testcase name="testRegex8" classname="org.apache.jena.sparql.expr.TestRegex" time="0"/>
  <testcase name="testAddDoubleDouble" classname="org.apache.jena.sparql.expr.TestXSDFuncOp" time="0"/>
  <testcase name="cast_gregorian_01" classname="org.apache.jena.sparql.expr.TestXSDFuncOp" time="0"/>
  <testcase name="cast_gregorian_02" classname="org.apache.jena.sparql.expr.TestXSDFuncOp" time="0"/>
  <testcase name="cast_gregorian_03" classname="org.apache.jena.sparql.expr.TestXSDFuncOp" time="0"/>
  <testcase name="cast_gregorian_04" classname="org.apache.jena.sparql.expr.TestXSDFuncOp" time="0.001"/>
  <testcase name="cast_gregorian_05" classname="org.apache.jena.sparql.expr.TestXSDFuncOp" time="0"/>
  <testcase name="cast_gregorian_06" classname="org.apache.jena.sparql.expr.TestXSDFuncOp" time="0"/>
  <testcase name="cast_gregorian_07" classname="org.apache.jena.sparql.expr.TestXSDFuncOp" time="0"/>
  <testcase name="cast_gregorian_08" classname="org.apache.jena.sparql.expr.TestXSDFuncOp" time="0"/>
  <testcase name="cast_gregorian_10" classname="org.apache.jena.sparql.expr.TestXSDFuncOp" time="0"/>
  <testcase name="cast_gregorian_11" classname="org.apache.jena.sparql.expr.TestXSDFuncOp" time="0"/>
  <testcase name="cast_gregorian_12" classname="org.apache.jena.sparql.expr.TestXSDFuncOp" time="0"/>
  <testcase name="cast_gregorian_13" classname="org.apache.jena.sparql.expr.TestXSDFuncOp" time="0.001"/>
  <testcase name="cast_gregorian_14" classname="org.apache.jena.sparql.expr.TestXSDFuncOp" time="0"/>
  <testcase name="cast_gregorian_15" classname="org.apache.jena.sparql.expr.TestXSDFuncOp" time="0"/>
  <testcase name="cast_gregorian_16" classname="org.apache.jena.sparql.expr.TestXSDFuncOp" time="0"/>
  <testcase name="cast_gregorian_21" classname="org.apache.jena.sparql.expr.TestXSDFuncOp" time="0"/>
  <testcase name="cast_gregorian_22" classname="org.apache.jena.sparql.expr.TestXSDFuncOp" time="0"/>
  <testcase name="cast_gregorian_23" classname="org.apache.jena.sparql.expr.TestXSDFuncOp" time="0.001"/>
  <testcase name="cast_gregorian_24" classname="org.apache.jena.sparql.expr.TestXSDFuncOp" time="0"/>
  <testcase name="cast_gregorian_25" classname="org.apache.jena.sparql.expr.TestXSDFuncOp" time="0"/>
  <testcase name="cast_gregorian_31" classname="org.apache.jena.sparql.expr.TestXSDFuncOp" time="0"/>
  <testcase name="cast_gregorian_32" classname="org.apache.jena.sparql.expr.TestXSDFuncOp" time="0"/>
  <testcase name="cast_gregorian_33" classname="org.apache.jena.sparql.expr.TestXSDFuncOp" time="0"/>
  <testcase name="cast_gregorian_34" classname="org.apache.jena.sparql.expr.TestXSDFuncOp" time="0"/>
  <testcase name="cast_gregorian_35" classname="org.apache.jena.sparql.expr.TestXSDFuncOp" time="0"/>
  <testcase name="testCompareGeneral1" classname="org.apache.jena.sparql.expr.TestXSDFuncOp" time="0"/>
  <testcase name="testCompareGeneral2" classname="org.apache.jena.sparql.expr.TestXSDFuncOp" time="0.001"/>
  <testcase name="testCompareGeneral3" classname="org.apache.jena.sparql.expr.TestXSDFuncOp" time="0"/>
  <testcase name="testCompareGeneral4" classname="org.apache.jena.sparql.expr.TestXSDFuncOp" time="0"/>
  <testcase name="testSqrt1" classname="org.apache.jena.sparql.expr.TestXSDFuncOp" time="0"/>
  <testcase name="testSqrt2" classname="org.apache.jena.sparql.expr.TestXSDFuncOp" time="0"/>
  <testcase name="testAbs1" classname="org.apache.jena.sparql.expr.TestXSDFuncOp" time="0"/>
  <testcase name="testAbs2" classname="org.apache.jena.sparql.expr.TestXSDFuncOp" time="0"/>
  <testcase name="testAbs3" classname="org.apache.jena.sparql.expr.TestXSDFuncOp" time="0"/>
  <testcase name="testAbs4" classname="org.apache.jena.sparql.expr.TestXSDFuncOp" time="0"/>
  <testcase name="testAbs5" classname="org.apache.jena.sparql.expr.TestXSDFuncOp" time="0"/>
  <testcase name="testAbs6" classname="org.apache.jena.sparql.expr.TestXSDFuncOp" time="0.001"/>
  <testcase name="testAbs7" classname="org.apache.jena.sparql.expr.TestXSDFuncOp" time="0"/>
  <testcase name="testAbs8" classname="org.apache.jena.sparql.expr.TestXSDFuncOp" time="0"/>
  <testcase name="testDivideIntegerInteger" classname="org.apache.jena.sparql.expr.TestXSDFuncOp" time="0"/>
  <testcase name="testCompare10" classname="org.apache.jena.sparql.expr.TestXSDFuncOp" time="0"/>
  <testcase name="testCompare11" classname="org.apache.jena.sparql.expr.TestXSDFuncOp" time="0"/>
  <testcase name="testCompare12" classname="org.apache.jena.sparql.expr.TestXSDFuncOp" time="0.001"/>
  <testcase name="testCompare15" classname="org.apache.jena.sparql.expr.TestXSDFuncOp" time="0"/>
  <testcase name="testCompare16" classname="org.apache.jena.sparql.expr.TestXSDFuncOp" time="0"/>
  <testcase name="testCompare17" classname="org.apache.jena.sparql.expr.TestXSDFuncOp" time="0"/>
  <testcase name="testCompare18" classname="org.apache.jena.sparql.expr.TestXSDFuncOp" time="0"/>
  <testcase name="testCompare20" classname="org.apache.jena.sparql.expr.TestXSDFuncOp" time="0.001"/>
  <testcase name="testCompare21" classname="org.apache.jena.sparql.expr.TestXSDFuncOp" time="0"/>
  <testcase name="testCompare22" classname="org.apache.jena.sparql.expr.TestXSDFuncOp" time="0"/>
  <testcase name="testCompare23" classname="org.apache.jena.sparql.expr.TestXSDFuncOp" time="0"/>
  <testcase name="cast_err_gregorian_01" classname="org.apache.jena.sparql.expr.TestXSDFuncOp" time="0"/>
  <testcase name="testCeiling1" classname="org.apache.jena.sparql.expr.TestXSDFuncOp" time="0"/>
  <testcase name="testCeiling2" classname="org.apache.jena.sparql.expr.TestXSDFuncOp" time="0"/>
  <testcase name="testCeiling3" classname="org.apache.jena.sparql.expr.TestXSDFuncOp" time="0"/>
  <testcase name="testCeiling4" classname="org.apache.jena.sparql.expr.TestXSDFuncOp" time="0"/>
  <testcase name="testCeiling5" classname="org.apache.jena.sparql.expr.TestXSDFuncOp" time="0"/>
  <testcase name="testDivideByZero1" classname="org.apache.jena.sparql.expr.TestXSDFuncOp" time="0"/>
  <testcase name="testDivideByZero2" classname="org.apache.jena.sparql.expr.TestXSDFuncOp" time="0"/>
  <testcase name="testDivideByZero4" classname="org.apache.jena.sparql.expr.TestXSDFuncOp" time="0"/>
  <testcase name="testAddDecimalDouble" classname="org.apache.jena.sparql.expr.TestXSDFuncOp" time="0.001"/>
  <testcase name="testSameUnknown_1" classname="org.apache.jena.sparql.expr.TestXSDFuncOp" time="0"/>
  <testcase name="testSameUnknown_2" classname="org.apache.jena.sparql.expr.TestXSDFuncOp" time="0"/>
  <testcase name="testCompare1" classname="org.apache.jena.sparql.expr.TestXSDFuncOp" time="0"/>
  <testcase name="testCompare2" classname="org.apache.jena.sparql.expr.TestXSDFuncOp" time="0"/>
  <testcase name="testCompare3" classname="org.apache.jena.sparql.expr.TestXSDFuncOp" time="0"/>
  <testcase name="testCompare4" classname="org.apache.jena.sparql.expr.TestXSDFuncOp" time="0"/>
  <testcase name="testCompare5" classname="org.apache.jena.sparql.expr.TestXSDFuncOp" time="0"/>
  <testcase name="testCompareDuration_01" classname="org.apache.jena.sparql.expr.TestXSDFuncOp" time="0.002"/>
  <testcase name="testCompareDuration_02" classname="org.apache.jena.sparql.expr.TestXSDFuncOp" time="0"/>
  <testcase name="testCompareDuration_03" classname="org.apache.jena.sparql.expr.TestXSDFuncOp" time="0"/>
  <testcase name="testCompareDuration_04" classname="org.apache.jena.sparql.expr.TestXSDFuncOp" time="0.001"/>
  <testcase name="testCompareDuration_05" classname="org.apache.jena.sparql.expr.TestXSDFuncOp" time="0"/>
  <testcase name="testCompareDuration_06" classname="org.apache.jena.sparql.expr.TestXSDFuncOp" time="0.001"/>
  <testcase name="testMultiplyDoubleDecimal" classname="org.apache.jena.sparql.expr.TestXSDFuncOp" time="0"/>
  <testcase name="testAddDoubleDecimal" classname="org.apache.jena.sparql.expr.TestXSDFuncOp" time="0"/>
  <testcase name="testSubtractDecimalInteger" classname="org.apache.jena.sparql.expr.TestXSDFuncOp" time="0"/>
  <testcase name="testAddDecimalDecimal" classname="org.apache.jena.sparql.expr.TestXSDFuncOp" time="0"/>
  <testcase name="testSameDateTime_1" classname="org.apache.jena.sparql.expr.TestXSDFuncOp" time="0"/>
  <testcase name="testSameDateTime_2" classname="org.apache.jena.sparql.expr.TestXSDFuncOp" time="0"/>
  <testcase name="testSameDateTime_3" classname="org.apache.jena.sparql.expr.TestXSDFuncOp" time="0.001"/>
  <testcase name="testSameDateTime_4" classname="org.apache.jena.sparql.expr.TestXSDFuncOp" time="0"/>
  <testcase name="testSameDateTime_5" classname="org.apache.jena.sparql.expr.TestXSDFuncOp" time="0"/>
  <testcase name="testAddIntegerDecimal" classname="org.apache.jena.sparql.expr.TestXSDFuncOp" time="0"/>
  <testcase name="testAddDoubleInteger" classname="org.apache.jena.sparql.expr.TestXSDFuncOp" time="0"/>
  <testcase name="testAddFloatFloat" classname="org.apache.jena.sparql.expr.TestXSDFuncOp" time="0"/>
  <testcase name="testAddIntegerFloat" classname="org.apache.jena.sparql.expr.TestXSDFuncOp" time="0"/>
  <testcase name="testAddFloatDecimal" classname="org.apache.jena.sparql.expr.TestXSDFuncOp" time="0"/>
  <testcase name="testAddDecimalInteger" classname="org.apache.jena.sparql.expr.TestXSDFuncOp" time="0"/>
  <testcase name="testAddIntegerInteger" classname="org.apache.jena.sparql.expr.TestXSDFuncOp" time="0"/>
  <testcase name="testFloor1" classname="org.apache.jena.sparql.expr.TestXSDFuncOp" time="0"/>
  <testcase name="testFloor2" classname="org.apache.jena.sparql.expr.TestXSDFuncOp" time="0"/>
  <testcase name="testFloor3" classname="org.apache.jena.sparql.expr.TestXSDFuncOp" time="0"/>
  <testcase name="testFloor4" classname="org.apache.jena.sparql.expr.TestXSDFuncOp" time="0"/>
  <testcase name="testFloor5" classname="org.apache.jena.sparql.expr.TestXSDFuncOp" time="0"/>
  <testcase name="testSameDate_1" classname="org.apache.jena.sparql.expr.TestXSDFuncOp" time="0"/>
  <testcase name="testSameDate_2" classname="org.apache.jena.sparql.expr.TestXSDFuncOp" time="0"/>
  <testcase name="testSameDate_3" classname="org.apache.jena.sparql.expr.TestXSDFuncOp" time="0"/>
  <testcase name="testAddFloatDouble" classname="org.apache.jena.sparql.expr.TestXSDFuncOp" time="0"/>
  <testcase name="testAddFloatInteger" classname="org.apache.jena.sparql.expr.TestXSDFuncOp" time="0"/>
  <testcase name="testSubtractDoubleDecimal" classname="org.apache.jena.sparql.expr.TestXSDFuncOp" time="0.001"/>
  <testcase name="testAddIntegerDouble" classname="org.apache.jena.sparql.expr.TestXSDFuncOp" time="0"/>
  <testcase name="cast_date_tz_01" classname="org.apache.jena.sparql.expr.TestXSDFuncOp" time="0"/>
  <testcase name="cast_date_tz_02" classname="org.apache.jena.sparql.expr.TestXSDFuncOp" time="0"/>
  <testcase name="cast_date_tz_03" classname="org.apache.jena.sparql.expr.TestXSDFuncOp" time="0"/>
  <testcase name="testAddDoubleFloat" classname="org.apache.jena.sparql.expr.TestXSDFuncOp" time="0"/>
  <testcase name="cast_time_tz_01" classname="org.apache.jena.sparql.expr.TestXSDFuncOp" time="0"/>
  <testcase name="cast_time_tz_02" classname="org.apache.jena.sparql.expr.TestXSDFuncOp" time="0"/>
  <testcase name="cast_time_tz_03" classname="org.apache.jena.sparql.expr.TestXSDFuncOp" time="0"/>
  <testcase name="testAddDecimalFloat" classname="org.apache.jena.sparql.expr.TestXSDFuncOp" time="0"/>
  <testcase name="testMultiplyDecimalInteger" classname="org.apache.jena.sparql.expr.TestXSDFuncOp" time="0"/>
  <testcase name="safeEqualityNot_01" classname="org.apache.jena.sparql.expr.TestExprLib" time="0"/>
  <testcase name="safeEqualityNot_02" classname="org.apache.jena.sparql.expr.TestExprLib" time="0"/>
  <testcase name="safeEqualityNot_03" classname="org.apache.jena.sparql.expr.TestExprLib" time="0"/>
  <testcase name="safeSameTerm_01" classname="org.apache.jena.sparql.expr.TestExprLib" time="0"/>
  <testcase name="safeSameTerm_02" classname="org.apache.jena.sparql.expr.TestExprLib" time="0"/>
  <testcase name="safeSameTerm_03" classname="org.apache.jena.sparql.expr.TestExprLib" time="0.001"/>
  <testcase name="safeSameTerm_04" classname="org.apache.jena.sparql.expr.TestExprLib" time="0"/>
  <testcase name="safeSameTerm_05" classname="org.apache.jena.sparql.expr.TestExprLib" time="0"/>
  <testcase name="safeSameTerm_06" classname="org.apache.jena.sparql.expr.TestExprLib" time="0"/>
  <testcase name="safeSameTerm_07" classname="org.apache.jena.sparql.expr.TestExprLib" time="0"/>
  <testcase name="safeSameTerm_08" classname="org.apache.jena.sparql.expr.TestExprLib" time="0"/>
  <testcase name="safeSameTerm_09" classname="org.apache.jena.sparql.expr.TestExprLib" time="0"/>
  <testcase name="safeSameTerm_10" classname="org.apache.jena.sparql.expr.TestExprLib" time="0"/>
  <testcase name="safeSameTerm_11" classname="org.apache.jena.sparql.expr.TestExprLib" time="0"/>
  <testcase name="safeSameTerm_12" classname="org.apache.jena.sparql.expr.TestExprLib" time="0.001"/>
  <testcase name="safeEquality_01" classname="org.apache.jena.sparql.expr.TestExprLib" time="0"/>
  <testcase name="safeEquality_02" classname="org.apache.jena.sparql.expr.TestExprLib" time="0"/>
  <testcase name="safeEquality_03" classname="org.apache.jena.sparql.expr.TestExprLib" time="0"/>
  <testcase name="safeEquality_04" classname="org.apache.jena.sparql.expr.TestExprLib" time="0"/>
  <testcase name="safeEquality_05" classname="org.apache.jena.sparql.expr.TestExprLib" time="0"/>
  <testcase name="safeEquality_06" classname="org.apache.jena.sparql.expr.TestExprLib" time="0"/>
  <testcase name="safeEquality_07" classname="org.apache.jena.sparql.expr.TestExprLib" time="0.001"/>
  <testcase name="safeEquality_08" classname="org.apache.jena.sparql.expr.TestExprLib" time="0"/>
  <testcase name="safeEquality_09" classname="org.apache.jena.sparql.expr.TestExprLib" time="0"/>
  <testcase name="safeEquality_10" classname="org.apache.jena.sparql.expr.TestExprLib" time="0"/>
  <testcase name="safeEquality_11" classname="org.apache.jena.sparql.expr.TestExprLib" time="0"/>
  <testcase name="safeEquality_12" classname="org.apache.jena.sparql.expr.TestExprLib" time="0"/>
  <testcase name="exprTransform_01" classname="org.apache.jena.sparql.expr.TestExprTransform" time="0"/>
  <testcase name="exprTransform_02" classname="org.apache.jena.sparql.expr.TestExprTransform" time="0"/>
  <testcase name="exprTransform_03" classname="org.apache.jena.sparql.expr.TestExprTransform" time="0"/>
  <testcase name="exprTransform_04" classname="org.apache.jena.sparql.expr.TestExprTransform" time="0.001"/>
  <testcase name="exprTransform_05" classname="org.apache.jena.sparql.expr.TestExprTransform" time="0"/>
  <testcase name="exprTransform_06" classname="org.apache.jena.sparql.expr.TestExprTransform" time="0"/>
  <testcase name="customAgg_1" classname="org.apache.jena.sparql.expr.TestCustomAggregates" time="0"/>
  <testcase name="customAgg_2" classname="org.apache.jena.sparql.expr.TestCustomAggregates" time="0"/>
  <testcase name="customAgg_10" classname="org.apache.jena.sparql.expr.TestCustomAggregates" time="0.002"/>
  <testcase name="customAgg_11" classname="org.apache.jena.sparql.expr.TestCustomAggregates" time="0.001"/>
  <testcase name="customAgg_12" classname="org.apache.jena.sparql.expr.TestCustomAggregates" time="0.003"/>
  <testcase name="customAgg_20" classname="org.apache.jena.sparql.expr.TestCustomAggregates" time="0.002"/>
  <testcase name="customAgg_21" classname="org.apache.jena.sparql.expr.TestCustomAggregates" time="0.002"/>
  <testcase name="customAgg_22" classname="org.apache.jena.sparql.expr.TestCustomAggregates" time="0"/>
  <testcase name="agg_stat_stdev_samp_kw_distinct" classname="org.apache.jena.sparql.expr.TestStatisticsAggregates" time="0.023"/>
  <testcase name="agg_stat_stdev_pop_kw_distinct" classname="org.apache.jena.sparql.expr.TestStatisticsAggregates" time="0.027"/>
  <testcase name="agg_stat_stdev_pop_size_one" classname="org.apache.jena.sparql.expr.TestStatisticsAggregates" time="0.002"/>
  <testcase name="agg_stat_var_size_one_1" classname="org.apache.jena.sparql.expr.TestStatisticsAggregates" time="0.001"/>
  <testcase name="agg_stat_stdev_empty" classname="org.apache.jena.sparql.expr.TestStatisticsAggregates" time="0.001"/>
  <testcase name="agg_stat_stdev_samp_uri_distinct" classname="org.apache.jena.sparql.expr.TestStatisticsAggregates" time="0.001"/>
  <testcase name="agg_stat_stdev_uri_distinct" classname="org.apache.jena.sparql.expr.TestStatisticsAggregates" time="0.002"/>
  <testcase name="agg_stat_stdev_agg" classname="org.apache.jena.sparql.expr.TestStatisticsAggregates" time="0.001"/>
  <testcase name="agg_stat_stdev_uri" classname="org.apache.jena.sparql.expr.TestStatisticsAggregates" time="0.001"/>
  <testcase name="agg_stat_stdev_samp_agg_distinct" classname="org.apache.jena.sparql.expr.TestStatisticsAggregates" time="0.002"/>
  <testcase name="agg_stat_stdev_agg_distinct" classname="org.apache.jena.sparql.expr.TestStatisticsAggregates" time="0.001"/>
  <testcase name="agg_stat_var_pop_agg" classname="org.apache.jena.sparql.expr.TestStatisticsAggregates" time="0.001"/>
  <testcase name="agg_stat_var_pop_uri" classname="org.apache.jena.sparql.expr.TestStatisticsAggregates" time="0.001"/>
  <testcase name="agg_stat_var_pop_kw_distinct" classname="org.apache.jena.sparql.expr.TestStatisticsAggregates" time="0.002"/>
  <testcase name="agg_stat_var_pop_uri_distinct" classname="org.apache.jena.sparql.expr.TestStatisticsAggregates" time="0.001"/>
  <testcase name="agg_stat_registry" classname="org.apache.jena.sparql.expr.TestStatisticsAggregates" time="0"/>
  <testcase name="agg_stat_stdev_samp_kw" classname="org.apache.jena.sparql.expr.TestStatisticsAggregates" time="0.002"/>
  <testcase name="agg_stat_stdev_samp_empty" classname="org.apache.jena.sparql.expr.TestStatisticsAggregates" time="0.001"/>
  <testcase name="agg_stat_var_pop_size_one" classname="org.apache.jena.sparql.expr.TestStatisticsAggregates" time="0.001"/>
  <testcase name="agg_stat_var_pop_agg_distinct" classname="org.apache.jena.sparql.expr.TestStatisticsAggregates" time="0.002"/>
  <testcase name="agg_stat_stdev_size_one" classname="org.apache.jena.sparql.expr.TestStatisticsAggregates" time="0.001"/>
  <testcase name="agg_stat_stdev_pop_uri_distinct" classname="org.apache.jena.sparql.expr.TestStatisticsAggregates" time="0.001"/>
  <testcase name="agg_stat_var_kw" classname="org.apache.jena.sparql.expr.TestStatisticsAggregates" time="0.001"/>
  <testcase name="agg_stat_var_uri_distinct" classname="org.apache.jena.sparql.expr.TestStatisticsAggregates" time="0.001"/>
  <testcase name="agg_stat_stdev_pop_empty" classname="org.apache.jena.sparql.expr.TestStatisticsAggregates" time="0"/>
  <testcase name="agg_stat_stdev_pop_agg_distinct" classname="org.apache.jena.sparql.expr.TestStatisticsAggregates" time="0.002"/>
  <testcase name="agg_stat_stdev_full_uri" classname="org.apache.jena.sparql.expr.TestStatisticsAggregates" time="0.001"/>
  <testcase name="agg_stat_var_kw_distinct" classname="org.apache.jena.sparql.expr.TestStatisticsAggregates" time="0.001"/>
  <testcase name="agg_stat_var_agg_distinct" classname="org.apache.jena.sparql.expr.TestStatisticsAggregates" time="0.001"/>
  <testcase name="agg_stat_stdev_pop_kw" classname="org.apache.jena.sparql.expr.TestStatisticsAggregates" time="0.001"/>
  <testcase name="agg_stat_stdev_kw_distinct" classname="org.apache.jena.sparql.expr.TestStatisticsAggregates" time="0.001"/>
  <testcase name="agg_stat_stdevp_uri" classname="org.apache.jena.sparql.expr.TestStatisticsAggregates" time="0.002"/>
  <testcase name="agg_stat_stdev_samp_agg" classname="org.apache.jena.sparql.expr.TestStatisticsAggregates" time="0.001"/>
  <testcase name="agg_stat_stdev_samp_uri" classname="org.apache.jena.sparql.expr.TestStatisticsAggregates" time="0.001"/>
  <testcase name="agg_stat_var_samp_agg" classname="org.apache.jena.sparql.expr.TestStatisticsAggregates" time="0.002"/>
  <testcase name="agg_stat_var_samp_uri" classname="org.apache.jena.sparql.expr.TestStatisticsAggregates" time="0.001"/>
  <testcase name="agg_stat_var_agg" classname="org.apache.jena.sparql.expr.TestStatisticsAggregates" time="0.001"/>
  <testcase name="agg_stat_var_uri" classname="org.apache.jena.sparql.expr.TestStatisticsAggregates" time="0.001"/>
  <testcase name="agg_stat_var_samp_uri_distinct" classname="org.apache.jena.sparql.expr.TestStatisticsAggregates" time="0.001"/>
  <testcase name="agg_stat_var_samp_kw" classname="org.apache.jena.sparql.expr.TestStatisticsAggregates" time="0.002"/>
  <testcase name="agg_stat_stdev_samp_size_one" classname="org.apache.jena.sparql.expr.TestStatisticsAggregates" time="0.001"/>
  <testcase name="agg_stat_stdev_kw" classname="org.apache.jena.sparql.expr.TestStatisticsAggregates" time="0.001"/>
  <testcase name="agg_stat_stdev_pop_agg" classname="org.apache.jena.sparql.expr.TestStatisticsAggregates" time="0.001"/>
  <testcase name="agg_stat_var_samp_agg_distinct" classname="org.apache.jena.sparql.expr.TestStatisticsAggregates" time="0.002"/>
  <testcase name="agg_stat_var_samp_kw_distinct" classname="org.apache.jena.sparql.expr.TestStatisticsAggregates" time="0.001"/>
  <testcase name="agg_stat_var_pop_kw" classname="org.apache.jena.sparql.expr.TestStatisticsAggregates" time="0.001"/>
</testsuite>